2023-01-02 09:13:25,582 INFO org.springframework.boot.StartupInfoLogger [restartedMain] Starting LdapManager using Java 17.0.4.1 on TI58805 with PID 11100 (/home/gustavo/Documentos/workspace-spring-tool-suite-4-4.13.0.RELEASE/ldapmanager/target/classes started by gustavo in /home/gustavo/Documentos/workspace-spring-tool-suite-4-4.13.0.RELEASE/ldapmanager)
2023-01-02 09:13:25,584 INFO org.springframework.boot.SpringApplication [restartedMain] No active profile set, falling back to 1 default profile: "default"
2023-01-02 09:13:25,762 INFO org.springframework.data.repository.config.RepositoryConfigurationDelegate [restartedMain] Multiple Spring Data modules found, entering strict repository configuration mode
2023-01-02 09:13:25,763 INFO org.springframework.data.repository.config.RepositoryConfigurationDelegate [restartedMain] Bootstrapping Spring Data JPA repositories in DEFAULT mode.
2023-01-02 09:13:25,778 INFO org.springframework.data.repository.config.RepositoryConfigurationDelegate [restartedMain] Finished Spring Data repository scanning in 14 ms. Found 4 JPA repository interfaces.
2023-01-02 09:13:25,779 INFO org.springframework.data.repository.config.RepositoryConfigurationDelegate [restartedMain] Multiple Spring Data modules found, entering strict repository configuration mode
2023-01-02 09:13:25,780 INFO org.springframework.data.repository.config.RepositoryConfigurationDelegate [restartedMain] Bootstrapping Spring Data LDAP repositories in DEFAULT mode.
2023-01-02 09:13:25,782 INFO org.springframework.data.repository.config.RepositoryConfigurationExtensionSupport [restartedMain] Spring Data LDAP - Could not safely identify store assignment for repository candidate interface br.edu.ifrs.ibiruba.ldapmanager.repositories.AlunoCursoRepository; If you want this repository to be a LDAP repository, consider annotating your entities with one of these annotations: org.springframework.ldap.odm.annotations.Entry (preferred), or consider extending one of the following types with your repository: org.springframework.data.ldap.repository.LdapRepository
2023-01-02 09:13:25,782 INFO org.springframework.data.repository.config.RepositoryConfigurationExtensionSupport [restartedMain] Spring Data LDAP - Could not safely identify store assignment for repository candidate interface br.edu.ifrs.ibiruba.ldapmanager.repositories.AlunoRepository; If you want this repository to be a LDAP repository, consider annotating your entities with one of these annotations: org.springframework.ldap.odm.annotations.Entry (preferred), or consider extending one of the following types with your repository: org.springframework.data.ldap.repository.LdapRepository
2023-01-02 09:13:25,782 INFO org.springframework.data.repository.config.RepositoryConfigurationExtensionSupport [restartedMain] Spring Data LDAP - Could not safely identify store assignment for repository candidate interface br.edu.ifrs.ibiruba.ldapmanager.repositories.ServidorCargoRepository; If you want this repository to be a LDAP repository, consider annotating your entities with one of these annotations: org.springframework.ldap.odm.annotations.Entry (preferred), or consider extending one of the following types with your repository: org.springframework.data.ldap.repository.LdapRepository
2023-01-02 09:13:25,783 INFO org.springframework.data.repository.config.RepositoryConfigurationExtensionSupport [restartedMain] Spring Data LDAP - Could not safely identify store assignment for repository candidate interface br.edu.ifrs.ibiruba.ldapmanager.repositories.ServidorRepository; If you want this repository to be a LDAP repository, consider annotating your entities with one of these annotations: org.springframework.ldap.odm.annotations.Entry (preferred), or consider extending one of the following types with your repository: org.springframework.data.ldap.repository.LdapRepository
2023-01-02 09:13:25,783 INFO org.springframework.data.repository.config.RepositoryConfigurationDelegate [restartedMain] Finished Spring Data repository scanning in 3 ms. Found 0 LDAP repository interfaces.
2023-01-02 09:13:25,901 INFO org.springframework.boot.web.embedded.tomcat.TomcatWebServer [restartedMain] Tomcat initialized with port(s): 8080 (http)
2023-01-02 09:13:25,903 INFO org.apache.juli.logging.DirectJDKLog [restartedMain] Initializing ProtocolHandler ["http-nio-8080"]
2023-01-02 09:13:25,904 INFO org.apache.juli.logging.DirectJDKLog [restartedMain] Starting service [Tomcat]
2023-01-02 09:13:25,904 INFO org.apache.juli.logging.DirectJDKLog [restartedMain] Starting Servlet engine: [Apache Tomcat/9.0.64]
2023-01-02 09:13:25,916 INFO org.apache.juli.logging.DirectJDKLog [restartedMain] Initializing Spring embedded WebApplicationContext
2023-01-02 09:13:25,916 INFO org.springframework.boot.web.servlet.context.ServletWebServerApplicationContext [restartedMain] Root WebApplicationContext: initialization completed in 330 ms
2023-01-02 09:13:25,958 INFO org.hibernate.jpa.internal.util.LogHelper [restartedMain] HHH000204: Processing PersistenceUnitInfo [name: default]
2023-01-02 09:13:25,965 INFO com.zaxxer.hikari.HikariDataSource [restartedMain] HikariPool-5 - Starting...
2023-01-02 09:13:25,991 INFO com.zaxxer.hikari.HikariDataSource [restartedMain] HikariPool-5 - Start completed.
2023-01-02 09:13:25,992 INFO org.hibernate.dialect.Dialect [restartedMain] HHH000400: Using dialect: org.hibernate.dialect.PostgreSQLDialect
2023-01-02 09:13:26,124 INFO org.hibernate.engine.transaction.jta.platform.internal.JtaPlatformInitiator [restartedMain] HHH000490: Using JtaPlatform implementation: [org.hibernate.engine.transaction.jta.platform.internal.NoJtaPlatform]
2023-01-02 09:13:26,124 INFO org.springframework.orm.jpa.AbstractEntityManagerFactoryBean [restartedMain] Initialized JPA EntityManagerFactory for persistence unit 'default'
2023-01-02 09:13:26,228 WARN org.springframework.boot.autoconfigure.orm.jpa.JpaBaseConfiguration$JpaWebConfiguration [restartedMain] spring.jpa.open-in-view is enabled by default. Therefore, database queries may be performed during view rendering. Explicitly configure spring.jpa.open-in-view to disable this warning
2023-01-02 09:13:26,407 INFO org.springframework.security.web.DefaultSecurityFilterChain [restartedMain] Will secure any request with [org.springframework.security.web.context.request.async.WebAsyncManagerIntegrationFilter@6a8179d2, org.springframework.security.web.context.SecurityContextPersistenceFilter@33455168, org.springframework.security.web.header.HeaderWriterFilter@60f7ad05, org.springframework.web.filter.CorsFilter@4e736db7, org.springframework.security.web.authentication.logout.LogoutFilter@5bb1652f, org.springframework.security.web.authentication.UsernamePasswordAuthenticationFilter@4b1a825e, org.springframework.security.web.savedrequest.RequestCacheAwareFilter@28c6bf78, org.springframework.security.web.servletapi.SecurityContextHolderAwareRequestFilter@7504b0e0, org.springframework.security.web.authentication.rememberme.RememberMeAuthenticationFilter@5cd196c1, org.springframework.security.web.authentication.AnonymousAuthenticationFilter@4e5cbe09, org.springframework.security.web.session.SessionManagementFilter@a840d96, org.springframework.security.web.access.ExceptionTranslationFilter@7e9cb088, org.springframework.security.web.access.intercept.FilterSecurityInterceptor@6fa1d9b5]
2023-01-02 09:13:26,477 INFO org.springframework.ldap.core.support.AbstractContextSource [restartedMain] Property 'userDn' not set - anonymous context will be used for read-write operations
2023-01-02 09:13:26,495 INFO org.springframework.boot.devtools.autoconfigure.OptionalLiveReloadServer [restartedMain] LiveReload server is running on port 35729
2023-01-02 09:13:26,508 INFO org.apache.juli.logging.DirectJDKLog [restartedMain] Starting ProtocolHandler ["http-nio-8080"]
2023-01-02 09:13:26,511 INFO org.springframework.boot.web.embedded.tomcat.TomcatWebServer [restartedMain] Tomcat started on port(s): 8080 (http) with context path ''
2023-01-02 09:13:26,517 INFO org.springframework.boot.StartupInfoLogger [restartedMain] Started LdapManager in 0.972 seconds (JVM running for 2684.584)
2023-01-02 09:13:26,519 INFO org.springframework.boot.devtools.autoconfigure.ConditionEvaluationDeltaLoggingListener [restartedMain] Condition evaluation unchanged
2023-01-02 09:14:20,012 INFO org.springframework.orm.jpa.AbstractEntityManagerFactoryBean [Thread-169] Closing JPA EntityManagerFactory for persistence unit 'default'
2023-01-02 09:14:20,013 INFO com.zaxxer.hikari.HikariDataSource [Thread-169] HikariPool-5 - Shutdown initiated...
2023-01-02 09:14:20,024 INFO com.zaxxer.hikari.HikariDataSource [Thread-169] HikariPool-5 - Shutdown completed.
