2023-08-01 08:21:15,487 INFO org.hibernate.validator.internal.util.Version [background-preinit] HV000001: Hibernate Validator 6.2.0.Final
2023-08-01 08:21:15,596 INFO org.springframework.boot.logging.DeferredLog [restartedMain] The Class-Path manifest attribute in C:\Users\gustavo.paulus\.m2\repository\javax\mail\mail\1.4\mail-1.4.jar referenced one or more files that do not exist: file:/C:/Users/gustavo.paulus/.m2/repository/javax/mail/mail/1.4/activation.jar
2023-08-01 08:21:15,598 INFO org.springframework.boot.logging.DeferredLog [restartedMain] Devtools property defaults active! Set 'spring.devtools.add-properties' to 'false' to disable
2023-08-01 08:21:15,600 INFO org.springframework.boot.logging.DeferredLog [restartedMain] For additional web related logging consider setting the 'logging.level.web' property to 'DEBUG'
2023-08-01 08:21:16,945 INFO org.springframework.data.repository.config.RepositoryConfigurationDelegate [restartedMain] Multiple Spring Data modules found, entering strict repository configuration mode!
2023-08-01 08:21:16,947 INFO org.springframework.data.repository.config.RepositoryConfigurationDelegate [restartedMain] Bootstrapping Spring Data JPA repositories in DEFAULT mode.
2023-08-01 08:21:17,078 INFO org.springframework.data.repository.config.RepositoryConfigurationDelegate [restartedMain] Finished Spring Data repository scanning in 117 ms. Found 4 JPA repository interfaces.
2023-08-01 08:21:17,091 INFO org.springframework.data.repository.config.RepositoryConfigurationDelegate [restartedMain] Multiple Spring Data modules found, entering strict repository configuration mode!
2023-08-01 08:21:17,092 INFO org.springframework.data.repository.config.RepositoryConfigurationDelegate [restartedMain] Bootstrapping Spring Data LDAP repositories in DEFAULT mode.
2023-08-01 08:21:17,109 INFO org.springframework.data.repository.config.RepositoryConfigurationExtensionSupport [restartedMain] Spring Data LDAP - Could not safely identify store assignment for repository candidate interface br.edu.ifrs.ibiruba.ldapmanager.repositories.AlunoCursoRepository. If you want this repository to be a LDAP repository, consider annotating your entities with one of these annotations: org.springframework.ldap.odm.annotations.Entry (preferred), or consider extending one of the following types with your repository: org.springframework.data.ldap.repository.LdapRepository.
2023-08-01 08:21:17,110 INFO org.springframework.data.repository.config.RepositoryConfigurationExtensionSupport [restartedMain] Spring Data LDAP - Could not safely identify store assignment for repository candidate interface br.edu.ifrs.ibiruba.ldapmanager.repositories.AlunoRepository. If you want this repository to be a LDAP repository, consider annotating your entities with one of these annotations: org.springframework.ldap.odm.annotations.Entry (preferred), or consider extending one of the following types with your repository: org.springframework.data.ldap.repository.LdapRepository.
2023-08-01 08:21:17,111 INFO org.springframework.data.repository.config.RepositoryConfigurationExtensionSupport [restartedMain] Spring Data LDAP - Could not safely identify store assignment for repository candidate interface br.edu.ifrs.ibiruba.ldapmanager.repositories.ServidorCargoRepository. If you want this repository to be a LDAP repository, consider annotating your entities with one of these annotations: org.springframework.ldap.odm.annotations.Entry (preferred), or consider extending one of the following types with your repository: org.springframework.data.ldap.repository.LdapRepository.
2023-08-01 08:21:17,112 INFO org.springframework.data.repository.config.RepositoryConfigurationExtensionSupport [restartedMain] Spring Data LDAP - Could not safely identify store assignment for repository candidate interface br.edu.ifrs.ibiruba.ldapmanager.repositories.ServidorRepository. If you want this repository to be a LDAP repository, consider annotating your entities with one of these annotations: org.springframework.ldap.odm.annotations.Entry (preferred), or consider extending one of the following types with your repository: org.springframework.data.ldap.repository.LdapRepository.
2023-08-01 08:21:17,113 INFO org.springframework.data.repository.config.RepositoryConfigurationDelegate [restartedMain] Finished Spring Data repository scanning in 19 ms. Found 0 LDAP repository interfaces.
2023-08-01 08:21:18,141 INFO org.springframework.boot.web.embedded.tomcat.TomcatWebServer [restartedMain] Tomcat initialized with port(s): 8080 (http)
2023-08-01 08:21:18,155 INFO org.apache.juli.logging.DirectJDKLog [restartedMain] Initializing ProtocolHandler ["http-nio-8080"]
2023-08-01 08:21:18,156 INFO org.apache.juli.logging.DirectJDKLog [restartedMain] Starting service [Tomcat]
2023-08-01 08:21:18,157 INFO org.apache.juli.logging.DirectJDKLog [restartedMain] Starting Servlet engine: [Apache Tomcat/9.0.52]
2023-08-01 08:21:18,290 INFO org.apache.juli.logging.DirectJDKLog [restartedMain] Initializing Spring embedded WebApplicationContext
2023-08-01 08:21:18,291 INFO org.springframework.boot.web.servlet.context.ServletWebServerApplicationContext [restartedMain] Root WebApplicationContext: initialization completed in 2690 ms
2023-08-01 08:21:18,389 WARN org.apache.juli.logging.DirectJDKLog [restartedMain] Cannot deserialize session attribute [SPRING_SECURITY_CONTEXT] for session [6ECC4629FD30B6893EC02FE810C52D5F]
2023-08-01 08:21:18,591 INFO org.hibernate.jpa.internal.util.LogHelper [restartedMain] HHH000204: Processing PersistenceUnitInfo [name: default]
2023-08-01 08:21:18,686 INFO org.hibernate.Version [restartedMain] HHH000412: Hibernate ORM core version 5.4.32.Final
2023-08-01 08:21:18,898 INFO org.hibernate.annotations.common.reflection.java.JavaReflectionManager [restartedMain] HCANN000001: Hibernate Commons Annotations {5.1.2.Final}
2023-08-01 08:21:19,079 INFO com.zaxxer.hikari.HikariDataSource [restartedMain] HikariPool-1 - Starting...
2023-08-01 08:21:19,475 INFO com.zaxxer.hikari.HikariDataSource [restartedMain] HikariPool-1 - Start completed.
2023-08-01 08:21:19,502 INFO org.hibernate.dialect.Dialect [restartedMain] HHH000400: Using dialect: org.hibernate.dialect.PostgreSQLDialect
2023-08-01 08:21:20,898 INFO org.hibernate.engine.transaction.jta.platform.internal.JtaPlatformInitiator [restartedMain] HHH000490: Using JtaPlatform implementation: [org.hibernate.engine.transaction.jta.platform.internal.NoJtaPlatform]
2023-08-01 08:21:20,910 INFO org.springframework.orm.jpa.AbstractEntityManagerFactoryBean [restartedMain] Initialized JPA EntityManagerFactory for persistence unit 'default'
2023-08-01 08:21:21,805 WARN org.springframework.boot.autoconfigure.orm.jpa.JpaBaseConfiguration$JpaWebConfiguration [restartedMain] spring.jpa.open-in-view is enabled by default. Therefore, database queries may be performed during view rendering. Explicitly configure spring.jpa.open-in-view to disable this warning
2023-08-01 08:21:22,374 INFO org.springframework.security.web.DefaultSecurityFilterChain [restartedMain] Will secure any request with [org.springframework.security.web.context.request.async.WebAsyncManagerIntegrationFilter@959cb58, org.springframework.security.web.context.SecurityContextPersistenceFilter@208102be, org.springframework.security.web.header.HeaderWriterFilter@48bdae93, org.springframework.web.filter.CorsFilter@409c9dc5, org.springframework.security.web.authentication.logout.LogoutFilter@5f7820aa, org.springframework.security.web.authentication.UsernamePasswordAuthenticationFilter@4c824cc, org.springframework.security.web.savedrequest.RequestCacheAwareFilter@34827ea7, org.springframework.security.web.servletapi.SecurityContextHolderAwareRequestFilter@35208d80, org.springframework.security.web.authentication.rememberme.RememberMeAuthenticationFilter@495675a8, org.springframework.security.web.authentication.AnonymousAuthenticationFilter@174ef902, org.springframework.security.web.session.SessionManagementFilter@6b203849, org.springframework.security.web.access.ExceptionTranslationFilter@402c87d1, org.springframework.security.web.access.intercept.FilterSecurityInterceptor@14c257f7]
2023-08-01 08:21:22,552 WARN org.thymeleaf.templatemode.TemplateMode [restartedMain] [THYMELEAF][restartedMain] Template Mode 'HTML5' is deprecated. Using Template Mode 'HTML' instead.
2023-08-01 08:21:22,690 INFO org.springframework.ldap.core.support.AbstractContextSource [restartedMain] Property 'userDn' not set - anonymous context will be used for read-write operations
2023-08-01 08:21:23,322 INFO org.springframework.boot.devtools.autoconfigure.OptionalLiveReloadServer [restartedMain] LiveReload server is running on port 35729
2023-08-01 08:21:23,362 INFO org.apache.juli.logging.DirectJDKLog [restartedMain] Starting ProtocolHandler ["http-nio-8080"]
2023-08-01 08:21:23,401 INFO org.springframework.boot.web.embedded.tomcat.TomcatWebServer [restartedMain] Tomcat started on port(s): 8080 (http) with context path ''
2023-08-01 08:23:36,752 INFO org.apache.juli.logging.DirectJDKLog [http-nio-8080-exec-1] Initializing Spring DispatcherServlet 'dispatcherServlet'
2023-08-01 08:23:36,752 INFO org.springframework.web.servlet.FrameworkServlet [http-nio-8080-exec-1] Initializing Servlet 'dispatcherServlet'
2023-08-01 08:23:36,754 INFO org.springframework.web.servlet.FrameworkServlet [http-nio-8080-exec-1] Completed initialization in 1 ms
2023-08-01 08:31:16,592 INFO org.springframework.orm.jpa.AbstractEntityManagerFactoryBean [SpringApplicationShutdownHook] Closing JPA EntityManagerFactory for persistence unit 'default'
2023-08-01 08:31:16,597 INFO com.zaxxer.hikari.HikariDataSource [SpringApplicationShutdownHook] HikariPool-1 - Shutdown initiated...
2023-08-01 08:31:16,636 INFO com.zaxxer.hikari.HikariDataSource [SpringApplicationShutdownHook] HikariPool-1 - Shutdown completed.
2023-08-01 08:31:32,831 INFO org.hibernate.validator.internal.util.Version [background-preinit] HV000001: Hibernate Validator 6.2.0.Final
2023-08-01 08:31:32,903 INFO org.springframework.boot.logging.DeferredLog [restartedMain] The Class-Path manifest attribute in C:\Users\gustavo.paulus\.m2\repository\javax\mail\mail\1.4\mail-1.4.jar referenced one or more files that do not exist: file:/C:/Users/gustavo.paulus/.m2/repository/javax/mail/mail/1.4/activation.jar
2023-08-01 08:31:32,904 INFO org.springframework.boot.logging.DeferredLog [restartedMain] Devtools property defaults active! Set 'spring.devtools.add-properties' to 'false' to disable
2023-08-01 08:31:32,904 INFO org.springframework.boot.logging.DeferredLog [restartedMain] For additional web related logging consider setting the 'logging.level.web' property to 'DEBUG'
2023-08-01 08:31:33,997 INFO org.springframework.data.repository.config.RepositoryConfigurationDelegate [restartedMain] Multiple Spring Data modules found, entering strict repository configuration mode!
2023-08-01 08:31:34,000 INFO org.springframework.data.repository.config.RepositoryConfigurationDelegate [restartedMain] Bootstrapping Spring Data JPA repositories in DEFAULT mode.
2023-08-01 08:31:34,110 INFO org.springframework.data.repository.config.RepositoryConfigurationDelegate [restartedMain] Finished Spring Data repository scanning in 99 ms. Found 4 JPA repository interfaces.
2023-08-01 08:31:34,121 INFO org.springframework.data.repository.config.RepositoryConfigurationDelegate [restartedMain] Multiple Spring Data modules found, entering strict repository configuration mode!
2023-08-01 08:31:34,129 INFO org.springframework.data.repository.config.RepositoryConfigurationDelegate [restartedMain] Bootstrapping Spring Data LDAP repositories in DEFAULT mode.
2023-08-01 08:31:34,153 INFO org.springframework.data.repository.config.RepositoryConfigurationExtensionSupport [restartedMain] Spring Data LDAP - Could not safely identify store assignment for repository candidate interface br.edu.ifrs.ibiruba.ldapmanager.repositories.AlunoCursoRepository. If you want this repository to be a LDAP repository, consider annotating your entities with one of these annotations: org.springframework.ldap.odm.annotations.Entry (preferred), or consider extending one of the following types with your repository: org.springframework.data.ldap.repository.LdapRepository.
2023-08-01 08:31:34,155 INFO org.springframework.data.repository.config.RepositoryConfigurationExtensionSupport [restartedMain] Spring Data LDAP - Could not safely identify store assignment for repository candidate interface br.edu.ifrs.ibiruba.ldapmanager.repositories.AlunoRepository. If you want this repository to be a LDAP repository, consider annotating your entities with one of these annotations: org.springframework.ldap.odm.annotations.Entry (preferred), or consider extending one of the following types with your repository: org.springframework.data.ldap.repository.LdapRepository.
2023-08-01 08:31:34,156 INFO org.springframework.data.repository.config.RepositoryConfigurationExtensionSupport [restartedMain] Spring Data LDAP - Could not safely identify store assignment for repository candidate interface br.edu.ifrs.ibiruba.ldapmanager.repositories.ServidorCargoRepository. If you want this repository to be a LDAP repository, consider annotating your entities with one of these annotations: org.springframework.ldap.odm.annotations.Entry (preferred), or consider extending one of the following types with your repository: org.springframework.data.ldap.repository.LdapRepository.
2023-08-01 08:31:34,159 INFO org.springframework.data.repository.config.RepositoryConfigurationExtensionSupport [restartedMain] Spring Data LDAP - Could not safely identify store assignment for repository candidate interface br.edu.ifrs.ibiruba.ldapmanager.repositories.ServidorRepository. If you want this repository to be a LDAP repository, consider annotating your entities with one of these annotations: org.springframework.ldap.odm.annotations.Entry (preferred), or consider extending one of the following types with your repository: org.springframework.data.ldap.repository.LdapRepository.
2023-08-01 08:31:34,162 INFO org.springframework.data.repository.config.RepositoryConfigurationDelegate [restartedMain] Finished Spring Data repository scanning in 31 ms. Found 0 LDAP repository interfaces.
2023-08-01 08:31:35,012 INFO org.springframework.boot.web.embedded.tomcat.TomcatWebServer [restartedMain] Tomcat initialized with port(s): 8080 (http)
2023-08-01 08:31:35,023 INFO org.apache.juli.logging.DirectJDKLog [restartedMain] Initializing ProtocolHandler ["http-nio-8080"]
2023-08-01 08:31:35,023 INFO org.apache.juli.logging.DirectJDKLog [restartedMain] Starting service [Tomcat]
2023-08-01 08:31:35,024 INFO org.apache.juli.logging.DirectJDKLog [restartedMain] Starting Servlet engine: [Apache Tomcat/9.0.52]
2023-08-01 08:31:35,150 INFO org.apache.juli.logging.DirectJDKLog [restartedMain] Initializing Spring embedded WebApplicationContext
2023-08-01 08:31:35,150 INFO org.springframework.boot.web.servlet.context.ServletWebServerApplicationContext [restartedMain] Root WebApplicationContext: initialization completed in 2245 ms
2023-08-01 08:31:35,239 WARN org.apache.juli.logging.DirectJDKLog [restartedMain] Cannot deserialize session attribute [SPRING_SECURITY_CONTEXT] for session [56E27636ED6DB45F45E96798837021C8]
2023-08-01 08:31:35,389 INFO org.hibernate.jpa.internal.util.LogHelper [restartedMain] HHH000204: Processing PersistenceUnitInfo [name: default]
2023-08-01 08:31:35,459 INFO org.hibernate.Version [restartedMain] HHH000412: Hibernate ORM core version 5.4.32.Final
2023-08-01 08:31:35,629 INFO org.hibernate.annotations.common.reflection.java.JavaReflectionManager [restartedMain] HCANN000001: Hibernate Commons Annotations {5.1.2.Final}
2023-08-01 08:31:35,798 INFO com.zaxxer.hikari.HikariDataSource [restartedMain] HikariPool-1 - Starting...
2023-08-01 08:31:36,105 INFO com.zaxxer.hikari.HikariDataSource [restartedMain] HikariPool-1 - Start completed.
2023-08-01 08:31:36,128 INFO org.hibernate.dialect.Dialect [restartedMain] HHH000400: Using dialect: org.hibernate.dialect.PostgreSQLDialect
2023-08-01 08:31:37,236 INFO org.hibernate.engine.transaction.jta.platform.internal.JtaPlatformInitiator [restartedMain] HHH000490: Using JtaPlatform implementation: [org.hibernate.engine.transaction.jta.platform.internal.NoJtaPlatform]
2023-08-01 08:31:37,247 INFO org.springframework.orm.jpa.AbstractEntityManagerFactoryBean [restartedMain] Initialized JPA EntityManagerFactory for persistence unit 'default'
2023-08-01 08:31:38,013 WARN org.springframework.boot.autoconfigure.orm.jpa.JpaBaseConfiguration$JpaWebConfiguration [restartedMain] spring.jpa.open-in-view is enabled by default. Therefore, database queries may be performed during view rendering. Explicitly configure spring.jpa.open-in-view to disable this warning
2023-08-01 08:31:38,516 INFO org.springframework.security.web.DefaultSecurityFilterChain [restartedMain] Will secure any request with [org.springframework.security.web.context.request.async.WebAsyncManagerIntegrationFilter@63caacc7, org.springframework.security.web.context.SecurityContextPersistenceFilter@18353e05, org.springframework.security.web.header.HeaderWriterFilter@38859631, org.springframework.web.filter.CorsFilter@3c8e12a6, org.springframework.security.web.authentication.logout.LogoutFilter@4d6c9b12, org.springframework.security.web.authentication.UsernamePasswordAuthenticationFilter@60f0c318, org.springframework.security.web.savedrequest.RequestCacheAwareFilter@398f4cae, org.springframework.security.web.servletapi.SecurityContextHolderAwareRequestFilter@15ff3391, org.springframework.security.web.authentication.rememberme.RememberMeAuthenticationFilter@4e8d56c1, org.springframework.security.web.authentication.AnonymousAuthenticationFilter@6139614e, org.springframework.security.web.session.SessionManagementFilter@1cf7a8c9, org.springframework.security.web.access.ExceptionTranslationFilter@28f0f9c2, org.springframework.security.web.access.intercept.FilterSecurityInterceptor@50763893]
2023-08-01 08:31:38,683 WARN org.thymeleaf.templatemode.TemplateMode [restartedMain] [THYMELEAF][restartedMain] Template Mode 'HTML5' is deprecated. Using Template Mode 'HTML' instead.
2023-08-01 08:31:38,814 INFO org.springframework.ldap.core.support.AbstractContextSource [restartedMain] Property 'userDn' not set - anonymous context will be used for read-write operations
2023-08-01 08:31:39,354 INFO org.springframework.boot.devtools.autoconfigure.OptionalLiveReloadServer [restartedMain] LiveReload server is running on port 35729
2023-08-01 08:31:39,382 INFO org.apache.juli.logging.DirectJDKLog [restartedMain] Starting ProtocolHandler ["http-nio-8080"]
2023-08-01 08:31:39,403 INFO org.springframework.boot.web.embedded.tomcat.TomcatWebServer [restartedMain] Tomcat started on port(s): 8080 (http) with context path ''
2023-08-01 08:31:56,446 INFO org.apache.juli.logging.DirectJDKLog [http-nio-8080-exec-1] Initializing Spring DispatcherServlet 'dispatcherServlet'
2023-08-01 08:31:56,446 INFO org.springframework.web.servlet.FrameworkServlet [http-nio-8080-exec-1] Initializing Servlet 'dispatcherServlet'
2023-08-01 08:31:56,447 INFO org.springframework.web.servlet.FrameworkServlet [http-nio-8080-exec-1] Completed initialization in 1 ms
2023-08-01 08:44:15,696 INFO org.springframework.orm.jpa.AbstractEntityManagerFactoryBean [SpringApplicationShutdownHook] Closing JPA EntityManagerFactory for persistence unit 'default'
2023-08-01 08:44:15,700 INFO com.zaxxer.hikari.HikariDataSource [SpringApplicationShutdownHook] HikariPool-1 - Shutdown initiated...
2023-08-01 08:44:15,712 INFO com.zaxxer.hikari.HikariDataSource [SpringApplicationShutdownHook] HikariPool-1 - Shutdown completed.
2023-08-01 08:44:28,225 INFO org.hibernate.validator.internal.util.Version [background-preinit] HV000001: Hibernate Validator 6.2.0.Final
2023-08-01 08:44:28,272 INFO org.springframework.boot.logging.DeferredLog [restartedMain] The Class-Path manifest attribute in C:\Users\gustavo.paulus\.m2\repository\javax\mail\mail\1.4\mail-1.4.jar referenced one or more files that do not exist: file:/C:/Users/gustavo.paulus/.m2/repository/javax/mail/mail/1.4/activation.jar
2023-08-01 08:44:28,272 INFO org.springframework.boot.logging.DeferredLog [restartedMain] Devtools property defaults active! Set 'spring.devtools.add-properties' to 'false' to disable
2023-08-01 08:44:28,273 INFO org.springframework.boot.logging.DeferredLog [restartedMain] For additional web related logging consider setting the 'logging.level.web' property to 'DEBUG'
2023-08-01 08:44:29,266 INFO org.springframework.data.repository.config.RepositoryConfigurationDelegate [restartedMain] Multiple Spring Data modules found, entering strict repository configuration mode!
2023-08-01 08:44:29,269 INFO org.springframework.data.repository.config.RepositoryConfigurationDelegate [restartedMain] Bootstrapping Spring Data JPA repositories in DEFAULT mode.
2023-08-01 08:44:29,367 INFO org.springframework.data.repository.config.RepositoryConfigurationDelegate [restartedMain] Finished Spring Data repository scanning in 89 ms. Found 4 JPA repository interfaces.
2023-08-01 08:44:29,376 INFO org.springframework.data.repository.config.RepositoryConfigurationDelegate [restartedMain] Multiple Spring Data modules found, entering strict repository configuration mode!
2023-08-01 08:44:29,378 INFO org.springframework.data.repository.config.RepositoryConfigurationDelegate [restartedMain] Bootstrapping Spring Data LDAP repositories in DEFAULT mode.
2023-08-01 08:44:29,395 INFO org.springframework.data.repository.config.RepositoryConfigurationExtensionSupport [restartedMain] Spring Data LDAP - Could not safely identify store assignment for repository candidate interface br.edu.ifrs.ibiruba.ldapmanager.repositories.AlunoCursoRepository. If you want this repository to be a LDAP repository, consider annotating your entities with one of these annotations: org.springframework.ldap.odm.annotations.Entry (preferred), or consider extending one of the following types with your repository: org.springframework.data.ldap.repository.LdapRepository.
2023-08-01 08:44:29,396 INFO org.springframework.data.repository.config.RepositoryConfigurationExtensionSupport [restartedMain] Spring Data LDAP - Could not safely identify store assignment for repository candidate interface br.edu.ifrs.ibiruba.ldapmanager.repositories.AlunoRepository. If you want this repository to be a LDAP repository, consider annotating your entities with one of these annotations: org.springframework.ldap.odm.annotations.Entry (preferred), or consider extending one of the following types with your repository: org.springframework.data.ldap.repository.LdapRepository.
2023-08-01 08:44:29,396 INFO org.springframework.data.repository.config.RepositoryConfigurationExtensionSupport [restartedMain] Spring Data LDAP - Could not safely identify store assignment for repository candidate interface br.edu.ifrs.ibiruba.ldapmanager.repositories.ServidorCargoRepository. If you want this repository to be a LDAP repository, consider annotating your entities with one of these annotations: org.springframework.ldap.odm.annotations.Entry (preferred), or consider extending one of the following types with your repository: org.springframework.data.ldap.repository.LdapRepository.
2023-08-01 08:44:29,397 INFO org.springframework.data.repository.config.RepositoryConfigurationExtensionSupport [restartedMain] Spring Data LDAP - Could not safely identify store assignment for repository candidate interface br.edu.ifrs.ibiruba.ldapmanager.repositories.ServidorRepository. If you want this repository to be a LDAP repository, consider annotating your entities with one of these annotations: org.springframework.ldap.odm.annotations.Entry (preferred), or consider extending one of the following types with your repository: org.springframework.data.ldap.repository.LdapRepository.
2023-08-01 08:44:29,397 INFO org.springframework.data.repository.config.RepositoryConfigurationDelegate [restartedMain] Finished Spring Data repository scanning in 18 ms. Found 0 LDAP repository interfaces.
2023-08-01 08:44:30,183 INFO org.springframework.boot.web.embedded.tomcat.TomcatWebServer [restartedMain] Tomcat initialized with port(s): 8080 (http)
2023-08-01 08:44:30,196 INFO org.apache.juli.logging.DirectJDKLog [restartedMain] Initializing ProtocolHandler ["http-nio-8080"]
2023-08-01 08:44:30,198 INFO org.apache.juli.logging.DirectJDKLog [restartedMain] Starting service [Tomcat]
2023-08-01 08:44:30,199 INFO org.apache.juli.logging.DirectJDKLog [restartedMain] Starting Servlet engine: [Apache Tomcat/9.0.52]
2023-08-01 08:44:30,345 INFO org.apache.juli.logging.DirectJDKLog [restartedMain] Initializing Spring embedded WebApplicationContext
2023-08-01 08:44:30,346 INFO org.springframework.boot.web.servlet.context.ServletWebServerApplicationContext [restartedMain] Root WebApplicationContext: initialization completed in 2073 ms
2023-08-01 08:44:30,414 WARN org.apache.juli.logging.DirectJDKLog [restartedMain] Cannot deserialize session attribute [SPRING_SECURITY_CONTEXT] for session [E3F059E77503970DF5EE2C8009DAD48B]
2023-08-01 08:44:30,569 INFO org.hibernate.jpa.internal.util.LogHelper [restartedMain] HHH000204: Processing PersistenceUnitInfo [name: default]
2023-08-01 08:44:30,628 INFO org.hibernate.Version [restartedMain] HHH000412: Hibernate ORM core version 5.4.32.Final
2023-08-01 08:44:30,776 INFO org.hibernate.annotations.common.reflection.java.JavaReflectionManager [restartedMain] HCANN000001: Hibernate Commons Annotations {5.1.2.Final}
2023-08-01 08:44:30,933 INFO com.zaxxer.hikari.HikariDataSource [restartedMain] HikariPool-1 - Starting...
2023-08-01 08:44:31,204 INFO com.zaxxer.hikari.HikariDataSource [restartedMain] HikariPool-1 - Start completed.
2023-08-01 08:44:31,225 INFO org.hibernate.dialect.Dialect [restartedMain] HHH000400: Using dialect: org.hibernate.dialect.PostgreSQLDialect
2023-08-01 08:44:32,327 INFO org.hibernate.engine.transaction.jta.platform.internal.JtaPlatformInitiator [restartedMain] HHH000490: Using JtaPlatform implementation: [org.hibernate.engine.transaction.jta.platform.internal.NoJtaPlatform]
2023-08-01 08:44:32,338 INFO org.springframework.orm.jpa.AbstractEntityManagerFactoryBean [restartedMain] Initialized JPA EntityManagerFactory for persistence unit 'default'
2023-08-01 08:44:33,066 WARN org.springframework.boot.autoconfigure.orm.jpa.JpaBaseConfiguration$JpaWebConfiguration [restartedMain] spring.jpa.open-in-view is enabled by default. Therefore, database queries may be performed during view rendering. Explicitly configure spring.jpa.open-in-view to disable this warning
2023-08-01 08:44:33,584 INFO org.springframework.security.web.DefaultSecurityFilterChain [restartedMain] Will secure any request with [org.springframework.security.web.context.request.async.WebAsyncManagerIntegrationFilter@33eb4c75, org.springframework.security.web.context.SecurityContextPersistenceFilter@50c56ea6, org.springframework.security.web.header.HeaderWriterFilter@543320be, org.springframework.web.filter.CorsFilter@4edbcccb, org.springframework.security.web.authentication.logout.LogoutFilter@5db8a61b, org.springframework.security.web.authentication.UsernamePasswordAuthenticationFilter@74db118e, org.springframework.security.web.savedrequest.RequestCacheAwareFilter@7227b235, org.springframework.security.web.servletapi.SecurityContextHolderAwareRequestFilter@1acb6752, org.springframework.security.web.authentication.rememberme.RememberMeAuthenticationFilter@7579fd8e, org.springframework.security.web.authentication.AnonymousAuthenticationFilter@671e745e, org.springframework.security.web.session.SessionManagementFilter@579a429c, org.springframework.security.web.access.ExceptionTranslationFilter@cf2edc8, org.springframework.security.web.access.intercept.FilterSecurityInterceptor@2de66301]
2023-08-01 08:44:33,762 WARN org.thymeleaf.templatemode.TemplateMode [restartedMain] [THYMELEAF][restartedMain] Template Mode 'HTML5' is deprecated. Using Template Mode 'HTML' instead.
2023-08-01 08:44:33,895 INFO org.springframework.ldap.core.support.AbstractContextSource [restartedMain] Property 'userDn' not set - anonymous context will be used for read-write operations
2023-08-01 08:44:34,482 INFO org.springframework.boot.devtools.autoconfigure.OptionalLiveReloadServer [restartedMain] LiveReload server is running on port 35729
2023-08-01 08:44:34,511 INFO org.apache.juli.logging.DirectJDKLog [restartedMain] Starting ProtocolHandler ["http-nio-8080"]
2023-08-01 08:44:34,532 INFO org.springframework.boot.web.embedded.tomcat.TomcatWebServer [restartedMain] Tomcat started on port(s): 8080 (http) with context path ''
2023-08-01 08:46:57,245 INFO org.springframework.orm.jpa.AbstractEntityManagerFactoryBean [SpringApplicationShutdownHook] Closing JPA EntityManagerFactory for persistence unit 'default'
2023-08-01 08:46:57,249 INFO com.zaxxer.hikari.HikariDataSource [SpringApplicationShutdownHook] HikariPool-1 - Shutdown initiated...
2023-08-01 08:46:57,263 INFO com.zaxxer.hikari.HikariDataSource [SpringApplicationShutdownHook] HikariPool-1 - Shutdown completed.
2023-08-01 08:47:05,832 INFO org.hibernate.validator.internal.util.Version [background-preinit] HV000001: Hibernate Validator 6.2.0.Final
2023-08-01 08:47:05,887 INFO org.springframework.boot.logging.DeferredLog [restartedMain] The Class-Path manifest attribute in C:\Users\gustavo.paulus\.m2\repository\javax\mail\mail\1.4\mail-1.4.jar referenced one or more files that do not exist: file:/C:/Users/gustavo.paulus/.m2/repository/javax/mail/mail/1.4/activation.jar
2023-08-01 08:47:05,888 INFO org.springframework.boot.logging.DeferredLog [restartedMain] Devtools property defaults active! Set 'spring.devtools.add-properties' to 'false' to disable
2023-08-01 08:47:05,888 INFO org.springframework.boot.logging.DeferredLog [restartedMain] For additional web related logging consider setting the 'logging.level.web' property to 'DEBUG'
2023-08-01 08:47:06,926 INFO org.springframework.data.repository.config.RepositoryConfigurationDelegate [restartedMain] Multiple Spring Data modules found, entering strict repository configuration mode!
2023-08-01 08:47:06,929 INFO org.springframework.data.repository.config.RepositoryConfigurationDelegate [restartedMain] Bootstrapping Spring Data JPA repositories in DEFAULT mode.
2023-08-01 08:47:07,028 INFO org.springframework.data.repository.config.RepositoryConfigurationDelegate [restartedMain] Finished Spring Data repository scanning in 89 ms. Found 4 JPA repository interfaces.
2023-08-01 08:47:07,038 INFO org.springframework.data.repository.config.RepositoryConfigurationDelegate [restartedMain] Multiple Spring Data modules found, entering strict repository configuration mode!
2023-08-01 08:47:07,040 INFO org.springframework.data.repository.config.RepositoryConfigurationDelegate [restartedMain] Bootstrapping Spring Data LDAP repositories in DEFAULT mode.
2023-08-01 08:47:07,082 INFO org.springframework.data.repository.config.RepositoryConfigurationExtensionSupport [restartedMain] Spring Data LDAP - Could not safely identify store assignment for repository candidate interface br.edu.ifrs.ibiruba.ldapmanager.repositories.AlunoCursoRepository. If you want this repository to be a LDAP repository, consider annotating your entities with one of these annotations: org.springframework.ldap.odm.annotations.Entry (preferred), or consider extending one of the following types with your repository: org.springframework.data.ldap.repository.LdapRepository.
2023-08-01 08:47:07,083 INFO org.springframework.data.repository.config.RepositoryConfigurationExtensionSupport [restartedMain] Spring Data LDAP - Could not safely identify store assignment for repository candidate interface br.edu.ifrs.ibiruba.ldapmanager.repositories.AlunoRepository. If you want this repository to be a LDAP repository, consider annotating your entities with one of these annotations: org.springframework.ldap.odm.annotations.Entry (preferred), or consider extending one of the following types with your repository: org.springframework.data.ldap.repository.LdapRepository.
2023-08-01 08:47:07,091 INFO org.springframework.data.repository.config.RepositoryConfigurationExtensionSupport [restartedMain] Spring Data LDAP - Could not safely identify store assignment for repository candidate interface br.edu.ifrs.ibiruba.ldapmanager.repositories.ServidorCargoRepository. If you want this repository to be a LDAP repository, consider annotating your entities with one of these annotations: org.springframework.ldap.odm.annotations.Entry (preferred), or consider extending one of the following types with your repository: org.springframework.data.ldap.repository.LdapRepository.
2023-08-01 08:47:07,094 INFO org.springframework.data.repository.config.RepositoryConfigurationExtensionSupport [restartedMain] Spring Data LDAP - Could not safely identify store assignment for repository candidate interface br.edu.ifrs.ibiruba.ldapmanager.repositories.ServidorRepository. If you want this repository to be a LDAP repository, consider annotating your entities with one of these annotations: org.springframework.ldap.odm.annotations.Entry (preferred), or consider extending one of the following types with your repository: org.springframework.data.ldap.repository.LdapRepository.
2023-08-01 08:47:07,095 INFO org.springframework.data.repository.config.RepositoryConfigurationDelegate [restartedMain] Finished Spring Data repository scanning in 54 ms. Found 0 LDAP repository interfaces.
2023-08-01 08:47:07,910 INFO org.springframework.boot.web.embedded.tomcat.TomcatWebServer [restartedMain] Tomcat initialized with port(s): 8080 (http)
2023-08-01 08:47:07,927 INFO org.apache.juli.logging.DirectJDKLog [restartedMain] Initializing ProtocolHandler ["http-nio-8080"]
2023-08-01 08:47:07,934 INFO org.apache.juli.logging.DirectJDKLog [restartedMain] Starting service [Tomcat]
2023-08-01 08:47:07,934 INFO org.apache.juli.logging.DirectJDKLog [restartedMain] Starting Servlet engine: [Apache Tomcat/9.0.52]
2023-08-01 08:47:08,060 INFO org.apache.juli.logging.DirectJDKLog [restartedMain] Initializing Spring embedded WebApplicationContext
2023-08-01 08:47:08,061 INFO org.springframework.boot.web.servlet.context.ServletWebServerApplicationContext [restartedMain] Root WebApplicationContext: initialization completed in 2172 ms
2023-08-01 08:47:08,314 INFO org.hibernate.jpa.internal.util.LogHelper [restartedMain] HHH000204: Processing PersistenceUnitInfo [name: default]
2023-08-01 08:47:08,381 INFO org.hibernate.Version [restartedMain] HHH000412: Hibernate ORM core version 5.4.32.Final
2023-08-01 08:47:08,600 INFO org.hibernate.annotations.common.reflection.java.JavaReflectionManager [restartedMain] HCANN000001: Hibernate Commons Annotations {5.1.2.Final}
2023-08-01 08:47:08,765 INFO com.zaxxer.hikari.HikariDataSource [restartedMain] HikariPool-1 - Starting...
2023-08-01 08:47:09,042 INFO com.zaxxer.hikari.HikariDataSource [restartedMain] HikariPool-1 - Start completed.
2023-08-01 08:47:09,064 INFO org.hibernate.dialect.Dialect [restartedMain] HHH000400: Using dialect: org.hibernate.dialect.PostgreSQLDialect
2023-08-01 08:47:10,218 INFO org.hibernate.engine.transaction.jta.platform.internal.JtaPlatformInitiator [restartedMain] HHH000490: Using JtaPlatform implementation: [org.hibernate.engine.transaction.jta.platform.internal.NoJtaPlatform]
2023-08-01 08:47:10,232 INFO org.springframework.orm.jpa.AbstractEntityManagerFactoryBean [restartedMain] Initialized JPA EntityManagerFactory for persistence unit 'default'
2023-08-01 08:47:11,039 WARN org.springframework.boot.autoconfigure.orm.jpa.JpaBaseConfiguration$JpaWebConfiguration [restartedMain] spring.jpa.open-in-view is enabled by default. Therefore, database queries may be performed during view rendering. Explicitly configure spring.jpa.open-in-view to disable this warning
2023-08-01 08:47:11,483 INFO org.springframework.security.web.DefaultSecurityFilterChain [restartedMain] Will secure any request with [org.springframework.security.web.context.request.async.WebAsyncManagerIntegrationFilter@2ac135ca, org.springframework.security.web.context.SecurityContextPersistenceFilter@b82b7a8, org.springframework.security.web.header.HeaderWriterFilter@1c701ba9, org.springframework.web.filter.CorsFilter@2d7f7035, org.springframework.security.web.authentication.logout.LogoutFilter@e95c05f, org.springframework.security.web.authentication.UsernamePasswordAuthenticationFilter@14387d09, org.springframework.security.web.savedrequest.RequestCacheAwareFilter@6ba5ef1c, org.springframework.security.web.servletapi.SecurityContextHolderAwareRequestFilter@261eb8a1, org.springframework.security.web.authentication.rememberme.RememberMeAuthenticationFilter@7a648b3a, org.springframework.security.web.authentication.AnonymousAuthenticationFilter@27fda4d8, org.springframework.security.web.session.SessionManagementFilter@6bd84d89, org.springframework.security.web.access.ExceptionTranslationFilter@97a820a, org.springframework.security.web.access.intercept.FilterSecurityInterceptor@69de229d]
2023-08-01 08:47:11,635 WARN org.thymeleaf.templatemode.TemplateMode [restartedMain] [THYMELEAF][restartedMain] Template Mode 'HTML5' is deprecated. Using Template Mode 'HTML' instead.
2023-08-01 08:47:11,729 INFO org.springframework.ldap.core.support.AbstractContextSource [restartedMain] Property 'userDn' not set - anonymous context will be used for read-write operations
2023-08-01 08:47:12,260 INFO org.springframework.boot.devtools.autoconfigure.OptionalLiveReloadServer [restartedMain] LiveReload server is running on port 35729
2023-08-01 08:47:12,286 INFO org.apache.juli.logging.DirectJDKLog [restartedMain] Starting ProtocolHandler ["http-nio-8080"]
2023-08-01 08:47:12,305 INFO org.springframework.boot.web.embedded.tomcat.TomcatWebServer [restartedMain] Tomcat started on port(s): 8080 (http) with context path ''
2023-08-01 08:48:05,279 INFO org.apache.juli.logging.DirectJDKLog [http-nio-8080-exec-1] Initializing Spring DispatcherServlet 'dispatcherServlet'
2023-08-01 08:48:05,280 INFO org.springframework.web.servlet.FrameworkServlet [http-nio-8080-exec-1] Initializing Servlet 'dispatcherServlet'
2023-08-01 08:48:05,282 INFO org.springframework.web.servlet.FrameworkServlet [http-nio-8080-exec-1] Completed initialization in 2 ms
2023-08-01 09:22:14,926 INFO org.springframework.orm.jpa.AbstractEntityManagerFactoryBean [Thread-5] Closing JPA EntityManagerFactory for persistence unit 'default'
2023-08-01 09:22:14,931 INFO com.zaxxer.hikari.HikariDataSource [Thread-5] HikariPool-1 - Shutdown initiated...
2023-08-01 09:22:14,947 INFO com.zaxxer.hikari.HikariDataSource [Thread-5] HikariPool-1 - Shutdown completed.
2023-08-01 11:04:38,365 INFO org.hibernate.validator.internal.util.Version [background-preinit] HV000001: Hibernate Validator 6.2.0.Final
2023-08-01 11:04:38,420 INFO org.springframework.boot.logging.DeferredLog [restartedMain] The Class-Path manifest attribute in C:\Users\gustavo.paulus\.m2\repository\javax\mail\mail\1.4\mail-1.4.jar referenced one or more files that do not exist: file:/C:/Users/gustavo.paulus/.m2/repository/javax/mail/mail/1.4/activation.jar
2023-08-01 11:04:38,421 INFO org.springframework.boot.logging.DeferredLog [restartedMain] Devtools property defaults active! Set 'spring.devtools.add-properties' to 'false' to disable
2023-08-01 11:04:38,422 INFO org.springframework.boot.logging.DeferredLog [restartedMain] For additional web related logging consider setting the 'logging.level.web' property to 'DEBUG'
2023-08-01 11:04:39,588 INFO org.springframework.data.repository.config.RepositoryConfigurationDelegate [restartedMain] Multiple Spring Data modules found, entering strict repository configuration mode!
2023-08-01 11:04:39,591 INFO org.springframework.data.repository.config.RepositoryConfigurationDelegate [restartedMain] Bootstrapping Spring Data JPA repositories in DEFAULT mode.
2023-08-01 11:04:39,698 INFO org.springframework.data.repository.config.RepositoryConfigurationDelegate [restartedMain] Finished Spring Data repository scanning in 94 ms. Found 4 JPA repository interfaces.
2023-08-01 11:04:39,708 INFO org.springframework.data.repository.config.RepositoryConfigurationDelegate [restartedMain] Multiple Spring Data modules found, entering strict repository configuration mode!
2023-08-01 11:04:39,709 INFO org.springframework.data.repository.config.RepositoryConfigurationDelegate [restartedMain] Bootstrapping Spring Data LDAP repositories in DEFAULT mode.
2023-08-01 11:04:39,726 INFO org.springframework.data.repository.config.RepositoryConfigurationExtensionSupport [restartedMain] Spring Data LDAP - Could not safely identify store assignment for repository candidate interface br.edu.ifrs.ibiruba.ldapmanager.repositories.AlunoCursoRepository. If you want this repository to be a LDAP repository, consider annotating your entities with one of these annotations: org.springframework.ldap.odm.annotations.Entry (preferred), or consider extending one of the following types with your repository: org.springframework.data.ldap.repository.LdapRepository.
2023-08-01 11:04:39,728 INFO org.springframework.data.repository.config.RepositoryConfigurationExtensionSupport [restartedMain] Spring Data LDAP - Could not safely identify store assignment for repository candidate interface br.edu.ifrs.ibiruba.ldapmanager.repositories.AlunoRepository. If you want this repository to be a LDAP repository, consider annotating your entities with one of these annotations: org.springframework.ldap.odm.annotations.Entry (preferred), or consider extending one of the following types with your repository: org.springframework.data.ldap.repository.LdapRepository.
2023-08-01 11:04:39,728 INFO org.springframework.data.repository.config.RepositoryConfigurationExtensionSupport [restartedMain] Spring Data LDAP - Could not safely identify store assignment for repository candidate interface br.edu.ifrs.ibiruba.ldapmanager.repositories.ServidorCargoRepository. If you want this repository to be a LDAP repository, consider annotating your entities with one of these annotations: org.springframework.ldap.odm.annotations.Entry (preferred), or consider extending one of the following types with your repository: org.springframework.data.ldap.repository.LdapRepository.
2023-08-01 11:04:39,729 INFO org.springframework.data.repository.config.RepositoryConfigurationExtensionSupport [restartedMain] Spring Data LDAP - Could not safely identify store assignment for repository candidate interface br.edu.ifrs.ibiruba.ldapmanager.repositories.ServidorRepository. If you want this repository to be a LDAP repository, consider annotating your entities with one of these annotations: org.springframework.ldap.odm.annotations.Entry (preferred), or consider extending one of the following types with your repository: org.springframework.data.ldap.repository.LdapRepository.
2023-08-01 11:04:39,730 INFO org.springframework.data.repository.config.RepositoryConfigurationDelegate [restartedMain] Finished Spring Data repository scanning in 20 ms. Found 0 LDAP repository interfaces.
2023-08-01 11:04:40,736 INFO org.springframework.boot.web.embedded.tomcat.TomcatWebServer [restartedMain] Tomcat initialized with port(s): 8080 (http)
2023-08-01 11:04:40,748 INFO org.apache.juli.logging.DirectJDKLog [restartedMain] Initializing ProtocolHandler ["http-nio-8080"]
2023-08-01 11:04:40,749 INFO org.apache.juli.logging.DirectJDKLog [restartedMain] Starting service [Tomcat]
2023-08-01 11:04:40,750 INFO org.apache.juli.logging.DirectJDKLog [restartedMain] Starting Servlet engine: [Apache Tomcat/9.0.52]
2023-08-01 11:04:40,876 INFO org.apache.juli.logging.DirectJDKLog [restartedMain] Initializing Spring embedded WebApplicationContext
2023-08-01 11:04:40,876 INFO org.springframework.boot.web.servlet.context.ServletWebServerApplicationContext [restartedMain] Root WebApplicationContext: initialization completed in 2454 ms
2023-08-01 11:04:41,163 INFO org.hibernate.jpa.internal.util.LogHelper [restartedMain] HHH000204: Processing PersistenceUnitInfo [name: default]
2023-08-01 11:04:41,234 INFO org.hibernate.Version [restartedMain] HHH000412: Hibernate ORM core version 5.4.32.Final
2023-08-01 11:04:41,507 INFO org.hibernate.annotations.common.reflection.java.JavaReflectionManager [restartedMain] HCANN000001: Hibernate Commons Annotations {5.1.2.Final}
2023-08-01 11:04:41,820 INFO com.zaxxer.hikari.HikariDataSource [restartedMain] HikariPool-1 - Starting...
2023-08-01 11:04:42,316 INFO com.zaxxer.hikari.HikariDataSource [restartedMain] HikariPool-1 - Start completed.
2023-08-01 11:04:42,343 INFO org.hibernate.dialect.Dialect [restartedMain] HHH000400: Using dialect: org.hibernate.dialect.PostgreSQLDialect
2023-08-01 11:04:43,804 INFO org.hibernate.engine.transaction.jta.platform.internal.JtaPlatformInitiator [restartedMain] HHH000490: Using JtaPlatform implementation: [org.hibernate.engine.transaction.jta.platform.internal.NoJtaPlatform]
2023-08-01 11:04:43,817 INFO org.springframework.orm.jpa.AbstractEntityManagerFactoryBean [restartedMain] Initialized JPA EntityManagerFactory for persistence unit 'default'
2023-08-01 11:04:44,844 WARN org.springframework.boot.autoconfigure.orm.jpa.JpaBaseConfiguration$JpaWebConfiguration [restartedMain] spring.jpa.open-in-view is enabled by default. Therefore, database queries may be performed during view rendering. Explicitly configure spring.jpa.open-in-view to disable this warning
2023-08-01 11:04:45,521 INFO org.springframework.security.web.DefaultSecurityFilterChain [restartedMain] Will secure any request with [org.springframework.security.web.context.request.async.WebAsyncManagerIntegrationFilter@2f9208f5, org.springframework.security.web.context.SecurityContextPersistenceFilter@50b12b99, org.springframework.security.web.header.HeaderWriterFilter@190fe393, org.springframework.web.filter.CorsFilter@5d356d60, org.springframework.security.web.authentication.logout.LogoutFilter@1f2adafb, org.springframework.security.web.authentication.UsernamePasswordAuthenticationFilter@7d13c1a2, org.springframework.security.web.savedrequest.RequestCacheAwareFilter@545c4bc9, org.springframework.security.web.servletapi.SecurityContextHolderAwareRequestFilter@64287eba, org.springframework.security.web.authentication.rememberme.RememberMeAuthenticationFilter@3c9892fd, org.springframework.security.web.authentication.AnonymousAuthenticationFilter@6ba757b6, org.springframework.security.web.session.SessionManagementFilter@69fb0ddd, org.springframework.security.web.access.ExceptionTranslationFilter@7698776c, org.springframework.security.web.access.intercept.FilterSecurityInterceptor@44e7b56b]
2023-08-01 11:04:45,744 WARN org.thymeleaf.templatemode.TemplateMode [restartedMain] [THYMELEAF][restartedMain] Template Mode 'HTML5' is deprecated. Using Template Mode 'HTML' instead.
2023-08-01 11:04:45,897 INFO org.springframework.ldap.core.support.AbstractContextSource [restartedMain] Property 'userDn' not set - anonymous context will be used for read-write operations
2023-08-01 11:04:46,598 INFO org.springframework.boot.devtools.autoconfigure.OptionalLiveReloadServer [restartedMain] LiveReload server is running on port 35729
2023-08-01 11:04:46,633 INFO org.apache.juli.logging.DirectJDKLog [restartedMain] Starting ProtocolHandler ["http-nio-8080"]
2023-08-01 11:04:46,660 INFO org.springframework.boot.web.embedded.tomcat.TomcatWebServer [restartedMain] Tomcat started on port(s): 8080 (http) with context path ''
2023-08-01 11:04:50,815 INFO org.apache.juli.logging.DirectJDKLog [http-nio-8080-exec-1] Initializing Spring DispatcherServlet 'dispatcherServlet'
2023-08-01 11:04:50,816 INFO org.springframework.web.servlet.FrameworkServlet [http-nio-8080-exec-1] Initializing Servlet 'dispatcherServlet'
2023-08-01 11:04:50,817 INFO org.springframework.web.servlet.FrameworkServlet [http-nio-8080-exec-1] Completed initialization in 1 ms
