2023-10-16 11:21:46,180 INFO org.hibernate.validator.internal.util.Version [background-preinit] HV000001: Hibernate Validator 6.2.0.Final
2023-10-16 11:21:46,239 INFO org.springframework.boot.logging.DeferredLog [restartedMain] The Class-Path manifest attribute in C:\Users\gustavo.paulus\.m2\repository\javax\mail\mail\1.4\mail-1.4.jar referenced one or more files that do not exist: file:/C:/Users/gustavo.paulus/.m2/repository/javax/mail/mail/1.4/activation.jar
2023-10-16 11:21:46,241 INFO org.springframework.boot.logging.DeferredLog [restartedMain] Devtools property defaults active! Set 'spring.devtools.add-properties' to 'false' to disable
2023-10-16 11:21:46,241 INFO org.springframework.boot.logging.DeferredLog [restartedMain] For additional web related logging consider setting the 'logging.level.web' property to 'DEBUG'
2023-10-16 11:21:47,567 INFO org.springframework.data.repository.config.RepositoryConfigurationDelegate [restartedMain] Multiple Spring Data modules found, entering strict repository configuration mode!
2023-10-16 11:21:47,568 INFO org.springframework.data.repository.config.RepositoryConfigurationDelegate [restartedMain] Bootstrapping Spring Data JPA repositories in DEFAULT mode.
2023-10-16 11:21:47,678 INFO org.springframework.data.repository.config.RepositoryConfigurationDelegate [restartedMain] Finished Spring Data repository scanning in 99 ms. Found 5 JPA repository interfaces.
2023-10-16 11:21:47,687 INFO org.springframework.data.repository.config.RepositoryConfigurationDelegate [restartedMain] Multiple Spring Data modules found, entering strict repository configuration mode!
2023-10-16 11:21:47,688 INFO org.springframework.data.repository.config.RepositoryConfigurationDelegate [restartedMain] Bootstrapping Spring Data LDAP repositories in DEFAULT mode.
2023-10-16 11:21:47,708 INFO org.springframework.data.repository.config.RepositoryConfigurationExtensionSupport [restartedMain] Spring Data LDAP - Could not safely identify store assignment for repository candidate interface br.edu.ifrs.ibiruba.ldapmanager.repositories.AlunoCursoRepository. If you want this repository to be a LDAP repository, consider annotating your entities with one of these annotations: org.springframework.ldap.odm.annotations.Entry (preferred), or consider extending one of the following types with your repository: org.springframework.data.ldap.repository.LdapRepository.
2023-10-16 11:21:47,709 INFO org.springframework.data.repository.config.RepositoryConfigurationExtensionSupport [restartedMain] Spring Data LDAP - Could not safely identify store assignment for repository candidate interface br.edu.ifrs.ibiruba.ldapmanager.repositories.AlunoRepository. If you want this repository to be a LDAP repository, consider annotating your entities with one of these annotations: org.springframework.ldap.odm.annotations.Entry (preferred), or consider extending one of the following types with your repository: org.springframework.data.ldap.repository.LdapRepository.
2023-10-16 11:21:47,711 INFO org.springframework.data.repository.config.RepositoryConfigurationExtensionSupport [restartedMain] Spring Data LDAP - Could not safely identify store assignment for repository candidate interface br.edu.ifrs.ibiruba.ldapmanager.repositories.ServidorAuthenticatorRepository. If you want this repository to be a LDAP repository, consider annotating your entities with one of these annotations: org.springframework.ldap.odm.annotations.Entry (preferred), or consider extending one of the following types with your repository: org.springframework.data.ldap.repository.LdapRepository.
2023-10-16 11:21:47,711 INFO org.springframework.data.repository.config.RepositoryConfigurationExtensionSupport [restartedMain] Spring Data LDAP - Could not safely identify store assignment for repository candidate interface br.edu.ifrs.ibiruba.ldapmanager.repositories.ServidorCargoRepository. If you want this repository to be a LDAP repository, consider annotating your entities with one of these annotations: org.springframework.ldap.odm.annotations.Entry (preferred), or consider extending one of the following types with your repository: org.springframework.data.ldap.repository.LdapRepository.
2023-10-16 11:21:47,712 INFO org.springframework.data.repository.config.RepositoryConfigurationExtensionSupport [restartedMain] Spring Data LDAP - Could not safely identify store assignment for repository candidate interface br.edu.ifrs.ibiruba.ldapmanager.repositories.ServidorRepository. If you want this repository to be a LDAP repository, consider annotating your entities with one of these annotations: org.springframework.ldap.odm.annotations.Entry (preferred), or consider extending one of the following types with your repository: org.springframework.data.ldap.repository.LdapRepository.
2023-10-16 11:21:47,713 INFO org.springframework.data.repository.config.RepositoryConfigurationDelegate [restartedMain] Finished Spring Data repository scanning in 22 ms. Found 0 LDAP repository interfaces.
2023-10-16 11:21:48,476 INFO org.springframework.boot.web.embedded.tomcat.TomcatWebServer [restartedMain] Tomcat initialized with port(s): 8080 (http)
2023-10-16 11:21:48,488 INFO org.apache.juli.logging.DirectJDKLog [restartedMain] Initializing ProtocolHandler ["http-nio-8080"]
2023-10-16 11:21:48,489 INFO org.apache.juli.logging.DirectJDKLog [restartedMain] Starting service [Tomcat]
2023-10-16 11:21:48,490 INFO org.apache.juli.logging.DirectJDKLog [restartedMain] Starting Servlet engine: [Apache Tomcat/9.0.52]
2023-10-16 11:21:48,589 INFO org.apache.juli.logging.DirectJDKLog [restartedMain] Initializing Spring embedded WebApplicationContext
2023-10-16 11:21:48,590 INFO org.springframework.boot.web.servlet.context.ServletWebServerApplicationContext [restartedMain] Root WebApplicationContext: initialization completed in 2348 ms
2023-10-16 11:21:48,775 INFO org.hibernate.jpa.internal.util.LogHelper [restartedMain] HHH000204: Processing PersistenceUnitInfo [name: default]
2023-10-16 11:21:48,847 INFO org.hibernate.Version [restartedMain] HHH000412: Hibernate ORM core version 5.4.32.Final
2023-10-16 11:21:49,021 INFO org.hibernate.annotations.common.reflection.java.JavaReflectionManager [restartedMain] HCANN000001: Hibernate Commons Annotations {5.1.2.Final}
2023-10-16 11:21:49,155 INFO com.zaxxer.hikari.HikariDataSource [restartedMain] HikariPool-1 - Starting...
2023-10-16 11:21:49,568 INFO com.zaxxer.hikari.HikariDataSource [restartedMain] HikariPool-1 - Start completed.
2023-10-16 11:21:49,590 INFO org.hibernate.dialect.Dialect [restartedMain] HHH000400: Using dialect: org.hibernate.dialect.PostgreSQLDialect
2023-10-16 11:21:50,660 INFO org.hibernate.engine.transaction.jta.platform.internal.JtaPlatformInitiator [restartedMain] HHH000490: Using JtaPlatform implementation: [org.hibernate.engine.transaction.jta.platform.internal.NoJtaPlatform]
2023-10-16 11:21:50,670 INFO org.springframework.orm.jpa.AbstractEntityManagerFactoryBean [restartedMain] Initialized JPA EntityManagerFactory for persistence unit 'default'
2023-10-16 11:21:51,386 WARN org.springframework.boot.autoconfigure.orm.jpa.JpaBaseConfiguration$JpaWebConfiguration [restartedMain] spring.jpa.open-in-view is enabled by default. Therefore, database queries may be performed during view rendering. Explicitly configure spring.jpa.open-in-view to disable this warning
2023-10-16 11:21:51,827 INFO org.springframework.security.web.DefaultSecurityFilterChain [restartedMain] Will secure any request with [org.springframework.security.web.context.request.async.WebAsyncManagerIntegrationFilter@18593b0, org.springframework.security.web.context.SecurityContextPersistenceFilter@757c3fa9, org.springframework.security.web.header.HeaderWriterFilter@740b12c5, org.springframework.web.filter.CorsFilter@9d80088, org.springframework.security.web.authentication.logout.LogoutFilter@654cb3ad, org.springframework.security.web.authentication.UsernamePasswordAuthenticationFilter@1189ce6c, org.springframework.security.web.savedrequest.RequestCacheAwareFilter@34698d08, org.springframework.security.web.servletapi.SecurityContextHolderAwareRequestFilter@1ba935c6, org.springframework.security.web.authentication.rememberme.RememberMeAuthenticationFilter@4fa63b51, org.springframework.security.web.authentication.AnonymousAuthenticationFilter@1f1a827f, org.springframework.security.web.session.SessionManagementFilter@6ce4d1ba, org.springframework.security.web.access.ExceptionTranslationFilter@7a87e936, org.springframework.security.web.access.intercept.FilterSecurityInterceptor@1a27fab0]
2023-10-16 11:21:51,965 WARN org.thymeleaf.templatemode.TemplateMode [restartedMain] [THYMELEAF][restartedMain] Template Mode 'HTML5' is deprecated. Using Template Mode 'HTML' instead.
2023-10-16 11:21:52,052 INFO org.springframework.ldap.core.support.AbstractContextSource [restartedMain] Property 'userDn' not set - anonymous context will be used for read-write operations
2023-10-16 11:21:52,638 INFO org.springframework.boot.devtools.autoconfigure.OptionalLiveReloadServer [restartedMain] LiveReload server is running on port 35729
2023-10-16 11:21:52,662 INFO org.apache.juli.logging.DirectJDKLog [restartedMain] Starting ProtocolHandler ["http-nio-8080"]
2023-10-16 11:21:52,682 INFO org.springframework.boot.web.embedded.tomcat.TomcatWebServer [restartedMain] Tomcat started on port(s): 8080 (http) with context path ''
2023-10-16 11:22:11,203 INFO org.apache.juli.logging.DirectJDKLog [http-nio-8080-exec-1] Initializing Spring DispatcherServlet 'dispatcherServlet'
2023-10-16 11:22:11,203 INFO org.springframework.web.servlet.FrameworkServlet [http-nio-8080-exec-1] Initializing Servlet 'dispatcherServlet'
2023-10-16 11:22:11,205 INFO org.springframework.web.servlet.FrameworkServlet [http-nio-8080-exec-1] Completed initialization in 2 ms
2023-10-16 11:23:30,656 INFO org.springframework.orm.jpa.AbstractEntityManagerFactoryBean [SpringApplicationShutdownHook] Closing JPA EntityManagerFactory for persistence unit 'default'
2023-10-16 11:23:30,660 INFO com.zaxxer.hikari.HikariDataSource [SpringApplicationShutdownHook] HikariPool-1 - Shutdown initiated...
2023-10-16 11:23:30,676 INFO com.zaxxer.hikari.HikariDataSource [SpringApplicationShutdownHook] HikariPool-1 - Shutdown completed.
2023-10-16 11:23:53,001 INFO org.hibernate.validator.internal.util.Version [background-preinit] HV000001: Hibernate Validator 6.2.0.Final
2023-10-16 11:23:53,050 INFO org.springframework.boot.logging.DeferredLog [restartedMain] The Class-Path manifest attribute in C:\Users\gustavo.paulus\.m2\repository\javax\mail\mail\1.4\mail-1.4.jar referenced one or more files that do not exist: file:/C:/Users/gustavo.paulus/.m2/repository/javax/mail/mail/1.4/activation.jar
2023-10-16 11:23:53,051 INFO org.springframework.boot.logging.DeferredLog [restartedMain] Devtools property defaults active! Set 'spring.devtools.add-properties' to 'false' to disable
2023-10-16 11:23:53,052 INFO org.springframework.boot.logging.DeferredLog [restartedMain] For additional web related logging consider setting the 'logging.level.web' property to 'DEBUG'
2023-10-16 11:23:53,988 INFO org.springframework.data.repository.config.RepositoryConfigurationDelegate [restartedMain] Multiple Spring Data modules found, entering strict repository configuration mode!
2023-10-16 11:23:53,990 INFO org.springframework.data.repository.config.RepositoryConfigurationDelegate [restartedMain] Bootstrapping Spring Data JPA repositories in DEFAULT mode.
2023-10-16 11:23:54,095 INFO org.springframework.data.repository.config.RepositoryConfigurationDelegate [restartedMain] Finished Spring Data repository scanning in 94 ms. Found 5 JPA repository interfaces.
2023-10-16 11:23:54,105 INFO org.springframework.data.repository.config.RepositoryConfigurationDelegate [restartedMain] Multiple Spring Data modules found, entering strict repository configuration mode!
2023-10-16 11:23:54,106 INFO org.springframework.data.repository.config.RepositoryConfigurationDelegate [restartedMain] Bootstrapping Spring Data LDAP repositories in DEFAULT mode.
2023-10-16 11:23:54,126 INFO org.springframework.data.repository.config.RepositoryConfigurationExtensionSupport [restartedMain] Spring Data LDAP - Could not safely identify store assignment for repository candidate interface br.edu.ifrs.ibiruba.ldapmanager.repositories.AlunoCursoRepository. If you want this repository to be a LDAP repository, consider annotating your entities with one of these annotations: org.springframework.ldap.odm.annotations.Entry (preferred), or consider extending one of the following types with your repository: org.springframework.data.ldap.repository.LdapRepository.
2023-10-16 11:23:54,127 INFO org.springframework.data.repository.config.RepositoryConfigurationExtensionSupport [restartedMain] Spring Data LDAP - Could not safely identify store assignment for repository candidate interface br.edu.ifrs.ibiruba.ldapmanager.repositories.AlunoRepository. If you want this repository to be a LDAP repository, consider annotating your entities with one of these annotations: org.springframework.ldap.odm.annotations.Entry (preferred), or consider extending one of the following types with your repository: org.springframework.data.ldap.repository.LdapRepository.
2023-10-16 11:23:54,128 INFO org.springframework.data.repository.config.RepositoryConfigurationExtensionSupport [restartedMain] Spring Data LDAP - Could not safely identify store assignment for repository candidate interface br.edu.ifrs.ibiruba.ldapmanager.repositories.ServidorAuthenticatorRepository. If you want this repository to be a LDAP repository, consider annotating your entities with one of these annotations: org.springframework.ldap.odm.annotations.Entry (preferred), or consider extending one of the following types with your repository: org.springframework.data.ldap.repository.LdapRepository.
2023-10-16 11:23:54,129 INFO org.springframework.data.repository.config.RepositoryConfigurationExtensionSupport [restartedMain] Spring Data LDAP - Could not safely identify store assignment for repository candidate interface br.edu.ifrs.ibiruba.ldapmanager.repositories.ServidorCargoRepository. If you want this repository to be a LDAP repository, consider annotating your entities with one of these annotations: org.springframework.ldap.odm.annotations.Entry (preferred), or consider extending one of the following types with your repository: org.springframework.data.ldap.repository.LdapRepository.
2023-10-16 11:23:54,130 INFO org.springframework.data.repository.config.RepositoryConfigurationExtensionSupport [restartedMain] Spring Data LDAP - Could not safely identify store assignment for repository candidate interface br.edu.ifrs.ibiruba.ldapmanager.repositories.ServidorRepository. If you want this repository to be a LDAP repository, consider annotating your entities with one of these annotations: org.springframework.ldap.odm.annotations.Entry (preferred), or consider extending one of the following types with your repository: org.springframework.data.ldap.repository.LdapRepository.
2023-10-16 11:23:54,130 INFO org.springframework.data.repository.config.RepositoryConfigurationDelegate [restartedMain] Finished Spring Data repository scanning in 23 ms. Found 0 LDAP repository interfaces.
2023-10-16 11:23:54,845 INFO org.springframework.boot.web.embedded.tomcat.TomcatWebServer [restartedMain] Tomcat initialized with port(s): 8080 (http)
2023-10-16 11:23:54,855 INFO org.apache.juli.logging.DirectJDKLog [restartedMain] Initializing ProtocolHandler ["http-nio-8080"]
2023-10-16 11:23:54,856 INFO org.apache.juli.logging.DirectJDKLog [restartedMain] Starting service [Tomcat]
2023-10-16 11:23:54,857 INFO org.apache.juli.logging.DirectJDKLog [restartedMain] Starting Servlet engine: [Apache Tomcat/9.0.52]
2023-10-16 11:23:54,950 INFO org.apache.juli.logging.DirectJDKLog [restartedMain] Initializing Spring embedded WebApplicationContext
2023-10-16 11:23:54,950 INFO org.springframework.boot.web.servlet.context.ServletWebServerApplicationContext [restartedMain] Root WebApplicationContext: initialization completed in 1898 ms
2023-10-16 11:23:55,118 INFO org.hibernate.jpa.internal.util.LogHelper [restartedMain] HHH000204: Processing PersistenceUnitInfo [name: default]
2023-10-16 11:23:55,168 INFO org.hibernate.Version [restartedMain] HHH000412: Hibernate ORM core version 5.4.32.Final
2023-10-16 11:23:55,286 INFO org.hibernate.annotations.common.reflection.java.JavaReflectionManager [restartedMain] HCANN000001: Hibernate Commons Annotations {5.1.2.Final}
2023-10-16 11:23:55,401 INFO com.zaxxer.hikari.HikariDataSource [restartedMain] HikariPool-1 - Starting...
2023-10-16 11:23:55,666 INFO com.zaxxer.hikari.HikariDataSource [restartedMain] HikariPool-1 - Start completed.
2023-10-16 11:23:55,683 INFO org.hibernate.dialect.Dialect [restartedMain] HHH000400: Using dialect: org.hibernate.dialect.PostgreSQLDialect
2023-10-16 11:23:56,656 INFO org.hibernate.engine.transaction.jta.platform.internal.JtaPlatformInitiator [restartedMain] HHH000490: Using JtaPlatform implementation: [org.hibernate.engine.transaction.jta.platform.internal.NoJtaPlatform]
2023-10-16 11:23:56,667 INFO org.springframework.orm.jpa.AbstractEntityManagerFactoryBean [restartedMain] Initialized JPA EntityManagerFactory for persistence unit 'default'
2023-10-16 11:23:57,305 WARN org.springframework.boot.autoconfigure.orm.jpa.JpaBaseConfiguration$JpaWebConfiguration [restartedMain] spring.jpa.open-in-view is enabled by default. Therefore, database queries may be performed during view rendering. Explicitly configure spring.jpa.open-in-view to disable this warning
2023-10-16 11:23:57,727 INFO org.springframework.security.web.DefaultSecurityFilterChain [restartedMain] Will secure any request with [org.springframework.security.web.context.request.async.WebAsyncManagerIntegrationFilter@13d37a69, org.springframework.security.web.context.SecurityContextPersistenceFilter@38e24c3f, org.springframework.security.web.header.HeaderWriterFilter@27f03a6c, org.springframework.web.filter.CorsFilter@539503f2, org.springframework.security.web.authentication.logout.LogoutFilter@593abb55, org.springframework.security.web.authentication.UsernamePasswordAuthenticationFilter@7f21fea8, org.springframework.security.web.savedrequest.RequestCacheAwareFilter@279d79b0, org.springframework.security.web.servletapi.SecurityContextHolderAwareRequestFilter@3786f3b8, org.springframework.security.web.authentication.rememberme.RememberMeAuthenticationFilter@6c6d3d5c, org.springframework.security.web.authentication.AnonymousAuthenticationFilter@1b9ee6d7, org.springframework.security.web.session.SessionManagementFilter@22c54633, org.springframework.security.web.access.ExceptionTranslationFilter@62d3e25b, org.springframework.security.web.access.intercept.FilterSecurityInterceptor@277f945a]
2023-10-16 11:23:57,848 WARN org.thymeleaf.templatemode.TemplateMode [restartedMain] [THYMELEAF][restartedMain] Template Mode 'HTML5' is deprecated. Using Template Mode 'HTML' instead.
2023-10-16 11:23:57,929 INFO org.springframework.ldap.core.support.AbstractContextSource [restartedMain] Property 'userDn' not set - anonymous context will be used for read-write operations
2023-10-16 11:23:58,445 INFO org.springframework.boot.devtools.autoconfigure.OptionalLiveReloadServer [restartedMain] LiveReload server is running on port 35729
2023-10-16 11:23:58,468 INFO org.apache.juli.logging.DirectJDKLog [restartedMain] Starting ProtocolHandler ["http-nio-8080"]
2023-10-16 11:23:58,487 INFO org.springframework.boot.web.embedded.tomcat.TomcatWebServer [restartedMain] Tomcat started on port(s): 8080 (http) with context path ''
2023-10-16 11:24:00,710 INFO org.apache.juli.logging.DirectJDKLog [http-nio-8080-exec-1] Initializing Spring DispatcherServlet 'dispatcherServlet'
2023-10-16 11:24:00,711 INFO org.springframework.web.servlet.FrameworkServlet [http-nio-8080-exec-1] Initializing Servlet 'dispatcherServlet'
2023-10-16 11:24:00,714 INFO org.springframework.web.servlet.FrameworkServlet [http-nio-8080-exec-1] Completed initialization in 2 ms
2023-10-16 11:39:46,724 INFO org.springframework.orm.jpa.AbstractEntityManagerFactoryBean [SpringApplicationShutdownHook] Closing JPA EntityManagerFactory for persistence unit 'default'
2023-10-16 11:39:46,729 INFO com.zaxxer.hikari.HikariDataSource [SpringApplicationShutdownHook] HikariPool-1 - Shutdown initiated...
2023-10-16 11:39:46,760 INFO com.zaxxer.hikari.HikariDataSource [SpringApplicationShutdownHook] HikariPool-1 - Shutdown completed.
2023-10-16 11:40:22,419 INFO org.hibernate.validator.internal.util.Version [background-preinit] HV000001: Hibernate Validator 6.2.0.Final
2023-10-16 11:40:22,471 INFO org.springframework.boot.logging.DeferredLog [restartedMain] The Class-Path manifest attribute in C:\Users\gustavo.paulus\.m2\repository\javax\mail\mail\1.4\mail-1.4.jar referenced one or more files that do not exist: file:/C:/Users/gustavo.paulus/.m2/repository/javax/mail/mail/1.4/activation.jar
2023-10-16 11:40:22,473 INFO org.springframework.boot.logging.DeferredLog [restartedMain] Devtools property defaults active! Set 'spring.devtools.add-properties' to 'false' to disable
2023-10-16 11:40:22,474 INFO org.springframework.boot.logging.DeferredLog [restartedMain] For additional web related logging consider setting the 'logging.level.web' property to 'DEBUG'
2023-10-16 11:40:23,807 INFO org.springframework.data.repository.config.RepositoryConfigurationDelegate [restartedMain] Multiple Spring Data modules found, entering strict repository configuration mode!
2023-10-16 11:40:23,808 INFO org.springframework.data.repository.config.RepositoryConfigurationDelegate [restartedMain] Bootstrapping Spring Data JPA repositories in DEFAULT mode.
2023-10-16 11:40:23,918 INFO org.springframework.data.repository.config.RepositoryConfigurationDelegate [restartedMain] Finished Spring Data repository scanning in 99 ms. Found 5 JPA repository interfaces.
2023-10-16 11:40:23,928 INFO org.springframework.data.repository.config.RepositoryConfigurationDelegate [restartedMain] Multiple Spring Data modules found, entering strict repository configuration mode!
2023-10-16 11:40:23,929 INFO org.springframework.data.repository.config.RepositoryConfigurationDelegate [restartedMain] Bootstrapping Spring Data LDAP repositories in DEFAULT mode.
2023-10-16 11:40:23,948 INFO org.springframework.data.repository.config.RepositoryConfigurationExtensionSupport [restartedMain] Spring Data LDAP - Could not safely identify store assignment for repository candidate interface br.edu.ifrs.ibiruba.ldapmanager.repositories.AlunoCursoRepository. If you want this repository to be a LDAP repository, consider annotating your entities with one of these annotations: org.springframework.ldap.odm.annotations.Entry (preferred), or consider extending one of the following types with your repository: org.springframework.data.ldap.repository.LdapRepository.
2023-10-16 11:40:23,949 INFO org.springframework.data.repository.config.RepositoryConfigurationExtensionSupport [restartedMain] Spring Data LDAP - Could not safely identify store assignment for repository candidate interface br.edu.ifrs.ibiruba.ldapmanager.repositories.AlunoRepository. If you want this repository to be a LDAP repository, consider annotating your entities with one of these annotations: org.springframework.ldap.odm.annotations.Entry (preferred), or consider extending one of the following types with your repository: org.springframework.data.ldap.repository.LdapRepository.
2023-10-16 11:40:23,951 INFO org.springframework.data.repository.config.RepositoryConfigurationExtensionSupport [restartedMain] Spring Data LDAP - Could not safely identify store assignment for repository candidate interface br.edu.ifrs.ibiruba.ldapmanager.repositories.ServidorAuthenticatorRepository. If you want this repository to be a LDAP repository, consider annotating your entities with one of these annotations: org.springframework.ldap.odm.annotations.Entry (preferred), or consider extending one of the following types with your repository: org.springframework.data.ldap.repository.LdapRepository.
2023-10-16 11:40:23,952 INFO org.springframework.data.repository.config.RepositoryConfigurationExtensionSupport [restartedMain] Spring Data LDAP - Could not safely identify store assignment for repository candidate interface br.edu.ifrs.ibiruba.ldapmanager.repositories.ServidorCargoRepository. If you want this repository to be a LDAP repository, consider annotating your entities with one of these annotations: org.springframework.ldap.odm.annotations.Entry (preferred), or consider extending one of the following types with your repository: org.springframework.data.ldap.repository.LdapRepository.
2023-10-16 11:40:23,953 INFO org.springframework.data.repository.config.RepositoryConfigurationExtensionSupport [restartedMain] Spring Data LDAP - Could not safely identify store assignment for repository candidate interface br.edu.ifrs.ibiruba.ldapmanager.repositories.ServidorRepository. If you want this repository to be a LDAP repository, consider annotating your entities with one of these annotations: org.springframework.ldap.odm.annotations.Entry (preferred), or consider extending one of the following types with your repository: org.springframework.data.ldap.repository.LdapRepository.
2023-10-16 11:40:23,953 INFO org.springframework.data.repository.config.RepositoryConfigurationDelegate [restartedMain] Finished Spring Data repository scanning in 23 ms. Found 0 LDAP repository interfaces.
2023-10-16 11:40:24,617 INFO org.springframework.boot.web.embedded.tomcat.TomcatWebServer [restartedMain] Tomcat initialized with port(s): 8080 (http)
2023-10-16 11:40:24,627 INFO org.apache.juli.logging.DirectJDKLog [restartedMain] Initializing ProtocolHandler ["http-nio-8080"]
2023-10-16 11:40:24,628 INFO org.apache.juli.logging.DirectJDKLog [restartedMain] Starting service [Tomcat]
2023-10-16 11:40:24,628 INFO org.apache.juli.logging.DirectJDKLog [restartedMain] Starting Servlet engine: [Apache Tomcat/9.0.52]
2023-10-16 11:40:24,715 INFO org.apache.juli.logging.DirectJDKLog [restartedMain] Initializing Spring embedded WebApplicationContext
2023-10-16 11:40:24,716 INFO org.springframework.boot.web.servlet.context.ServletWebServerApplicationContext [restartedMain] Root WebApplicationContext: initialization completed in 2241 ms
2023-10-16 11:40:24,778 WARN org.apache.juli.logging.DirectJDKLog [restartedMain] Cannot deserialize session attribute [SPRING_SECURITY_CONTEXT] for session [88C448E1329A225A611F5BC6E02EBE9B]
2023-10-16 11:40:24,903 INFO org.hibernate.jpa.internal.util.LogHelper [restartedMain] HHH000204: Processing PersistenceUnitInfo [name: default]
2023-10-16 11:40:24,952 INFO org.hibernate.Version [restartedMain] HHH000412: Hibernate ORM core version 5.4.32.Final
2023-10-16 11:40:25,062 INFO org.hibernate.annotations.common.reflection.java.JavaReflectionManager [restartedMain] HCANN000001: Hibernate Commons Annotations {5.1.2.Final}
2023-10-16 11:40:25,170 INFO com.zaxxer.hikari.HikariDataSource [restartedMain] HikariPool-1 - Starting...
2023-10-16 11:40:25,495 INFO com.zaxxer.hikari.HikariDataSource [restartedMain] HikariPool-1 - Start completed.
2023-10-16 11:40:25,511 INFO org.hibernate.dialect.Dialect [restartedMain] HHH000400: Using dialect: org.hibernate.dialect.PostgreSQLDialect
2023-10-16 11:40:26,464 INFO org.hibernate.engine.transaction.jta.platform.internal.JtaPlatformInitiator [restartedMain] HHH000490: Using JtaPlatform implementation: [org.hibernate.engine.transaction.jta.platform.internal.NoJtaPlatform]
2023-10-16 11:40:26,475 INFO org.springframework.orm.jpa.AbstractEntityManagerFactoryBean [restartedMain] Initialized JPA EntityManagerFactory for persistence unit 'default'
2023-10-16 11:40:27,135 WARN org.springframework.boot.autoconfigure.orm.jpa.JpaBaseConfiguration$JpaWebConfiguration [restartedMain] spring.jpa.open-in-view is enabled by default. Therefore, database queries may be performed during view rendering. Explicitly configure spring.jpa.open-in-view to disable this warning
2023-10-16 11:40:27,546 INFO org.springframework.security.web.DefaultSecurityFilterChain [restartedMain] Will secure any request with [org.springframework.security.web.context.request.async.WebAsyncManagerIntegrationFilter@75c713fe, org.springframework.security.web.context.SecurityContextPersistenceFilter@791a2a59, org.springframework.security.web.header.HeaderWriterFilter@480deb76, org.springframework.web.filter.CorsFilter@638abc67, org.springframework.security.web.authentication.logout.LogoutFilter@37735410, org.springframework.security.web.authentication.UsernamePasswordAuthenticationFilter@67124c8b, org.springframework.security.web.savedrequest.RequestCacheAwareFilter@7e84b8ce, org.springframework.security.web.servletapi.SecurityContextHolderAwareRequestFilter@7e633b0e, org.springframework.security.web.authentication.rememberme.RememberMeAuthenticationFilter@799a670f, org.springframework.security.web.authentication.AnonymousAuthenticationFilter@6bdc3fd5, org.springframework.security.web.session.SessionManagementFilter@23328e6b, org.springframework.security.web.access.ExceptionTranslationFilter@5e7c4f91, org.springframework.security.web.access.intercept.FilterSecurityInterceptor@7fd73cfd]
2023-10-16 11:40:27,669 WARN org.thymeleaf.templatemode.TemplateMode [restartedMain] [THYMELEAF][restartedMain] Template Mode 'HTML5' is deprecated. Using Template Mode 'HTML' instead.
2023-10-16 11:40:27,747 INFO org.springframework.ldap.core.support.AbstractContextSource [restartedMain] Property 'userDn' not set - anonymous context will be used for read-write operations
2023-10-16 11:40:28,249 INFO org.springframework.boot.devtools.autoconfigure.OptionalLiveReloadServer [restartedMain] LiveReload server is running on port 35729
2023-10-16 11:40:28,272 INFO org.apache.juli.logging.DirectJDKLog [restartedMain] Starting ProtocolHandler ["http-nio-8080"]
2023-10-16 11:40:28,291 INFO org.springframework.boot.web.embedded.tomcat.TomcatWebServer [restartedMain] Tomcat started on port(s): 8080 (http) with context path ''
2023-10-16 11:45:29,436 INFO org.apache.juli.logging.DirectJDKLog [http-nio-8080-exec-1] Initializing Spring DispatcherServlet 'dispatcherServlet'
2023-10-16 11:45:29,436 INFO org.springframework.web.servlet.FrameworkServlet [http-nio-8080-exec-1] Initializing Servlet 'dispatcherServlet'
2023-10-16 11:45:29,438 INFO org.springframework.web.servlet.FrameworkServlet [http-nio-8080-exec-1] Completed initialization in 1 ms
2023-10-16 13:19:10,166 ERROR org.apache.juli.logging.DirectJDKLog [http-nio-8080-exec-1] Servlet.service() for servlet [dispatcherServlet] in context with path [] threw exception [Request processing failed; nested exception is java.lang.NullPointerException] with root cause
java.lang.NullPointerException: null
	at br.edu.ifrs.ibiruba.ldapmanager.services.AddServidoresFromBase.addOrUpdateServidor(AddServidoresFromBase.java:41)
	at br.edu.ifrs.ibiruba.ldapmanager.services.ServidorCrudService.save(ServidorCrudService.java:152)
	at br.edu.ifrs.ibiruba.ldapmanager.controllers.viewControllers.ServidorController.cadastrar(ServidorController.java:111)
	at java.base/jdk.internal.reflect.NativeMethodAccessorImpl.invoke0(Native Method)
	at java.base/jdk.internal.reflect.NativeMethodAccessorImpl.invoke(NativeMethodAccessorImpl.java:62)
	at java.base/jdk.internal.reflect.DelegatingMethodAccessorImpl.invoke(DelegatingMethodAccessorImpl.java:43)
	at java.base/java.lang.reflect.Method.invoke(Method.java:566)
	at org.springframework.web.method.support.InvocableHandlerMethod.doInvoke(InvocableHandlerMethod.java:197)
	at org.springframework.web.method.support.InvocableHandlerMethod.invokeForRequest(InvocableHandlerMethod.java:141)
	at org.springframework.web.servlet.mvc.method.annotation.ServletInvocableHandlerMethod.invokeAndHandle(ServletInvocableHandlerMethod.java:106)
	at org.springframework.web.servlet.mvc.method.annotation.RequestMappingHandlerAdapter.invokeHandlerMethod(RequestMappingHandlerAdapter.java:895)
	at org.springframework.web.servlet.mvc.method.annotation.RequestMappingHandlerAdapter.handleInternal(RequestMappingHandlerAdapter.java:808)
	at org.springframework.web.servlet.mvc.method.AbstractHandlerMethodAdapter.handle(AbstractHandlerMethodAdapter.java:87)
	at org.springframework.web.servlet.DispatcherServlet.doDispatch(DispatcherServlet.java:1064)
	at org.springframework.web.servlet.DispatcherServlet.doService(DispatcherServlet.java:963)
	at org.springframework.web.servlet.FrameworkServlet.processRequest(FrameworkServlet.java:1006)
	at org.springframework.web.servlet.FrameworkServlet.doPost(FrameworkServlet.java:909)
	at javax.servlet.http.HttpServlet.service(HttpServlet.java:681)
	at org.springframework.web.servlet.FrameworkServlet.service(FrameworkServlet.java:883)
	at javax.servlet.http.HttpServlet.service(HttpServlet.java:764)
	at org.apache.catalina.core.ApplicationFilterChain.internalDoFilter(ApplicationFilterChain.java:227)
	at org.apache.catalina.core.ApplicationFilterChain.doFilter(ApplicationFilterChain.java:162)
	at org.apache.tomcat.websocket.server.WsFilter.doFilter(WsFilter.java:53)
	at org.apache.catalina.core.ApplicationFilterChain.internalDoFilter(ApplicationFilterChain.java:189)
	at org.apache.catalina.core.ApplicationFilterChain.doFilter(ApplicationFilterChain.java:162)
	at org.springframework.security.web.FilterChainProxy$VirtualFilterChain.doFilter(FilterChainProxy.java:327)
	at org.springframework.security.web.access.intercept.FilterSecurityInterceptor.invoke(FilterSecurityInterceptor.java:115)
	at org.springframework.security.web.access.intercept.FilterSecurityInterceptor.doFilter(FilterSecurityInterceptor.java:81)
	at org.springframework.security.web.FilterChainProxy$VirtualFilterChain.doFilter(FilterChainProxy.java:336)
	at org.springframework.security.web.access.ExceptionTranslationFilter.doFilter(ExceptionTranslationFilter.java:121)
	at org.springframework.security.web.access.ExceptionTranslationFilter.doFilter(ExceptionTranslationFilter.java:115)
	at org.springframework.security.web.FilterChainProxy$VirtualFilterChain.doFilter(FilterChainProxy.java:336)
	at org.springframework.security.web.session.SessionManagementFilter.doFilter(SessionManagementFilter.java:126)
	at org.springframework.security.web.session.SessionManagementFilter.doFilter(SessionManagementFilter.java:81)
	at org.springframework.security.web.FilterChainProxy$VirtualFilterChain.doFilter(FilterChainProxy.java:336)
	at org.springframework.security.web.authentication.AnonymousAuthenticationFilter.doFilter(AnonymousAuthenticationFilter.java:105)
	at org.springframework.security.web.FilterChainProxy$VirtualFilterChain.doFilter(FilterChainProxy.java:336)
	at org.springframework.security.web.authentication.rememberme.RememberMeAuthenticationFilter.doFilter(RememberMeAuthenticationFilter.java:101)
	at org.springframework.security.web.authentication.rememberme.RememberMeAuthenticationFilter.doFilter(RememberMeAuthenticationFilter.java:92)
	at org.springframework.security.web.FilterChainProxy$VirtualFilterChain.doFilter(FilterChainProxy.java:336)
	at org.springframework.security.web.servletapi.SecurityContextHolderAwareRequestFilter.doFilter(SecurityContextHolderAwareRequestFilter.java:149)
	at org.springframework.security.web.FilterChainProxy$VirtualFilterChain.doFilter(FilterChainProxy.java:336)
	at org.springframework.security.web.savedrequest.RequestCacheAwareFilter.doFilter(RequestCacheAwareFilter.java:63)
	at org.springframework.security.web.FilterChainProxy$VirtualFilterChain.doFilter(FilterChainProxy.java:336)
	at org.springframework.security.web.authentication.AbstractAuthenticationProcessingFilter.doFilter(AbstractAuthenticationProcessingFilter.java:218)
	at org.springframework.security.web.authentication.AbstractAuthenticationProcessingFilter.doFilter(AbstractAuthenticationProcessingFilter.java:212)
	at org.springframework.security.web.FilterChainProxy$VirtualFilterChain.doFilter(FilterChainProxy.java:336)
	at org.springframework.security.web.authentication.logout.LogoutFilter.doFilter(LogoutFilter.java:103)
	at org.springframework.security.web.authentication.logout.LogoutFilter.doFilter(LogoutFilter.java:89)
	at org.springframework.security.web.FilterChainProxy$VirtualFilterChain.doFilter(FilterChainProxy.java:336)
	at org.springframework.web.filter.CorsFilter.doFilterInternal(CorsFilter.java:91)
	at org.springframework.web.filter.OncePerRequestFilter.doFilter(OncePerRequestFilter.java:119)
	at org.springframework.security.web.FilterChainProxy$VirtualFilterChain.doFilter(FilterChainProxy.java:336)
	at org.springframework.security.web.header.HeaderWriterFilter.doHeadersAfter(HeaderWriterFilter.java:90)
	at org.springframework.security.web.header.HeaderWriterFilter.doFilterInternal(HeaderWriterFilter.java:75)
	at org.springframework.web.filter.OncePerRequestFilter.doFilter(OncePerRequestFilter.java:119)
	at org.springframework.security.web.FilterChainProxy$VirtualFilterChain.doFilter(FilterChainProxy.java:336)
	at org.springframework.security.web.context.SecurityContextPersistenceFilter.doFilter(SecurityContextPersistenceFilter.java:110)
	at org.springframework.security.web.context.SecurityContextPersistenceFilter.doFilter(SecurityContextPersistenceFilter.java:80)
	at org.springframework.security.web.FilterChainProxy$VirtualFilterChain.doFilter(FilterChainProxy.java:336)
	at org.springframework.security.web.context.request.async.WebAsyncManagerIntegrationFilter.doFilterInternal(WebAsyncManagerIntegrationFilter.java:55)
	at org.springframework.web.filter.OncePerRequestFilter.doFilter(OncePerRequestFilter.java:119)
	at org.springframework.security.web.FilterChainProxy$VirtualFilterChain.doFilter(FilterChainProxy.java:336)
	at org.springframework.security.web.FilterChainProxy.doFilterInternal(FilterChainProxy.java:211)
	at org.springframework.security.web.FilterChainProxy.doFilter(FilterChainProxy.java:183)
	at org.springframework.web.filter.DelegatingFilterProxy.invokeDelegate(DelegatingFilterProxy.java:358)
	at org.springframework.web.filter.DelegatingFilterProxy.doFilter(DelegatingFilterProxy.java:271)
	at org.apache.catalina.core.ApplicationFilterChain.internalDoFilter(ApplicationFilterChain.java:189)
	at org.apache.catalina.core.ApplicationFilterChain.doFilter(ApplicationFilterChain.java:162)
	at org.springframework.web.filter.RequestContextFilter.doFilterInternal(RequestContextFilter.java:100)
	at org.springframework.web.filter.OncePerRequestFilter.doFilter(OncePerRequestFilter.java:119)
	at org.apache.catalina.core.ApplicationFilterChain.internalDoFilter(ApplicationFilterChain.java:189)
	at org.apache.catalina.core.ApplicationFilterChain.doFilter(ApplicationFilterChain.java:162)
	at org.springframework.web.filter.FormContentFilter.doFilterInternal(FormContentFilter.java:93)
	at org.springframework.web.filter.OncePerRequestFilter.doFilter(OncePerRequestFilter.java:119)
	at org.apache.catalina.core.ApplicationFilterChain.internalDoFilter(ApplicationFilterChain.java:189)
	at org.apache.catalina.core.ApplicationFilterChain.doFilter(ApplicationFilterChain.java:162)
	at org.springframework.web.filter.CharacterEncodingFilter.doFilterInternal(CharacterEncodingFilter.java:201)
	at org.springframework.web.filter.OncePerRequestFilter.doFilter(OncePerRequestFilter.java:119)
	at org.apache.catalina.core.ApplicationFilterChain.internalDoFilter(ApplicationFilterChain.java:189)
	at org.apache.catalina.core.ApplicationFilterChain.doFilter(ApplicationFilterChain.java:162)
	at org.apache.catalina.core.StandardWrapperValve.invoke(StandardWrapperValve.java:197)
	at org.apache.catalina.core.StandardContextValve.invoke(StandardContextValve.java:97)
	at org.apache.catalina.authenticator.AuthenticatorBase.invoke(AuthenticatorBase.java:542)
	at org.apache.catalina.core.StandardHostValve.invoke(StandardHostValve.java:135)
	at org.apache.catalina.valves.ErrorReportValve.invoke(ErrorReportValve.java:92)
	at org.apache.catalina.core.StandardEngineValve.invoke(StandardEngineValve.java:78)
	at org.apache.catalina.connector.CoyoteAdapter.service(CoyoteAdapter.java:357)
	at org.apache.coyote.http11.Http11Processor.service(Http11Processor.java:382)
	at org.apache.coyote.AbstractProcessorLight.process(AbstractProcessorLight.java:65)
	at org.apache.coyote.AbstractProtocol$ConnectionHandler.process(AbstractProtocol.java:893)
	at org.apache.tomcat.util.net.NioEndpoint$SocketProcessor.doRun(NioEndpoint.java:1726)
	at org.apache.tomcat.util.net.SocketProcessorBase.run(SocketProcessorBase.java:49)
	at org.apache.tomcat.util.threads.ThreadPoolExecutor.runWorker(ThreadPoolExecutor.java:1191)
	at org.apache.tomcat.util.threads.ThreadPoolExecutor$Worker.run(ThreadPoolExecutor.java:659)
	at org.apache.tomcat.util.threads.TaskThread$WrappingRunnable.run(TaskThread.java:61)
	at java.base/java.lang.Thread.run(Thread.java:829)
2023-10-16 13:19:53,352 INFO org.springframework.orm.jpa.AbstractEntityManagerFactoryBean [SpringApplicationShutdownHook] Closing JPA EntityManagerFactory for persistence unit 'default'
2023-10-16 13:19:53,357 INFO com.zaxxer.hikari.HikariDataSource [SpringApplicationShutdownHook] HikariPool-1 - Shutdown initiated...
2023-10-16 13:19:53,371 INFO com.zaxxer.hikari.HikariDataSource [SpringApplicationShutdownHook] HikariPool-1 - Shutdown completed.
2023-10-16 13:20:05,331 INFO org.hibernate.validator.internal.util.Version [background-preinit] HV000001: Hibernate Validator 6.2.0.Final
2023-10-16 13:20:05,378 INFO org.springframework.boot.logging.DeferredLog [restartedMain] The Class-Path manifest attribute in C:\Users\gustavo.paulus\.m2\repository\javax\mail\mail\1.4\mail-1.4.jar referenced one or more files that do not exist: file:/C:/Users/gustavo.paulus/.m2/repository/javax/mail/mail/1.4/activation.jar
2023-10-16 13:20:05,380 INFO org.springframework.boot.logging.DeferredLog [restartedMain] Devtools property defaults active! Set 'spring.devtools.add-properties' to 'false' to disable
2023-10-16 13:20:05,380 INFO org.springframework.boot.logging.DeferredLog [restartedMain] For additional web related logging consider setting the 'logging.level.web' property to 'DEBUG'
2023-10-16 13:20:06,300 INFO org.springframework.data.repository.config.RepositoryConfigurationDelegate [restartedMain] Multiple Spring Data modules found, entering strict repository configuration mode!
2023-10-16 13:20:06,301 INFO org.springframework.data.repository.config.RepositoryConfigurationDelegate [restartedMain] Bootstrapping Spring Data JPA repositories in DEFAULT mode.
2023-10-16 13:20:06,413 INFO org.springframework.data.repository.config.RepositoryConfigurationDelegate [restartedMain] Finished Spring Data repository scanning in 100 ms. Found 5 JPA repository interfaces.
2023-10-16 13:20:06,422 INFO org.springframework.data.repository.config.RepositoryConfigurationDelegate [restartedMain] Multiple Spring Data modules found, entering strict repository configuration mode!
2023-10-16 13:20:06,424 INFO org.springframework.data.repository.config.RepositoryConfigurationDelegate [restartedMain] Bootstrapping Spring Data LDAP repositories in DEFAULT mode.
2023-10-16 13:20:06,443 INFO org.springframework.data.repository.config.RepositoryConfigurationExtensionSupport [restartedMain] Spring Data LDAP - Could not safely identify store assignment for repository candidate interface br.edu.ifrs.ibiruba.ldapmanager.repositories.AlunoCursoRepository. If you want this repository to be a LDAP repository, consider annotating your entities with one of these annotations: org.springframework.ldap.odm.annotations.Entry (preferred), or consider extending one of the following types with your repository: org.springframework.data.ldap.repository.LdapRepository.
2023-10-16 13:20:06,444 INFO org.springframework.data.repository.config.RepositoryConfigurationExtensionSupport [restartedMain] Spring Data LDAP - Could not safely identify store assignment for repository candidate interface br.edu.ifrs.ibiruba.ldapmanager.repositories.AlunoRepository. If you want this repository to be a LDAP repository, consider annotating your entities with one of these annotations: org.springframework.ldap.odm.annotations.Entry (preferred), or consider extending one of the following types with your repository: org.springframework.data.ldap.repository.LdapRepository.
2023-10-16 13:20:06,446 INFO org.springframework.data.repository.config.RepositoryConfigurationExtensionSupport [restartedMain] Spring Data LDAP - Could not safely identify store assignment for repository candidate interface br.edu.ifrs.ibiruba.ldapmanager.repositories.ServidorAuthenticatorRepository. If you want this repository to be a LDAP repository, consider annotating your entities with one of these annotations: org.springframework.ldap.odm.annotations.Entry (preferred), or consider extending one of the following types with your repository: org.springframework.data.ldap.repository.LdapRepository.
2023-10-16 13:20:06,447 INFO org.springframework.data.repository.config.RepositoryConfigurationExtensionSupport [restartedMain] Spring Data LDAP - Could not safely identify store assignment for repository candidate interface br.edu.ifrs.ibiruba.ldapmanager.repositories.ServidorCargoRepository. If you want this repository to be a LDAP repository, consider annotating your entities with one of these annotations: org.springframework.ldap.odm.annotations.Entry (preferred), or consider extending one of the following types with your repository: org.springframework.data.ldap.repository.LdapRepository.
2023-10-16 13:20:06,448 INFO org.springframework.data.repository.config.RepositoryConfigurationExtensionSupport [restartedMain] Spring Data LDAP - Could not safely identify store assignment for repository candidate interface br.edu.ifrs.ibiruba.ldapmanager.repositories.ServidorRepository. If you want this repository to be a LDAP repository, consider annotating your entities with one of these annotations: org.springframework.ldap.odm.annotations.Entry (preferred), or consider extending one of the following types with your repository: org.springframework.data.ldap.repository.LdapRepository.
2023-10-16 13:20:06,448 INFO org.springframework.data.repository.config.RepositoryConfigurationDelegate [restartedMain] Finished Spring Data repository scanning in 23 ms. Found 0 LDAP repository interfaces.
2023-10-16 13:20:07,152 INFO org.springframework.boot.web.embedded.tomcat.TomcatWebServer [restartedMain] Tomcat initialized with port(s): 8080 (http)
2023-10-16 13:20:07,161 INFO org.apache.juli.logging.DirectJDKLog [restartedMain] Initializing ProtocolHandler ["http-nio-8080"]
2023-10-16 13:20:07,162 INFO org.apache.juli.logging.DirectJDKLog [restartedMain] Starting service [Tomcat]
2023-10-16 13:20:07,162 INFO org.apache.juli.logging.DirectJDKLog [restartedMain] Starting Servlet engine: [Apache Tomcat/9.0.52]
2023-10-16 13:20:07,250 INFO org.apache.juli.logging.DirectJDKLog [restartedMain] Initializing Spring embedded WebApplicationContext
2023-10-16 13:20:07,250 INFO org.springframework.boot.web.servlet.context.ServletWebServerApplicationContext [restartedMain] Root WebApplicationContext: initialization completed in 1870 ms
2023-10-16 13:20:07,316 WARN org.apache.juli.logging.DirectJDKLog [restartedMain] Cannot deserialize session attribute [SPRING_SECURITY_CONTEXT] for session [F883CD9C0FEE917E85FE43B52C616E27]
2023-10-16 13:20:07,442 INFO org.hibernate.jpa.internal.util.LogHelper [restartedMain] HHH000204: Processing PersistenceUnitInfo [name: default]
2023-10-16 13:20:07,492 INFO org.hibernate.Version [restartedMain] HHH000412: Hibernate ORM core version 5.4.32.Final
2023-10-16 13:20:07,607 INFO org.hibernate.annotations.common.reflection.java.JavaReflectionManager [restartedMain] HCANN000001: Hibernate Commons Annotations {5.1.2.Final}
2023-10-16 13:20:07,716 INFO com.zaxxer.hikari.HikariDataSource [restartedMain] HikariPool-1 - Starting...
2023-10-16 13:20:07,974 INFO com.zaxxer.hikari.HikariDataSource [restartedMain] HikariPool-1 - Start completed.
2023-10-16 13:20:07,990 INFO org.hibernate.dialect.Dialect [restartedMain] HHH000400: Using dialect: org.hibernate.dialect.PostgreSQLDialect
2023-10-16 13:20:08,986 INFO org.hibernate.engine.transaction.jta.platform.internal.JtaPlatformInitiator [restartedMain] HHH000490: Using JtaPlatform implementation: [org.hibernate.engine.transaction.jta.platform.internal.NoJtaPlatform]
2023-10-16 13:20:08,997 INFO org.springframework.orm.jpa.AbstractEntityManagerFactoryBean [restartedMain] Initialized JPA EntityManagerFactory for persistence unit 'default'
2023-10-16 13:20:09,665 WARN org.springframework.boot.autoconfigure.orm.jpa.JpaBaseConfiguration$JpaWebConfiguration [restartedMain] spring.jpa.open-in-view is enabled by default. Therefore, database queries may be performed during view rendering. Explicitly configure spring.jpa.open-in-view to disable this warning
2023-10-16 13:20:10,094 INFO org.springframework.security.web.DefaultSecurityFilterChain [restartedMain] Will secure any request with [org.springframework.security.web.context.request.async.WebAsyncManagerIntegrationFilter@ac00173, org.springframework.security.web.context.SecurityContextPersistenceFilter@7bb571bd, org.springframework.security.web.header.HeaderWriterFilter@77328f5e, org.springframework.web.filter.CorsFilter@3d815d67, org.springframework.security.web.authentication.logout.LogoutFilter@6f024ba7, org.springframework.security.web.authentication.UsernamePasswordAuthenticationFilter@4ab8b62c, org.springframework.security.web.savedrequest.RequestCacheAwareFilter@2b99ece7, org.springframework.security.web.servletapi.SecurityContextHolderAwareRequestFilter@766e472, org.springframework.security.web.authentication.rememberme.RememberMeAuthenticationFilter@513e18cf, org.springframework.security.web.authentication.AnonymousAuthenticationFilter@1057c011, org.springframework.security.web.session.SessionManagementFilter@2b0524b7, org.springframework.security.web.access.ExceptionTranslationFilter@721aa863, org.springframework.security.web.access.intercept.FilterSecurityInterceptor@7d4a344a]
2023-10-16 13:20:10,238 WARN org.thymeleaf.templatemode.TemplateMode [restartedMain] [THYMELEAF][restartedMain] Template Mode 'HTML5' is deprecated. Using Template Mode 'HTML' instead.
2023-10-16 13:20:10,351 INFO org.springframework.ldap.core.support.AbstractContextSource [restartedMain] Property 'userDn' not set - anonymous context will be used for read-write operations
2023-10-16 13:20:10,890 INFO org.springframework.boot.devtools.autoconfigure.OptionalLiveReloadServer [restartedMain] LiveReload server is running on port 35729
2023-10-16 13:20:10,914 INFO org.apache.juli.logging.DirectJDKLog [restartedMain] Starting ProtocolHandler ["http-nio-8080"]
2023-10-16 13:20:10,934 INFO org.springframework.boot.web.embedded.tomcat.TomcatWebServer [restartedMain] Tomcat started on port(s): 8080 (http) with context path ''
2023-10-16 13:20:49,677 INFO org.apache.juli.logging.DirectJDKLog [http-nio-8080-exec-1] Initializing Spring DispatcherServlet 'dispatcherServlet'
2023-10-16 13:20:49,678 INFO org.springframework.web.servlet.FrameworkServlet [http-nio-8080-exec-1] Initializing Servlet 'dispatcherServlet'
2023-10-16 13:20:49,679 INFO org.springframework.web.servlet.FrameworkServlet [http-nio-8080-exec-1] Completed initialization in 1 ms
