2023-02-22 16:43:06,020 INFO org.hibernate.validator.internal.util.Version [background-preinit] HV000001: Hibernate Validator 6.2.0.Final
2023-02-22 16:43:06,038 INFO org.springframework.boot.StartupInfoLogger [restartedMain] Starting LdapManager using Java 17.0.4.1 on TI58805 with PID 30336 (/home/gustavo/Documentos/workspace-spring-tool-suite-4-4.13.0.RELEASE/ldapmanager/target/classes started by gustavo in /home/gustavo/Documentos/workspace-spring-tool-suite-4-4.13.0.RELEASE/ldapmanager)
2023-02-22 16:43:06,039 INFO org.springframework.boot.SpringApplication [restartedMain] No active profile set, falling back to 1 default profile: "default"
2023-02-22 16:43:06,105 INFO org.springframework.boot.logging.DeferredLog [restartedMain] The Class-Path manifest attribute in /home/gustavo/.m2/repository/javax/mail/mail/1.4/mail-1.4.jar referenced one or more files that do not exist: file:/home/gustavo/.m2/repository/javax/mail/mail/1.4/activation.jar
2023-02-22 16:43:06,107 INFO org.springframework.boot.logging.DeferredLog [restartedMain] Devtools property defaults active! Set 'spring.devtools.add-properties' to 'false' to disable
2023-02-22 16:43:06,107 INFO org.springframework.boot.logging.DeferredLog [restartedMain] For additional web related logging consider setting the 'logging.level.web' property to 'DEBUG'
2023-02-22 16:43:06,819 INFO org.springframework.data.repository.config.RepositoryConfigurationDelegate [restartedMain] Multiple Spring Data modules found, entering strict repository configuration mode
2023-02-22 16:43:06,820 INFO org.springframework.data.repository.config.RepositoryConfigurationDelegate [restartedMain] Bootstrapping Spring Data JPA repositories in DEFAULT mode.
2023-02-22 16:43:06,882 INFO org.springframework.data.repository.config.RepositoryConfigurationDelegate [restartedMain] Finished Spring Data repository scanning in 51 ms. Found 4 JPA repository interfaces.
2023-02-22 16:43:06,890 INFO org.springframework.data.repository.config.RepositoryConfigurationDelegate [restartedMain] Multiple Spring Data modules found, entering strict repository configuration mode
2023-02-22 16:43:06,891 INFO org.springframework.data.repository.config.RepositoryConfigurationDelegate [restartedMain] Bootstrapping Spring Data LDAP repositories in DEFAULT mode.
2023-02-22 16:43:06,897 INFO org.springframework.data.repository.config.RepositoryConfigurationExtensionSupport [restartedMain] Spring Data LDAP - Could not safely identify store assignment for repository candidate interface br.edu.ifrs.ibiruba.ldapmanager.repositories.AlunoCursoRepository; If you want this repository to be a LDAP repository, consider annotating your entities with one of these annotations: org.springframework.ldap.odm.annotations.Entry (preferred), or consider extending one of the following types with your repository: org.springframework.data.ldap.repository.LdapRepository
2023-02-22 16:43:06,901 INFO org.springframework.data.repository.config.RepositoryConfigurationExtensionSupport [restartedMain] Spring Data LDAP - Could not safely identify store assignment for repository candidate interface br.edu.ifrs.ibiruba.ldapmanager.repositories.AlunoRepository; If you want this repository to be a LDAP repository, consider annotating your entities with one of these annotations: org.springframework.ldap.odm.annotations.Entry (preferred), or consider extending one of the following types with your repository: org.springframework.data.ldap.repository.LdapRepository
2023-02-22 16:43:06,904 INFO org.springframework.data.repository.config.RepositoryConfigurationExtensionSupport [restartedMain] Spring Data LDAP - Could not safely identify store assignment for repository candidate interface br.edu.ifrs.ibiruba.ldapmanager.repositories.ServidorCargoRepository; If you want this repository to be a LDAP repository, consider annotating your entities with one of these annotations: org.springframework.ldap.odm.annotations.Entry (preferred), or consider extending one of the following types with your repository: org.springframework.data.ldap.repository.LdapRepository
2023-02-22 16:43:06,905 INFO org.springframework.data.repository.config.RepositoryConfigurationExtensionSupport [restartedMain] Spring Data LDAP - Could not safely identify store assignment for repository candidate interface br.edu.ifrs.ibiruba.ldapmanager.repositories.ServidorRepository; If you want this repository to be a LDAP repository, consider annotating your entities with one of these annotations: org.springframework.ldap.odm.annotations.Entry (preferred), or consider extending one of the following types with your repository: org.springframework.data.ldap.repository.LdapRepository
2023-02-22 16:43:06,905 INFO org.springframework.data.repository.config.RepositoryConfigurationDelegate [restartedMain] Finished Spring Data repository scanning in 14 ms. Found 0 LDAP repository interfaces.
2023-02-22 16:43:07,497 INFO org.springframework.boot.web.embedded.tomcat.TomcatWebServer [restartedMain] Tomcat initialized with port(s): 8080 (http)
2023-02-22 16:43:07,506 INFO org.apache.juli.logging.DirectJDKLog [restartedMain] Initializing ProtocolHandler ["http-nio-8080"]
2023-02-22 16:43:07,507 INFO org.apache.juli.logging.DirectJDKLog [restartedMain] Starting service [Tomcat]
2023-02-22 16:43:07,507 INFO org.apache.juli.logging.DirectJDKLog [restartedMain] Starting Servlet engine: [Apache Tomcat/9.0.64]
2023-02-22 16:43:07,580 INFO org.apache.juli.logging.DirectJDKLog [restartedMain] Initializing Spring embedded WebApplicationContext
2023-02-22 16:43:07,581 INFO org.springframework.boot.web.servlet.context.ServletWebServerApplicationContext [restartedMain] Root WebApplicationContext: initialization completed in 1471 ms
2023-02-22 16:43:07,715 INFO org.hibernate.jpa.internal.util.LogHelper [restartedMain] HHH000204: Processing PersistenceUnitInfo [name: default]
2023-02-22 16:43:07,767 INFO org.hibernate.Version [restartedMain] HHH000412: Hibernate ORM core version 5.6.9.Final
2023-02-22 16:43:07,919 INFO org.hibernate.annotations.common.reflection.java.JavaReflectionManager [restartedMain] HCANN000001: Hibernate Commons Annotations {5.1.2.Final}
2023-02-22 16:43:08,008 INFO com.zaxxer.hikari.HikariDataSource [restartedMain] HikariPool-1 - Starting...
2023-02-22 16:43:08,257 INFO com.zaxxer.hikari.HikariDataSource [restartedMain] HikariPool-1 - Start completed.
2023-02-22 16:43:08,274 INFO org.hibernate.dialect.Dialect [restartedMain] HHH000400: Using dialect: org.hibernate.dialect.PostgreSQLDialect
2023-02-22 16:43:08,955 INFO org.hibernate.engine.transaction.jta.platform.internal.JtaPlatformInitiator [restartedMain] HHH000490: Using JtaPlatform implementation: [org.hibernate.engine.transaction.jta.platform.internal.NoJtaPlatform]
2023-02-22 16:43:08,964 INFO org.springframework.orm.jpa.AbstractEntityManagerFactoryBean [restartedMain] Initialized JPA EntityManagerFactory for persistence unit 'default'
2023-02-22 16:43:09,431 WARN org.springframework.boot.autoconfigure.orm.jpa.JpaBaseConfiguration$JpaWebConfiguration [restartedMain] spring.jpa.open-in-view is enabled by default. Therefore, database queries may be performed during view rendering. Explicitly configure spring.jpa.open-in-view to disable this warning
2023-02-22 16:43:09,840 INFO org.springframework.security.web.DefaultSecurityFilterChain [restartedMain] Will secure any request with [org.springframework.security.web.context.request.async.WebAsyncManagerIntegrationFilter@1746d984, org.springframework.security.web.context.SecurityContextPersistenceFilter@1ab2cf5b, org.springframework.security.web.header.HeaderWriterFilter@69a2f74e, org.springframework.web.filter.CorsFilter@4d05546c, org.springframework.security.web.authentication.logout.LogoutFilter@6fbe0e6c, org.springframework.security.web.authentication.UsernamePasswordAuthenticationFilter@a80c769, org.springframework.security.web.savedrequest.RequestCacheAwareFilter@3da1c559, org.springframework.security.web.servletapi.SecurityContextHolderAwareRequestFilter@4852d1da, org.springframework.security.web.authentication.rememberme.RememberMeAuthenticationFilter@6b7da8bb, org.springframework.security.web.authentication.AnonymousAuthenticationFilter@18b86279, org.springframework.security.web.session.SessionManagementFilter@6a5d066c, org.springframework.security.web.access.ExceptionTranslationFilter@37c29820, org.springframework.security.web.access.intercept.FilterSecurityInterceptor@78c9d9c7]
2023-02-22 16:43:10,032 INFO org.springframework.ldap.core.support.AbstractContextSource [restartedMain] Property 'userDn' not set - anonymous context will be used for read-write operations
2023-02-22 16:43:10,110 INFO org.springframework.boot.devtools.autoconfigure.OptionalLiveReloadServer [restartedMain] LiveReload server is running on port 35729
2023-02-22 16:43:10,131 INFO org.apache.juli.logging.DirectJDKLog [restartedMain] Starting ProtocolHandler ["http-nio-8080"]
2023-02-22 16:43:10,146 INFO org.springframework.boot.web.embedded.tomcat.TomcatWebServer [restartedMain] Tomcat started on port(s): 8080 (http) with context path ''
2023-02-22 16:43:10,158 INFO org.springframework.boot.StartupInfoLogger [restartedMain] Started LdapManager in 4.466 seconds (JVM running for 5.602)
2023-02-22 18:00:21,236 INFO org.springframework.boot.admin.SpringApplicationAdminMXBeanRegistrar$SpringApplicationAdmin [RMI TCP Connection(81)-127.0.0.1] Application shutdown requested.
2023-02-22 18:00:21,253 INFO org.springframework.orm.jpa.AbstractEntityManagerFactoryBean [RMI TCP Connection(81)-127.0.0.1] Closing JPA EntityManagerFactory for persistence unit 'default'
2023-02-22 18:00:21,258 INFO com.zaxxer.hikari.HikariDataSource [RMI TCP Connection(81)-127.0.0.1] HikariPool-1 - Shutdown initiated...
2023-02-22 18:00:21,270 INFO com.zaxxer.hikari.HikariDataSource [RMI TCP Connection(81)-127.0.0.1] HikariPool-1 - Shutdown completed.
