2023-10-24 08:02:57,544 INFO org.hibernate.validator.internal.util.Version [background-preinit] HV000001: Hibernate Validator 6.2.0.Final
2023-10-24 08:02:57,615 INFO org.springframework.boot.logging.DeferredLog [restartedMain] The Class-Path manifest attribute in C:\Users\gustavo.paulus\.m2\repository\javax\mail\mail\1.4\mail-1.4.jar referenced one or more files that do not exist: file:/C:/Users/gustavo.paulus/.m2/repository/javax/mail/mail/1.4/activation.jar
2023-10-24 08:02:57,616 INFO org.springframework.boot.logging.DeferredLog [restartedMain] Devtools property defaults active! Set 'spring.devtools.add-properties' to 'false' to disable
2023-10-24 08:02:57,617 INFO org.springframework.boot.logging.DeferredLog [restartedMain] For additional web related logging consider setting the 'logging.level.web' property to 'DEBUG'
2023-10-24 08:02:58,880 INFO org.springframework.data.repository.config.RepositoryConfigurationDelegate [restartedMain] Multiple Spring Data modules found, entering strict repository configuration mode!
2023-10-24 08:02:58,881 INFO org.springframework.data.repository.config.RepositoryConfigurationDelegate [restartedMain] Bootstrapping Spring Data JPA repositories in DEFAULT mode.
2023-10-24 08:02:58,972 INFO org.springframework.data.repository.config.RepositoryConfigurationDelegate [restartedMain] Finished Spring Data repository scanning in 82 ms. Found 5 JPA repository interfaces.
2023-10-24 08:02:58,981 INFO org.springframework.data.repository.config.RepositoryConfigurationDelegate [restartedMain] Multiple Spring Data modules found, entering strict repository configuration mode!
2023-10-24 08:02:58,982 INFO org.springframework.data.repository.config.RepositoryConfigurationDelegate [restartedMain] Bootstrapping Spring Data LDAP repositories in DEFAULT mode.
2023-10-24 08:02:59,015 INFO org.springframework.data.repository.config.RepositoryConfigurationExtensionSupport [restartedMain] Spring Data LDAP - Could not safely identify store assignment for repository candidate interface br.edu.ifrs.ibiruba.ldapmanager.repositories.AlunoCursoRepository. If you want this repository to be a LDAP repository, consider annotating your entities with one of these annotations: org.springframework.ldap.odm.annotations.Entry (preferred), or consider extending one of the following types with your repository: org.springframework.data.ldap.repository.LdapRepository.
2023-10-24 08:02:59,016 INFO org.springframework.data.repository.config.RepositoryConfigurationExtensionSupport [restartedMain] Spring Data LDAP - Could not safely identify store assignment for repository candidate interface br.edu.ifrs.ibiruba.ldapmanager.repositories.AlunoRepository. If you want this repository to be a LDAP repository, consider annotating your entities with one of these annotations: org.springframework.ldap.odm.annotations.Entry (preferred), or consider extending one of the following types with your repository: org.springframework.data.ldap.repository.LdapRepository.
2023-10-24 08:02:59,018 INFO org.springframework.data.repository.config.RepositoryConfigurationExtensionSupport [restartedMain] Spring Data LDAP - Could not safely identify store assignment for repository candidate interface br.edu.ifrs.ibiruba.ldapmanager.repositories.ServidorAuthenticatorRepository. If you want this repository to be a LDAP repository, consider annotating your entities with one of these annotations: org.springframework.ldap.odm.annotations.Entry (preferred), or consider extending one of the following types with your repository: org.springframework.data.ldap.repository.LdapRepository.
2023-10-24 08:02:59,019 INFO org.springframework.data.repository.config.RepositoryConfigurationExtensionSupport [restartedMain] Spring Data LDAP - Could not safely identify store assignment for repository candidate interface br.edu.ifrs.ibiruba.ldapmanager.repositories.ServidorCargoRepository. If you want this repository to be a LDAP repository, consider annotating your entities with one of these annotations: org.springframework.ldap.odm.annotations.Entry (preferred), or consider extending one of the following types with your repository: org.springframework.data.ldap.repository.LdapRepository.
2023-10-24 08:02:59,020 INFO org.springframework.data.repository.config.RepositoryConfigurationExtensionSupport [restartedMain] Spring Data LDAP - Could not safely identify store assignment for repository candidate interface br.edu.ifrs.ibiruba.ldapmanager.repositories.ServidorRepository. If you want this repository to be a LDAP repository, consider annotating your entities with one of these annotations: org.springframework.ldap.odm.annotations.Entry (preferred), or consider extending one of the following types with your repository: org.springframework.data.ldap.repository.LdapRepository.
2023-10-24 08:02:59,021 INFO org.springframework.data.repository.config.RepositoryConfigurationDelegate [restartedMain] Finished Spring Data repository scanning in 37 ms. Found 0 LDAP repository interfaces.
2023-10-24 08:02:59,724 INFO org.springframework.boot.web.embedded.tomcat.TomcatWebServer [restartedMain] Tomcat initialized with port(s): 8080 (http)
2023-10-24 08:02:59,733 INFO org.apache.juli.logging.DirectJDKLog [restartedMain] Initializing ProtocolHandler ["http-nio-8080"]
2023-10-24 08:02:59,734 INFO org.apache.juli.logging.DirectJDKLog [restartedMain] Starting service [Tomcat]
2023-10-24 08:02:59,734 INFO org.apache.juli.logging.DirectJDKLog [restartedMain] Starting Servlet engine: [Apache Tomcat/9.0.52]
2023-10-24 08:02:59,817 INFO org.apache.juli.logging.DirectJDKLog [restartedMain] Initializing Spring embedded WebApplicationContext
2023-10-24 08:02:59,817 INFO org.springframework.boot.web.servlet.context.ServletWebServerApplicationContext [restartedMain] Root WebApplicationContext: initialization completed in 2199 ms
2023-10-24 08:02:59,970 INFO org.hibernate.jpa.internal.util.LogHelper [restartedMain] HHH000204: Processing PersistenceUnitInfo [name: default]
2023-10-24 08:03:00,028 INFO org.hibernate.Version [restartedMain] HHH000412: Hibernate ORM core version 5.4.32.Final
2023-10-24 08:03:00,157 INFO org.hibernate.annotations.common.reflection.java.JavaReflectionManager [restartedMain] HCANN000001: Hibernate Commons Annotations {5.1.2.Final}
2023-10-24 08:03:00,268 INFO com.zaxxer.hikari.HikariDataSource [restartedMain] HikariPool-1 - Starting...
2023-10-24 08:03:00,605 INFO com.zaxxer.hikari.HikariDataSource [restartedMain] HikariPool-1 - Start completed.
2023-10-24 08:03:00,623 INFO org.hibernate.dialect.Dialect [restartedMain] HHH000400: Using dialect: org.hibernate.dialect.PostgreSQLDialect
2023-10-24 08:03:01,531 INFO org.hibernate.engine.transaction.jta.platform.internal.JtaPlatformInitiator [restartedMain] HHH000490: Using JtaPlatform implementation: [org.hibernate.engine.transaction.jta.platform.internal.NoJtaPlatform]
2023-10-24 08:03:01,542 INFO org.springframework.orm.jpa.AbstractEntityManagerFactoryBean [restartedMain] Initialized JPA EntityManagerFactory for persistence unit 'default'
2023-10-24 08:03:02,216 WARN org.springframework.boot.autoconfigure.orm.jpa.JpaBaseConfiguration$JpaWebConfiguration [restartedMain] spring.jpa.open-in-view is enabled by default. Therefore, database queries may be performed during view rendering. Explicitly configure spring.jpa.open-in-view to disable this warning
2023-10-24 08:03:02,637 INFO org.springframework.security.web.DefaultSecurityFilterChain [restartedMain] Will secure any request with [org.springframework.security.web.context.request.async.WebAsyncManagerIntegrationFilter@62606591, org.springframework.security.web.context.SecurityContextPersistenceFilter@217534c3, org.springframework.security.web.header.HeaderWriterFilter@44bd0b5b, org.springframework.web.filter.CorsFilter@56d4b20d, org.springframework.security.web.authentication.logout.LogoutFilter@77bcca0a, org.springframework.security.web.authentication.UsernamePasswordAuthenticationFilter@52f86565, org.springframework.security.web.savedrequest.RequestCacheAwareFilter@7d25f756, org.springframework.security.web.servletapi.SecurityContextHolderAwareRequestFilter@2862cdf5, org.springframework.security.web.authentication.rememberme.RememberMeAuthenticationFilter@a2eadd0, org.springframework.security.web.authentication.AnonymousAuthenticationFilter@7bcd9f50, org.springframework.security.web.session.SessionManagementFilter@7b229953, org.springframework.security.web.access.ExceptionTranslationFilter@775b7924, org.springframework.security.web.access.intercept.FilterSecurityInterceptor@4e84b210]
2023-10-24 08:03:02,765 WARN org.thymeleaf.templatemode.TemplateMode [restartedMain] [THYMELEAF][restartedMain] Template Mode 'HTML5' is deprecated. Using Template Mode 'HTML' instead.
2023-10-24 08:03:02,843 INFO org.springframework.ldap.core.support.AbstractContextSource [restartedMain] Property 'userDn' not set - anonymous context will be used for read-write operations
2023-10-24 08:03:03,389 INFO org.springframework.boot.devtools.autoconfigure.OptionalLiveReloadServer [restartedMain] LiveReload server is running on port 35729
2023-10-24 08:03:03,412 INFO org.apache.juli.logging.DirectJDKLog [restartedMain] Starting ProtocolHandler ["http-nio-8080"]
2023-10-24 08:03:03,430 INFO org.springframework.boot.web.embedded.tomcat.TomcatWebServer [restartedMain] Tomcat started on port(s): 8080 (http) with context path ''
2023-10-24 11:55:40,625 WARN com.zaxxer.hikari.pool.HikariPool$HouseKeeper [HikariPool-1 housekeeper] HikariPool-1 - Thread starvation or clock leap detected (housekeeper delta=25m6s586ms731µs800ns).
2023-10-24 12:15:59,253 INFO org.springframework.orm.jpa.AbstractEntityManagerFactoryBean [SpringApplicationShutdownHook] Closing JPA EntityManagerFactory for persistence unit 'default'
2023-10-24 12:15:59,272 INFO com.zaxxer.hikari.HikariDataSource [SpringApplicationShutdownHook] HikariPool-1 - Shutdown initiated...
2023-10-24 12:15:59,330 INFO com.zaxxer.hikari.HikariDataSource [SpringApplicationShutdownHook] HikariPool-1 - Shutdown completed.
