2023-02-23 09:08:32,541 INFO org.springframework.boot.StartupInfoLogger [restartedMain] Starting LdapManager using Java 17.0.4.1 on TI58805 with PID 10587 (/home/gustavo/Documentos/workspace-spring-tool-suite-4-4.13.0.RELEASE/ldapmanager/target/classes started by gustavo in /home/gustavo/Documentos/workspace-spring-tool-suite-4-4.13.0.RELEASE/ldapmanager)
2023-02-23 09:08:32,541 DEBUG org.springframework.boot.StartupInfoLogger [restartedMain] Running with Spring Boot v2.7.1, Spring v5.3.21
2023-02-23 09:08:32,541 INFO org.springframework.boot.SpringApplication [restartedMain] No active profile set, falling back to 1 default profile: "default"
2023-02-23 09:08:32,748 INFO org.springframework.data.repository.config.RepositoryConfigurationDelegate [restartedMain] Multiple Spring Data modules found, entering strict repository configuration mode
2023-02-23 09:08:32,749 INFO org.springframework.data.repository.config.RepositoryConfigurationDelegate [restartedMain] Bootstrapping Spring Data JPA repositories in DEFAULT mode.
2023-02-23 09:08:32,763 INFO org.springframework.data.repository.config.RepositoryConfigurationDelegate [restartedMain] Finished Spring Data repository scanning in 13 ms. Found 4 JPA repository interfaces.
2023-02-23 09:08:32,765 INFO org.springframework.data.repository.config.RepositoryConfigurationDelegate [restartedMain] Multiple Spring Data modules found, entering strict repository configuration mode
2023-02-23 09:08:32,765 INFO org.springframework.data.repository.config.RepositoryConfigurationDelegate [restartedMain] Bootstrapping Spring Data LDAP repositories in DEFAULT mode.
2023-02-23 09:08:32,768 INFO org.springframework.data.repository.config.RepositoryConfigurationExtensionSupport [restartedMain] Spring Data LDAP - Could not safely identify store assignment for repository candidate interface br.edu.ifrs.ibiruba.ldapmanager.repositories.AlunoCursoRepository; If you want this repository to be a LDAP repository, consider annotating your entities with one of these annotations: org.springframework.ldap.odm.annotations.Entry (preferred), or consider extending one of the following types with your repository: org.springframework.data.ldap.repository.LdapRepository
2023-02-23 09:08:32,768 INFO org.springframework.data.repository.config.RepositoryConfigurationExtensionSupport [restartedMain] Spring Data LDAP - Could not safely identify store assignment for repository candidate interface br.edu.ifrs.ibiruba.ldapmanager.repositories.AlunoRepository; If you want this repository to be a LDAP repository, consider annotating your entities with one of these annotations: org.springframework.ldap.odm.annotations.Entry (preferred), or consider extending one of the following types with your repository: org.springframework.data.ldap.repository.LdapRepository
2023-02-23 09:08:32,768 INFO org.springframework.data.repository.config.RepositoryConfigurationExtensionSupport [restartedMain] Spring Data LDAP - Could not safely identify store assignment for repository candidate interface br.edu.ifrs.ibiruba.ldapmanager.repositories.ServidorCargoRepository; If you want this repository to be a LDAP repository, consider annotating your entities with one of these annotations: org.springframework.ldap.odm.annotations.Entry (preferred), or consider extending one of the following types with your repository: org.springframework.data.ldap.repository.LdapRepository
2023-02-23 09:08:32,769 INFO org.springframework.data.repository.config.RepositoryConfigurationExtensionSupport [restartedMain] Spring Data LDAP - Could not safely identify store assignment for repository candidate interface br.edu.ifrs.ibiruba.ldapmanager.repositories.ServidorRepository; If you want this repository to be a LDAP repository, consider annotating your entities with one of these annotations: org.springframework.ldap.odm.annotations.Entry (preferred), or consider extending one of the following types with your repository: org.springframework.data.ldap.repository.LdapRepository
2023-02-23 09:08:32,769 INFO org.springframework.data.repository.config.RepositoryConfigurationDelegate [restartedMain] Finished Spring Data repository scanning in 4 ms. Found 0 LDAP repository interfaces.
2023-02-23 09:08:32,912 INFO org.springframework.boot.web.embedded.tomcat.TomcatWebServer [restartedMain] Tomcat initialized with port(s): 8080 (http)
2023-02-23 09:08:32,913 INFO org.apache.juli.logging.DirectJDKLog [restartedMain] Initializing ProtocolHandler ["http-nio-8080"]
2023-02-23 09:08:32,913 INFO org.apache.juli.logging.DirectJDKLog [restartedMain] Starting service [Tomcat]
2023-02-23 09:08:32,913 INFO org.apache.juli.logging.DirectJDKLog [restartedMain] Starting Servlet engine: [Apache Tomcat/9.0.64]
2023-02-23 09:08:32,926 INFO org.apache.juli.logging.DirectJDKLog [restartedMain] Initializing Spring embedded WebApplicationContext
2023-02-23 09:08:32,926 INFO org.springframework.boot.web.servlet.context.ServletWebServerApplicationContext [restartedMain] Root WebApplicationContext: initialization completed in 381 ms
2023-02-23 09:08:32,944 WARN org.apache.juli.logging.DirectJDKLog [restartedMain] Cannot deserialize session attribute [SPRING_SECURITY_CONTEXT] for session [13C2FD2A189C0C7DFB1CB54FEA1341B3]
2023-02-23 09:08:32,976 INFO org.hibernate.jpa.internal.util.LogHelper [restartedMain] HHH000204: Processing PersistenceUnitInfo [name: default]
2023-02-23 09:08:32,982 INFO com.zaxxer.hikari.HikariDataSource [restartedMain] HikariPool-2 - Starting...
2023-02-23 09:08:33,004 INFO com.zaxxer.hikari.HikariDataSource [restartedMain] HikariPool-2 - Start completed.
2023-02-23 09:08:33,004 INFO org.hibernate.dialect.Dialect [restartedMain] HHH000400: Using dialect: org.hibernate.dialect.PostgreSQLDialect
2023-02-23 09:08:33,212 INFO org.hibernate.engine.transaction.jta.platform.internal.JtaPlatformInitiator [restartedMain] HHH000490: Using JtaPlatform implementation: [org.hibernate.engine.transaction.jta.platform.internal.NoJtaPlatform]
2023-02-23 09:08:33,213 INFO org.springframework.orm.jpa.AbstractEntityManagerFactoryBean [restartedMain] Initialized JPA EntityManagerFactory for persistence unit 'default'
2023-02-23 09:08:33,315 WARN org.springframework.boot.autoconfigure.orm.jpa.JpaBaseConfiguration$JpaWebConfiguration [restartedMain] spring.jpa.open-in-view is enabled by default. Therefore, database queries may be performed during view rendering. Explicitly configure spring.jpa.open-in-view to disable this warning
2023-02-23 09:08:33,478 INFO org.springframework.security.web.DefaultSecurityFilterChain [restartedMain] Will secure any request with [org.springframework.security.web.context.request.async.WebAsyncManagerIntegrationFilter@208fe706, org.springframework.security.web.context.SecurityContextPersistenceFilter@5f2290bd, org.springframework.security.web.header.HeaderWriterFilter@73e5367f, org.springframework.web.filter.CorsFilter@30ce760c, org.springframework.security.web.authentication.logout.LogoutFilter@1c60670c, org.springframework.security.web.authentication.UsernamePasswordAuthenticationFilter@5beda673, org.springframework.security.web.savedrequest.RequestCacheAwareFilter@439c124e, org.springframework.security.web.servletapi.SecurityContextHolderAwareRequestFilter@1910928c, org.springframework.security.web.authentication.rememberme.RememberMeAuthenticationFilter@279aa2ea, org.springframework.security.web.authentication.AnonymousAuthenticationFilter@1dda0b68, org.springframework.security.web.session.SessionManagementFilter@99c967, org.springframework.security.web.access.ExceptionTranslationFilter@667f4bbc, org.springframework.security.web.access.intercept.FilterSecurityInterceptor@76e5d30]
2023-02-23 09:08:33,545 INFO org.springframework.ldap.core.support.AbstractContextSource [restartedMain] Property 'userDn' not set - anonymous context will be used for read-write operations
2023-02-23 09:08:33,562 INFO org.springframework.boot.devtools.autoconfigure.OptionalLiveReloadServer [restartedMain] LiveReload server is running on port 35729
2023-02-23 09:08:33,575 INFO org.apache.juli.logging.DirectJDKLog [restartedMain] Starting ProtocolHandler ["http-nio-8080"]
2023-02-23 09:08:33,577 INFO org.springframework.boot.web.embedded.tomcat.TomcatWebServer [restartedMain] Tomcat started on port(s): 8080 (http) with context path ''
2023-02-23 09:08:33,582 INFO org.springframework.boot.StartupInfoLogger [restartedMain] Started LdapManager in 1.078 seconds (JVM running for 1957.808)
2023-02-23 09:08:33,584 INFO org.springframework.boot.devtools.autoconfigure.ConditionEvaluationDeltaLoggingListener [restartedMain] Condition evaluation unchanged
2023-02-23 09:08:59,301 INFO org.springframework.boot.admin.SpringApplicationAdminMXBeanRegistrar$SpringApplicationAdmin [RMI TCP Connection(36)-127.0.0.1] Application shutdown requested.
2023-02-23 09:08:59,309 INFO org.springframework.orm.jpa.AbstractEntityManagerFactoryBean [RMI TCP Connection(36)-127.0.0.1] Closing JPA EntityManagerFactory for persistence unit 'default'
2023-02-23 09:08:59,310 INFO com.zaxxer.hikari.HikariDataSource [RMI TCP Connection(36)-127.0.0.1] HikariPool-2 - Shutdown initiated...
2023-02-23 09:08:59,320 INFO com.zaxxer.hikari.HikariDataSource [RMI TCP Connection(36)-127.0.0.1] HikariPool-2 - Shutdown completed.
