2023-05-04 11:20:49,569 INFO org.hibernate.validator.internal.util.Version [background-preinit] HV000001: Hibernate Validator 6.2.0.Final
2023-05-04 11:20:49,672 INFO org.springframework.boot.logging.DeferredLog [restartedMain] The Class-Path manifest attribute in /home/gustavo/.m2/repository/javax/mail/mail/1.4/mail-1.4.jar referenced one or more files that do not exist: file:/home/gustavo/.m2/repository/javax/mail/mail/1.4/activation.jar
2023-05-04 11:20:49,672 INFO org.springframework.boot.logging.DeferredLog [restartedMain] Devtools property defaults active! Set 'spring.devtools.add-properties' to 'false' to disable
2023-05-04 11:20:49,672 INFO org.springframework.boot.logging.DeferredLog [restartedMain] For additional web related logging consider setting the 'logging.level.web' property to 'DEBUG'
2023-05-04 11:20:50,479 INFO org.springframework.data.repository.config.RepositoryConfigurationDelegate [restartedMain] Multiple Spring Data modules found, entering strict repository configuration mode
2023-05-04 11:20:50,481 INFO org.springframework.data.repository.config.RepositoryConfigurationDelegate [restartedMain] Bootstrapping Spring Data JPA repositories in DEFAULT mode.
2023-05-04 11:20:50,549 INFO org.springframework.data.repository.config.RepositoryConfigurationDelegate [restartedMain] Finished Spring Data repository scanning in 57 ms. Found 4 JPA repository interfaces.
2023-05-04 11:20:50,556 INFO org.springframework.data.repository.config.RepositoryConfigurationDelegate [restartedMain] Multiple Spring Data modules found, entering strict repository configuration mode
2023-05-04 11:20:50,557 INFO org.springframework.data.repository.config.RepositoryConfigurationDelegate [restartedMain] Bootstrapping Spring Data LDAP repositories in DEFAULT mode.
2023-05-04 11:20:50,564 INFO org.springframework.data.repository.config.RepositoryConfigurationExtensionSupport [restartedMain] Spring Data LDAP - Could not safely identify store assignment for repository candidate interface br.edu.ifrs.ibiruba.ldapmanager.repositories.AlunoCursoRepository; If you want this repository to be a LDAP repository, consider annotating your entities with one of these annotations: org.springframework.ldap.odm.annotations.Entry (preferred), or consider extending one of the following types with your repository: org.springframework.data.ldap.repository.LdapRepository
2023-05-04 11:20:50,565 INFO org.springframework.data.repository.config.RepositoryConfigurationExtensionSupport [restartedMain] Spring Data LDAP - Could not safely identify store assignment for repository candidate interface br.edu.ifrs.ibiruba.ldapmanager.repositories.AlunoRepository; If you want this repository to be a LDAP repository, consider annotating your entities with one of these annotations: org.springframework.ldap.odm.annotations.Entry (preferred), or consider extending one of the following types with your repository: org.springframework.data.ldap.repository.LdapRepository
2023-05-04 11:20:50,566 INFO org.springframework.data.repository.config.RepositoryConfigurationExtensionSupport [restartedMain] Spring Data LDAP - Could not safely identify store assignment for repository candidate interface br.edu.ifrs.ibiruba.ldapmanager.repositories.ServidorCargoRepository; If you want this repository to be a LDAP repository, consider annotating your entities with one of these annotations: org.springframework.ldap.odm.annotations.Entry (preferred), or consider extending one of the following types with your repository: org.springframework.data.ldap.repository.LdapRepository
2023-05-04 11:20:50,566 INFO org.springframework.data.repository.config.RepositoryConfigurationExtensionSupport [restartedMain] Spring Data LDAP - Could not safely identify store assignment for repository candidate interface br.edu.ifrs.ibiruba.ldapmanager.repositories.ServidorRepository; If you want this repository to be a LDAP repository, consider annotating your entities with one of these annotations: org.springframework.ldap.odm.annotations.Entry (preferred), or consider extending one of the following types with your repository: org.springframework.data.ldap.repository.LdapRepository
2023-05-04 11:20:50,567 INFO org.springframework.data.repository.config.RepositoryConfigurationDelegate [restartedMain] Finished Spring Data repository scanning in 8 ms. Found 0 LDAP repository interfaces.
2023-05-04 11:20:51,168 INFO org.springframework.boot.web.embedded.tomcat.TomcatWebServer [restartedMain] Tomcat initialized with port(s): 8080 (http)
2023-05-04 11:20:51,177 INFO org.apache.juli.logging.DirectJDKLog [restartedMain] Initializing ProtocolHandler ["http-nio-8080"]
2023-05-04 11:20:51,177 INFO org.apache.juli.logging.DirectJDKLog [restartedMain] Starting service [Tomcat]
2023-05-04 11:20:51,178 INFO org.apache.juli.logging.DirectJDKLog [restartedMain] Starting Servlet engine: [Apache Tomcat/9.0.64]
2023-05-04 11:20:51,251 INFO org.apache.juli.logging.DirectJDKLog [restartedMain] Initializing Spring embedded WebApplicationContext
2023-05-04 11:20:51,252 INFO org.springframework.boot.web.servlet.context.ServletWebServerApplicationContext [restartedMain] Root WebApplicationContext: initialization completed in 1577 ms
2023-05-04 11:20:51,382 INFO org.hibernate.jpa.internal.util.LogHelper [restartedMain] HHH000204: Processing PersistenceUnitInfo [name: default]
2023-05-04 11:20:51,433 INFO org.hibernate.Version [restartedMain] HHH000412: Hibernate ORM core version 5.6.9.Final
2023-05-04 11:20:51,581 INFO org.hibernate.annotations.common.reflection.java.JavaReflectionManager [restartedMain] HCANN000001: Hibernate Commons Annotations {5.1.2.Final}
2023-05-04 11:20:51,673 INFO com.zaxxer.hikari.HikariDataSource [restartedMain] HikariPool-1 - Starting...
2023-05-04 11:20:51,904 INFO com.zaxxer.hikari.HikariDataSource [restartedMain] HikariPool-1 - Start completed.
2023-05-04 11:20:51,920 INFO org.hibernate.dialect.Dialect [restartedMain] HHH000400: Using dialect: org.hibernate.dialect.PostgreSQLDialect
2023-05-04 11:20:52,586 INFO org.hibernate.engine.transaction.jta.platform.internal.JtaPlatformInitiator [restartedMain] HHH000490: Using JtaPlatform implementation: [org.hibernate.engine.transaction.jta.platform.internal.NoJtaPlatform]
2023-05-04 11:20:52,594 INFO org.springframework.orm.jpa.AbstractEntityManagerFactoryBean [restartedMain] Initialized JPA EntityManagerFactory for persistence unit 'default'
2023-05-04 11:20:53,068 WARN org.springframework.boot.autoconfigure.orm.jpa.JpaBaseConfiguration$JpaWebConfiguration [restartedMain] spring.jpa.open-in-view is enabled by default. Therefore, database queries may be performed during view rendering. Explicitly configure spring.jpa.open-in-view to disable this warning
2023-05-04 11:20:53,466 INFO org.springframework.security.web.DefaultSecurityFilterChain [restartedMain] Will secure any request with [org.springframework.security.web.context.request.async.WebAsyncManagerIntegrationFilter@255a4b1c, org.springframework.security.web.context.SecurityContextPersistenceFilter@35219c29, org.springframework.security.web.header.HeaderWriterFilter@a2d6fe2, org.springframework.web.filter.CorsFilter@75cb3423, org.springframework.security.web.authentication.logout.LogoutFilter@315362fd, org.springframework.security.web.authentication.UsernamePasswordAuthenticationFilter@aaa5cda, org.springframework.security.web.savedrequest.RequestCacheAwareFilter@2ccab1b6, org.springframework.security.web.servletapi.SecurityContextHolderAwareRequestFilter@38e606cb, org.springframework.security.web.authentication.rememberme.RememberMeAuthenticationFilter@6d452f76, org.springframework.security.web.authentication.AnonymousAuthenticationFilter@7a46ba5e, org.springframework.security.web.session.SessionManagementFilter@49ee4200, org.springframework.security.web.access.ExceptionTranslationFilter@60f1ee17, org.springframework.security.web.access.intercept.FilterSecurityInterceptor@22385967]
2023-05-04 11:20:53,666 INFO org.springframework.ldap.core.support.AbstractContextSource [restartedMain] Property 'userDn' not set - anonymous context will be used for read-write operations
2023-05-04 11:20:53,745 INFO org.springframework.boot.devtools.autoconfigure.OptionalLiveReloadServer [restartedMain] LiveReload server is running on port 35729
2023-05-04 11:20:53,768 INFO org.apache.juli.logging.DirectJDKLog [restartedMain] Starting ProtocolHandler ["http-nio-8080"]
2023-05-04 11:20:53,782 INFO org.springframework.boot.web.embedded.tomcat.TomcatWebServer [restartedMain] Tomcat started on port(s): 8080 (http) with context path ''
2023-05-04 11:21:15,318 INFO org.apache.juli.logging.DirectJDKLog [http-nio-8080-exec-1] Initializing Spring DispatcherServlet 'dispatcherServlet'
2023-05-04 11:21:15,318 INFO org.springframework.web.servlet.FrameworkServlet [http-nio-8080-exec-1] Initializing Servlet 'dispatcherServlet'
2023-05-04 11:21:15,319 INFO org.springframework.web.servlet.FrameworkServlet [http-nio-8080-exec-1] Completed initialization in 1 ms
2023-05-04 11:22:27,785 INFO org.springframework.orm.jpa.AbstractEntityManagerFactoryBean [Thread-5] Closing JPA EntityManagerFactory for persistence unit 'default'
2023-05-04 11:22:27,788 INFO com.zaxxer.hikari.HikariDataSource [Thread-5] HikariPool-1 - Shutdown initiated...
2023-05-04 11:22:27,800 INFO com.zaxxer.hikari.HikariDataSource [Thread-5] HikariPool-1 - Shutdown completed.
2023-05-04 11:22:28,068 INFO org.springframework.data.repository.config.RepositoryConfigurationDelegate [restartedMain] Multiple Spring Data modules found, entering strict repository configuration mode
2023-05-04 11:22:28,068 INFO org.springframework.data.repository.config.RepositoryConfigurationDelegate [restartedMain] Bootstrapping Spring Data JPA repositories in DEFAULT mode.
2023-05-04 11:22:28,084 INFO org.springframework.data.repository.config.RepositoryConfigurationDelegate [restartedMain] Finished Spring Data repository scanning in 15 ms. Found 4 JPA repository interfaces.
2023-05-04 11:22:28,086 INFO org.springframework.data.repository.config.RepositoryConfigurationDelegate [restartedMain] Multiple Spring Data modules found, entering strict repository configuration mode
2023-05-04 11:22:28,086 INFO org.springframework.data.repository.config.RepositoryConfigurationDelegate [restartedMain] Bootstrapping Spring Data LDAP repositories in DEFAULT mode.
2023-05-04 11:22:28,089 INFO org.springframework.data.repository.config.RepositoryConfigurationExtensionSupport [restartedMain] Spring Data LDAP - Could not safely identify store assignment for repository candidate interface br.edu.ifrs.ibiruba.ldapmanager.repositories.AlunoCursoRepository; If you want this repository to be a LDAP repository, consider annotating your entities with one of these annotations: org.springframework.ldap.odm.annotations.Entry (preferred), or consider extending one of the following types with your repository: org.springframework.data.ldap.repository.LdapRepository
2023-05-04 11:22:28,090 INFO org.springframework.data.repository.config.RepositoryConfigurationExtensionSupport [restartedMain] Spring Data LDAP - Could not safely identify store assignment for repository candidate interface br.edu.ifrs.ibiruba.ldapmanager.repositories.AlunoRepository; If you want this repository to be a LDAP repository, consider annotating your entities with one of these annotations: org.springframework.ldap.odm.annotations.Entry (preferred), or consider extending one of the following types with your repository: org.springframework.data.ldap.repository.LdapRepository
2023-05-04 11:22:28,090 INFO org.springframework.data.repository.config.RepositoryConfigurationExtensionSupport [restartedMain] Spring Data LDAP - Could not safely identify store assignment for repository candidate interface br.edu.ifrs.ibiruba.ldapmanager.repositories.ServidorCargoRepository; If you want this repository to be a LDAP repository, consider annotating your entities with one of these annotations: org.springframework.ldap.odm.annotations.Entry (preferred), or consider extending one of the following types with your repository: org.springframework.data.ldap.repository.LdapRepository
2023-05-04 11:22:28,090 INFO org.springframework.data.repository.config.RepositoryConfigurationExtensionSupport [restartedMain] Spring Data LDAP - Could not safely identify store assignment for repository candidate interface br.edu.ifrs.ibiruba.ldapmanager.repositories.ServidorRepository; If you want this repository to be a LDAP repository, consider annotating your entities with one of these annotations: org.springframework.ldap.odm.annotations.Entry (preferred), or consider extending one of the following types with your repository: org.springframework.data.ldap.repository.LdapRepository
2023-05-04 11:22:28,090 INFO org.springframework.data.repository.config.RepositoryConfigurationDelegate [restartedMain] Finished Spring Data repository scanning in 4 ms. Found 0 LDAP repository interfaces.
2023-05-04 11:22:28,201 INFO org.springframework.boot.web.embedded.tomcat.TomcatWebServer [restartedMain] Tomcat initialized with port(s): 8080 (http)
2023-05-04 11:22:28,201 INFO org.apache.juli.logging.DirectJDKLog [restartedMain] Initializing ProtocolHandler ["http-nio-8080"]
2023-05-04 11:22:28,202 INFO org.apache.juli.logging.DirectJDKLog [restartedMain] Starting service [Tomcat]
2023-05-04 11:22:28,202 INFO org.apache.juli.logging.DirectJDKLog [restartedMain] Starting Servlet engine: [Apache Tomcat/9.0.64]
2023-05-04 11:22:28,226 INFO org.apache.juli.logging.DirectJDKLog [restartedMain] Initializing Spring embedded WebApplicationContext
2023-05-04 11:22:28,226 INFO org.springframework.boot.web.servlet.context.ServletWebServerApplicationContext [restartedMain] Root WebApplicationContext: initialization completed in 343 ms
2023-05-04 11:22:28,243 WARN org.apache.juli.logging.DirectJDKLog [restartedMain] Cannot deserialize session attribute [SPRING_SECURITY_CONTEXT] for session [D9B125AEBA2B62169AC24F3E9A79C5F8]
2023-05-04 11:22:28,272 INFO org.hibernate.jpa.internal.util.LogHelper [restartedMain] HHH000204: Processing PersistenceUnitInfo [name: default]
2023-05-04 11:22:28,279 INFO com.zaxxer.hikari.HikariDataSource [restartedMain] HikariPool-2 - Starting...
2023-05-04 11:22:28,313 INFO com.zaxxer.hikari.HikariDataSource [restartedMain] HikariPool-2 - Start completed.
2023-05-04 11:22:28,313 INFO org.hibernate.dialect.Dialect [restartedMain] HHH000400: Using dialect: org.hibernate.dialect.PostgreSQLDialect
2023-05-04 11:22:28,493 INFO org.hibernate.engine.transaction.jta.platform.internal.JtaPlatformInitiator [restartedMain] HHH000490: Using JtaPlatform implementation: [org.hibernate.engine.transaction.jta.platform.internal.NoJtaPlatform]
2023-05-04 11:22:28,494 INFO org.springframework.orm.jpa.AbstractEntityManagerFactoryBean [restartedMain] Initialized JPA EntityManagerFactory for persistence unit 'default'
2023-05-04 11:22:28,667 WARN org.springframework.boot.autoconfigure.orm.jpa.JpaBaseConfiguration$JpaWebConfiguration [restartedMain] spring.jpa.open-in-view is enabled by default. Therefore, database queries may be performed during view rendering. Explicitly configure spring.jpa.open-in-view to disable this warning
2023-05-04 11:22:28,812 INFO org.springframework.security.web.DefaultSecurityFilterChain [restartedMain] Will secure any request with [org.springframework.security.web.context.request.async.WebAsyncManagerIntegrationFilter@79c7fa76, org.springframework.security.web.context.SecurityContextPersistenceFilter@7ff5a5f8, org.springframework.security.web.header.HeaderWriterFilter@1bbd8702, org.springframework.web.filter.CorsFilter@3d1c0316, org.springframework.security.web.authentication.logout.LogoutFilter@55be223a, org.springframework.security.web.authentication.UsernamePasswordAuthenticationFilter@2b971e72, org.springframework.security.web.savedrequest.RequestCacheAwareFilter@2b9114d6, org.springframework.security.web.servletapi.SecurityContextHolderAwareRequestFilter@5ce30331, org.springframework.security.web.authentication.rememberme.RememberMeAuthenticationFilter@2684ac44, org.springframework.security.web.authentication.AnonymousAuthenticationFilter@225021db, org.springframework.security.web.session.SessionManagementFilter@7615a367, org.springframework.security.web.access.ExceptionTranslationFilter@47c27e5e, org.springframework.security.web.access.intercept.FilterSecurityInterceptor@6e4d50a5]
2023-05-04 11:22:28,869 INFO org.springframework.ldap.core.support.AbstractContextSource [restartedMain] Property 'userDn' not set - anonymous context will be used for read-write operations
2023-05-04 11:22:28,884 INFO org.springframework.boot.devtools.autoconfigure.OptionalLiveReloadServer [restartedMain] LiveReload server is running on port 35729
2023-05-04 11:22:28,897 INFO org.apache.juli.logging.DirectJDKLog [restartedMain] Starting ProtocolHandler ["http-nio-8080"]
2023-05-04 11:22:28,899 INFO org.springframework.boot.web.embedded.tomcat.TomcatWebServer [restartedMain] Tomcat started on port(s): 8080 (http) with context path ''
2023-05-04 11:22:28,906 INFO org.springframework.boot.devtools.autoconfigure.ConditionEvaluationDeltaLoggingListener [restartedMain] Condition evaluation unchanged
2023-05-04 11:30:07,884 INFO org.apache.juli.logging.DirectJDKLog [http-nio-8080-exec-1] Initializing Spring DispatcherServlet 'dispatcherServlet'
2023-05-04 11:30:07,884 INFO org.springframework.web.servlet.FrameworkServlet [http-nio-8080-exec-1] Initializing Servlet 'dispatcherServlet'
2023-05-04 11:30:07,885 INFO org.springframework.web.servlet.FrameworkServlet [http-nio-8080-exec-1] Completed initialization in 1 ms
2023-05-04 12:50:39,033 INFO org.springframework.boot.admin.SpringApplicationAdminMXBeanRegistrar$SpringApplicationAdmin [RMI TCP Connection(119)-127.0.0.1] Application shutdown requested.
2023-05-04 12:50:39,039 INFO org.springframework.orm.jpa.AbstractEntityManagerFactoryBean [RMI TCP Connection(119)-127.0.0.1] Closing JPA EntityManagerFactory for persistence unit 'default'
2023-05-04 12:50:39,040 INFO com.zaxxer.hikari.HikariDataSource [RMI TCP Connection(119)-127.0.0.1] HikariPool-2 - Shutdown initiated...
2023-05-04 12:50:39,051 INFO com.zaxxer.hikari.HikariDataSource [RMI TCP Connection(119)-127.0.0.1] HikariPool-2 - Shutdown completed.
