2023-01-02 09:14:20,102 INFO org.springframework.boot.StartupInfoLogger [restartedMain] Starting LdapManager using Java 17.0.4.1 on TI58805 with PID 11100 (/home/gustavo/Documentos/workspace-spring-tool-suite-4-4.13.0.RELEASE/ldapmanager/target/classes started by gustavo in /home/gustavo/Documentos/workspace-spring-tool-suite-4-4.13.0.RELEASE/ldapmanager)
2023-01-02 09:14:20,103 INFO org.springframework.boot.SpringApplication [restartedMain] No active profile set, falling back to 1 default profile: "default"
2023-01-02 09:14:20,270 INFO org.springframework.data.repository.config.RepositoryConfigurationDelegate [restartedMain] Multiple Spring Data modules found, entering strict repository configuration mode
2023-01-02 09:14:20,270 INFO org.springframework.data.repository.config.RepositoryConfigurationDelegate [restartedMain] Bootstrapping Spring Data JPA repositories in DEFAULT mode.
2023-01-02 09:14:20,283 INFO org.springframework.data.repository.config.RepositoryConfigurationDelegate [restartedMain] Finished Spring Data repository scanning in 12 ms. Found 4 JPA repository interfaces.
2023-01-02 09:14:20,284 INFO org.springframework.data.repository.config.RepositoryConfigurationDelegate [restartedMain] Multiple Spring Data modules found, entering strict repository configuration mode
2023-01-02 09:14:20,285 INFO org.springframework.data.repository.config.RepositoryConfigurationDelegate [restartedMain] Bootstrapping Spring Data LDAP repositories in DEFAULT mode.
2023-01-02 09:14:20,287 INFO org.springframework.data.repository.config.RepositoryConfigurationExtensionSupport [restartedMain] Spring Data LDAP - Could not safely identify store assignment for repository candidate interface br.edu.ifrs.ibiruba.ldapmanager.repositories.AlunoCursoRepository; If you want this repository to be a LDAP repository, consider annotating your entities with one of these annotations: org.springframework.ldap.odm.annotations.Entry (preferred), or consider extending one of the following types with your repository: org.springframework.data.ldap.repository.LdapRepository
2023-01-02 09:14:20,287 INFO org.springframework.data.repository.config.RepositoryConfigurationExtensionSupport [restartedMain] Spring Data LDAP - Could not safely identify store assignment for repository candidate interface br.edu.ifrs.ibiruba.ldapmanager.repositories.AlunoRepository; If you want this repository to be a LDAP repository, consider annotating your entities with one of these annotations: org.springframework.ldap.odm.annotations.Entry (preferred), or consider extending one of the following types with your repository: org.springframework.data.ldap.repository.LdapRepository
2023-01-02 09:14:20,288 INFO org.springframework.data.repository.config.RepositoryConfigurationExtensionSupport [restartedMain] Spring Data LDAP - Could not safely identify store assignment for repository candidate interface br.edu.ifrs.ibiruba.ldapmanager.repositories.ServidorCargoRepository; If you want this repository to be a LDAP repository, consider annotating your entities with one of these annotations: org.springframework.ldap.odm.annotations.Entry (preferred), or consider extending one of the following types with your repository: org.springframework.data.ldap.repository.LdapRepository
2023-01-02 09:14:20,288 INFO org.springframework.data.repository.config.RepositoryConfigurationExtensionSupport [restartedMain] Spring Data LDAP - Could not safely identify store assignment for repository candidate interface br.edu.ifrs.ibiruba.ldapmanager.repositories.ServidorRepository; If you want this repository to be a LDAP repository, consider annotating your entities with one of these annotations: org.springframework.ldap.odm.annotations.Entry (preferred), or consider extending one of the following types with your repository: org.springframework.data.ldap.repository.LdapRepository
2023-01-02 09:14:20,288 INFO org.springframework.data.repository.config.RepositoryConfigurationDelegate [restartedMain] Finished Spring Data repository scanning in 3 ms. Found 0 LDAP repository interfaces.
2023-01-02 09:14:20,384 INFO org.springframework.boot.web.embedded.tomcat.TomcatWebServer [restartedMain] Tomcat initialized with port(s): 8080 (http)
2023-01-02 09:14:20,384 INFO org.apache.juli.logging.DirectJDKLog [restartedMain] Initializing ProtocolHandler ["http-nio-8080"]
2023-01-02 09:14:20,385 INFO org.apache.juli.logging.DirectJDKLog [restartedMain] Starting service [Tomcat]
2023-01-02 09:14:20,385 INFO org.apache.juli.logging.DirectJDKLog [restartedMain] Starting Servlet engine: [Apache Tomcat/9.0.64]
2023-01-02 09:14:20,396 INFO org.apache.juli.logging.DirectJDKLog [restartedMain] Initializing Spring embedded WebApplicationContext
2023-01-02 09:14:20,396 INFO org.springframework.boot.web.servlet.context.ServletWebServerApplicationContext [restartedMain] Root WebApplicationContext: initialization completed in 291 ms
2023-01-02 09:14:20,437 INFO org.hibernate.jpa.internal.util.LogHelper [restartedMain] HHH000204: Processing PersistenceUnitInfo [name: default]
2023-01-02 09:14:20,442 INFO com.zaxxer.hikari.HikariDataSource [restartedMain] HikariPool-6 - Starting...
2023-01-02 09:14:20,461 INFO com.zaxxer.hikari.HikariDataSource [restartedMain] HikariPool-6 - Start completed.
2023-01-02 09:14:20,462 INFO org.hibernate.dialect.Dialect [restartedMain] HHH000400: Using dialect: org.hibernate.dialect.PostgreSQLDialect
2023-01-02 09:14:20,566 INFO org.hibernate.engine.transaction.jta.platform.internal.JtaPlatformInitiator [restartedMain] HHH000490: Using JtaPlatform implementation: [org.hibernate.engine.transaction.jta.platform.internal.NoJtaPlatform]
2023-01-02 09:14:20,567 INFO org.springframework.orm.jpa.AbstractEntityManagerFactoryBean [restartedMain] Initialized JPA EntityManagerFactory for persistence unit 'default'
2023-01-02 09:14:20,658 WARN org.springframework.boot.autoconfigure.orm.jpa.JpaBaseConfiguration$JpaWebConfiguration [restartedMain] spring.jpa.open-in-view is enabled by default. Therefore, database queries may be performed during view rendering. Explicitly configure spring.jpa.open-in-view to disable this warning
2023-01-02 09:14:20,817 INFO org.springframework.security.web.DefaultSecurityFilterChain [restartedMain] Will secure any request with [org.springframework.security.web.context.request.async.WebAsyncManagerIntegrationFilter@11fd61d0, org.springframework.security.web.context.SecurityContextPersistenceFilter@4bc75820, org.springframework.security.web.header.HeaderWriterFilter@47674263, org.springframework.web.filter.CorsFilter@2b7e3ecb, org.springframework.security.web.authentication.logout.LogoutFilter@238843b9, org.springframework.security.web.authentication.UsernamePasswordAuthenticationFilter@2af46fa7, org.springframework.security.web.savedrequest.RequestCacheAwareFilter@56a9b518, org.springframework.security.web.servletapi.SecurityContextHolderAwareRequestFilter@2b2091f4, org.springframework.security.web.authentication.rememberme.RememberMeAuthenticationFilter@13ed08d1, org.springframework.security.web.authentication.AnonymousAuthenticationFilter@1574d551, org.springframework.security.web.session.SessionManagementFilter@24f7d2b, org.springframework.security.web.access.ExceptionTranslationFilter@740d2fd7, org.springframework.security.web.access.intercept.FilterSecurityInterceptor@283e81bf]
2023-01-02 09:14:20,874 INFO org.springframework.ldap.core.support.AbstractContextSource [restartedMain] Property 'userDn' not set - anonymous context will be used for read-write operations
2023-01-02 09:14:20,887 INFO org.springframework.boot.devtools.autoconfigure.OptionalLiveReloadServer [restartedMain] LiveReload server is running on port 35729
2023-01-02 09:14:20,898 INFO org.apache.juli.logging.DirectJDKLog [restartedMain] Starting ProtocolHandler ["http-nio-8080"]
2023-01-02 09:14:20,901 INFO org.springframework.boot.web.embedded.tomcat.TomcatWebServer [restartedMain] Tomcat started on port(s): 8080 (http) with context path ''
2023-01-02 09:14:20,906 INFO org.springframework.boot.StartupInfoLogger [restartedMain] Started LdapManager in 0.83 seconds (JVM running for 2738.973)
2023-01-02 09:14:20,907 INFO org.springframework.boot.devtools.autoconfigure.ConditionEvaluationDeltaLoggingListener [restartedMain] Condition evaluation unchanged
2023-01-02 09:16:07,293 INFO org.springframework.orm.jpa.AbstractEntityManagerFactoryBean [Thread-173] Closing JPA EntityManagerFactory for persistence unit 'default'
2023-01-02 09:16:07,295 INFO com.zaxxer.hikari.HikariDataSource [Thread-173] HikariPool-6 - Shutdown initiated...
2023-01-02 09:16:07,321 INFO com.zaxxer.hikari.HikariDataSource [Thread-173] HikariPool-6 - Shutdown completed.
2023-01-02 09:16:07,480 INFO org.springframework.boot.StartupInfoLogger [restartedMain] Starting LdapManager using Java 17.0.4.1 on TI58805 with PID 11100 (/home/gustavo/Documentos/workspace-spring-tool-suite-4-4.13.0.RELEASE/ldapmanager/target/classes started by gustavo in /home/gustavo/Documentos/workspace-spring-tool-suite-4-4.13.0.RELEASE/ldapmanager)
2023-01-02 09:16:07,481 INFO org.springframework.boot.SpringApplication [restartedMain] No active profile set, falling back to 1 default profile: "default"
2023-01-02 09:16:07,686 INFO org.springframework.data.repository.config.RepositoryConfigurationDelegate [restartedMain] Multiple Spring Data modules found, entering strict repository configuration mode
2023-01-02 09:16:07,687 INFO org.springframework.data.repository.config.RepositoryConfigurationDelegate [restartedMain] Bootstrapping Spring Data JPA repositories in DEFAULT mode.
2023-01-02 09:16:07,687 INFO org.springframework.data.repository.config.RepositoryConfigurationDelegate [restartedMain] Finished Spring Data repository scanning in 0 ms. Found 0 JPA repository interfaces.
2023-01-02 09:16:07,689 INFO org.springframework.data.repository.config.RepositoryConfigurationDelegate [restartedMain] Multiple Spring Data modules found, entering strict repository configuration mode
2023-01-02 09:16:07,689 INFO org.springframework.data.repository.config.RepositoryConfigurationDelegate [restartedMain] Bootstrapping Spring Data LDAP repositories in DEFAULT mode.
2023-01-02 09:16:07,690 INFO org.springframework.data.repository.config.RepositoryConfigurationDelegate [restartedMain] Finished Spring Data repository scanning in 0 ms. Found 0 LDAP repository interfaces.
2023-01-02 09:16:07,823 INFO org.springframework.boot.web.embedded.tomcat.TomcatWebServer [restartedMain] Tomcat initialized with port(s): 8080 (http)
2023-01-02 09:16:07,824 INFO org.apache.juli.logging.DirectJDKLog [restartedMain] Initializing ProtocolHandler ["http-nio-8080"]
2023-01-02 09:16:07,825 INFO org.apache.juli.logging.DirectJDKLog [restartedMain] Starting service [Tomcat]
2023-01-02 09:16:07,825 INFO org.apache.juli.logging.DirectJDKLog [restartedMain] Starting Servlet engine: [Apache Tomcat/9.0.64]
2023-01-02 09:16:07,838 INFO org.apache.juli.logging.DirectJDKLog [restartedMain] Initializing Spring embedded WebApplicationContext
2023-01-02 09:16:07,839 INFO org.springframework.boot.web.servlet.context.ServletWebServerApplicationContext [restartedMain] Root WebApplicationContext: initialization completed in 355 ms
2023-01-02 09:16:07,920 INFO org.hibernate.jpa.internal.util.LogHelper [restartedMain] HHH000204: Processing PersistenceUnitInfo [name: default]
2023-01-02 09:16:07,930 INFO com.zaxxer.hikari.HikariDataSource [restartedMain] HikariPool-7 - Starting...
2023-01-02 09:16:07,961 INFO com.zaxxer.hikari.HikariDataSource [restartedMain] HikariPool-7 - Start completed.
2023-01-02 09:16:07,962 INFO org.hibernate.dialect.Dialect [restartedMain] HHH000400: Using dialect: org.hibernate.dialect.PostgreSQLDialect
2023-01-02 09:16:08,002 INFO org.hibernate.engine.transaction.jta.platform.internal.JtaPlatformInitiator [restartedMain] HHH000490: Using JtaPlatform implementation: [org.hibernate.engine.transaction.jta.platform.internal.NoJtaPlatform]
2023-01-02 09:16:08,002 INFO org.springframework.orm.jpa.AbstractEntityManagerFactoryBean [restartedMain] Initialized JPA EntityManagerFactory for persistence unit 'default'
2023-01-02 09:16:08,033 WARN org.springframework.boot.autoconfigure.orm.jpa.JpaBaseConfiguration$JpaWebConfiguration [restartedMain] spring.jpa.open-in-view is enabled by default. Therefore, database queries may be performed during view rendering. Explicitly configure spring.jpa.open-in-view to disable this warning
2023-01-02 09:16:08,191 INFO org.springframework.ldap.core.support.AbstractContextSource [restartedMain] Property 'userDn' not set - anonymous context will be used for read-write operations
2023-01-02 09:16:08,212 WARN org.springframework.boot.autoconfigure.security.servlet.UserDetailsServiceAutoConfiguration [restartedMain] 

Using generated security password: 0eae5342-9281-42c8-9ac8-da0bcc280823

This generated password is for development use only. Your security configuration must be updated before running your application in production.

2023-01-02 09:16:08,230 INFO org.springframework.security.web.DefaultSecurityFilterChain [restartedMain] Will secure any request with [org.springframework.security.web.context.request.async.WebAsyncManagerIntegrationFilter@718b9330, org.springframework.security.web.context.SecurityContextPersistenceFilter@1a9d644a, org.springframework.security.web.header.HeaderWriterFilter@52ea0b5e, org.springframework.security.web.csrf.CsrfFilter@6de57140, org.springframework.security.web.authentication.logout.LogoutFilter@5cd4787c, org.springframework.security.web.authentication.UsernamePasswordAuthenticationFilter@29bd2efc, org.springframework.security.web.authentication.ui.DefaultLoginPageGeneratingFilter@3da5eb31, org.springframework.security.web.authentication.ui.DefaultLogoutPageGeneratingFilter@33f3f4ac, org.springframework.security.web.authentication.www.BasicAuthenticationFilter@464f00e8, org.springframework.security.web.savedrequest.RequestCacheAwareFilter@40d38236, org.springframework.security.web.servletapi.SecurityContextHolderAwareRequestFilter@4261c189, org.springframework.security.web.authentication.AnonymousAuthenticationFilter@73f9f6e0, org.springframework.security.web.session.SessionManagementFilter@5cb471ed, org.springframework.security.web.access.ExceptionTranslationFilter@a1a01de, org.springframework.security.web.access.intercept.FilterSecurityInterceptor@6f25a3fe]
2023-01-02 09:16:08,248 INFO org.springframework.boot.devtools.autoconfigure.OptionalLiveReloadServer [restartedMain] LiveReload server is running on port 35729
2023-01-02 09:16:08,261 INFO org.apache.juli.logging.DirectJDKLog [restartedMain] Starting ProtocolHandler ["http-nio-8080"]
2023-01-02 09:16:08,336 INFO org.springframework.boot.web.embedded.tomcat.TomcatWebServer [restartedMain] Tomcat started on port(s): 8080 (http) with context path ''
2023-01-02 09:16:08,346 INFO org.springframework.boot.StartupInfoLogger [restartedMain] Started LdapManager in 0.913 seconds (JVM running for 2846.413)
2023-01-02 09:16:08,351 INFO org.springframework.boot.devtools.autoconfigure.ConditionEvaluationDeltaLoggingListener [restartedMain] Condition evaluation delta:


==========================
CONDITION EVALUATION DELTA
==========================


Positive matches:
-----------------

   SpringBootWebSecurityConfiguration.SecurityFilterChainConfiguration matched:
      - AllNestedConditions 2 matched 0 did not; NestedCondition on DefaultWebSecurityCondition.Beans @ConditionalOnMissingBean (types: org.springframework.security.config.annotation.web.configuration.WebSecurityConfigurerAdapter,org.springframework.security.web.SecurityFilterChain; SearchStrategy: all) did not find any beans; NestedCondition on DefaultWebSecurityCondition.Classes @ConditionalOnClass found required classes 'org.springframework.security.web.SecurityFilterChain', 'org.springframework.security.config.annotation.web.builders.HttpSecurity' (DefaultWebSecurityCondition)

   SpringBootWebSecurityConfiguration.WebSecurityEnablerConfiguration matched:
      - @ConditionalOnClass found required class 'org.springframework.security.config.annotation.web.configuration.EnableWebSecurity' (OnClassCondition)
      - @ConditionalOnMissingBean (names: springSecurityFilterChain; SearchStrategy: all) did not find any beans (OnBeanCondition)

   UserDetailsServiceAutoConfiguration matched:
      - @ConditionalOnClass found required class 'org.springframework.security.authentication.AuthenticationManager' (OnClassCondition)
      - @ConditionalOnBean (types: org.springframework.security.config.annotation.ObjectPostProcessor; SearchStrategy: all) found bean 'objectPostProcessor'; @ConditionalOnMissingBean (types: org.springframework.security.authentication.AuthenticationManager,org.springframework.security.authentication.AuthenticationProvider,org.springframework.security.core.userdetails.UserDetailsService,org.springframework.security.authentication.AuthenticationManagerResolver,org.springframework.security.oauth2.jwt.JwtDecoder,org.springframework.security.oauth2.server.resource.introspection.OpaqueTokenIntrospector,org.springframework.security.oauth2.client.registration.ClientRegistrationRepository,org.springframework.security.saml2.provider.service.registration.RelyingPartyRegistrationRepository; SearchStrategy: all) did not find any beans (OnBeanCondition)


Negative matches:
-----------------

    None


Exclusions:
-----------

    None


Unconditional classes:
----------------------

    None



2023-01-02 09:16:09,803 INFO org.springframework.orm.jpa.AbstractEntityManagerFactoryBean [Thread-177] Closing JPA EntityManagerFactory for persistence unit 'default'
2023-01-02 09:16:09,804 INFO com.zaxxer.hikari.HikariDataSource [Thread-177] HikariPool-7 - Shutdown initiated...
2023-01-02 09:16:09,816 INFO com.zaxxer.hikari.HikariDataSource [Thread-177] HikariPool-7 - Shutdown completed.
2023-01-02 09:16:09,947 INFO org.springframework.boot.StartupInfoLogger [restartedMain] Starting LdapManager using Java 17.0.4.1 on TI58805 with PID 11100 (/home/gustavo/Documentos/workspace-spring-tool-suite-4-4.13.0.RELEASE/ldapmanager/target/classes started by gustavo in /home/gustavo/Documentos/workspace-spring-tool-suite-4-4.13.0.RELEASE/ldapmanager)
2023-01-02 09:16:09,947 INFO org.springframework.boot.SpringApplication [restartedMain] No active profile set, falling back to 1 default profile: "default"
2023-01-02 09:16:10,181 INFO org.springframework.data.repository.config.RepositoryConfigurationDelegate [restartedMain] Multiple Spring Data modules found, entering strict repository configuration mode
2023-01-02 09:16:10,181 INFO org.springframework.data.repository.config.RepositoryConfigurationDelegate [restartedMain] Bootstrapping Spring Data JPA repositories in DEFAULT mode.
2023-01-02 09:16:10,200 INFO org.springframework.data.repository.config.RepositoryConfigurationDelegate [restartedMain] Finished Spring Data repository scanning in 18 ms. Found 4 JPA repository interfaces.
2023-01-02 09:16:10,217 INFO org.springframework.data.repository.config.RepositoryConfigurationDelegate [restartedMain] Multiple Spring Data modules found, entering strict repository configuration mode
2023-01-02 09:16:10,218 INFO org.springframework.data.repository.config.RepositoryConfigurationDelegate [restartedMain] Bootstrapping Spring Data LDAP repositories in DEFAULT mode.
2023-01-02 09:16:10,221 INFO org.springframework.data.repository.config.RepositoryConfigurationExtensionSupport [restartedMain] Spring Data LDAP - Could not safely identify store assignment for repository candidate interface br.edu.ifrs.ibiruba.ldapmanager.repositories.AlunoCursoRepository; If you want this repository to be a LDAP repository, consider annotating your entities with one of these annotations: org.springframework.ldap.odm.annotations.Entry (preferred), or consider extending one of the following types with your repository: org.springframework.data.ldap.repository.LdapRepository
2023-01-02 09:16:10,221 INFO org.springframework.data.repository.config.RepositoryConfigurationExtensionSupport [restartedMain] Spring Data LDAP - Could not safely identify store assignment for repository candidate interface br.edu.ifrs.ibiruba.ldapmanager.repositories.AlunoRepository; If you want this repository to be a LDAP repository, consider annotating your entities with one of these annotations: org.springframework.ldap.odm.annotations.Entry (preferred), or consider extending one of the following types with your repository: org.springframework.data.ldap.repository.LdapRepository
2023-01-02 09:16:10,222 INFO org.springframework.data.repository.config.RepositoryConfigurationExtensionSupport [restartedMain] Spring Data LDAP - Could not safely identify store assignment for repository candidate interface br.edu.ifrs.ibiruba.ldapmanager.repositories.ServidorCargoRepository; If you want this repository to be a LDAP repository, consider annotating your entities with one of these annotations: org.springframework.ldap.odm.annotations.Entry (preferred), or consider extending one of the following types with your repository: org.springframework.data.ldap.repository.LdapRepository
2023-01-02 09:16:10,222 INFO org.springframework.data.repository.config.RepositoryConfigurationExtensionSupport [restartedMain] Spring Data LDAP - Could not safely identify store assignment for repository candidate interface br.edu.ifrs.ibiruba.ldapmanager.repositories.ServidorRepository; If you want this repository to be a LDAP repository, consider annotating your entities with one of these annotations: org.springframework.ldap.odm.annotations.Entry (preferred), or consider extending one of the following types with your repository: org.springframework.data.ldap.repository.LdapRepository
2023-01-02 09:16:10,222 INFO org.springframework.data.repository.config.RepositoryConfigurationDelegate [restartedMain] Finished Spring Data repository scanning in 4 ms. Found 0 LDAP repository interfaces.
2023-01-02 09:16:10,344 INFO org.springframework.boot.web.embedded.tomcat.TomcatWebServer [restartedMain] Tomcat initialized with port(s): 8080 (http)
2023-01-02 09:16:10,345 INFO org.apache.juli.logging.DirectJDKLog [restartedMain] Initializing ProtocolHandler ["http-nio-8080"]
2023-01-02 09:16:10,346 INFO org.apache.juli.logging.DirectJDKLog [restartedMain] Starting service [Tomcat]
2023-01-02 09:16:10,347 INFO org.apache.juli.logging.DirectJDKLog [restartedMain] Starting Servlet engine: [Apache Tomcat/9.0.64]
2023-01-02 09:16:10,360 INFO org.apache.juli.logging.DirectJDKLog [restartedMain] Initializing Spring embedded WebApplicationContext
2023-01-02 09:16:10,361 INFO org.springframework.boot.web.servlet.context.ServletWebServerApplicationContext [restartedMain] Root WebApplicationContext: initialization completed in 412 ms
2023-01-02 09:16:10,408 INFO org.hibernate.jpa.internal.util.LogHelper [restartedMain] HHH000204: Processing PersistenceUnitInfo [name: default]
2023-01-02 09:16:10,416 INFO com.zaxxer.hikari.HikariDataSource [restartedMain] HikariPool-8 - Starting...
2023-01-02 09:16:10,460 INFO com.zaxxer.hikari.HikariDataSource [restartedMain] HikariPool-8 - Start completed.
2023-01-02 09:16:10,466 INFO org.hibernate.dialect.Dialect [restartedMain] HHH000400: Using dialect: org.hibernate.dialect.PostgreSQLDialect
2023-01-02 09:16:10,678 INFO org.hibernate.engine.transaction.jta.platform.internal.JtaPlatformInitiator [restartedMain] HHH000490: Using JtaPlatform implementation: [org.hibernate.engine.transaction.jta.platform.internal.NoJtaPlatform]
2023-01-02 09:16:10,679 INFO org.springframework.orm.jpa.AbstractEntityManagerFactoryBean [restartedMain] Initialized JPA EntityManagerFactory for persistence unit 'default'
2023-01-02 09:16:10,961 WARN org.springframework.boot.autoconfigure.orm.jpa.JpaBaseConfiguration$JpaWebConfiguration [restartedMain] spring.jpa.open-in-view is enabled by default. Therefore, database queries may be performed during view rendering. Explicitly configure spring.jpa.open-in-view to disable this warning
2023-01-02 09:16:11,329 INFO org.springframework.security.web.DefaultSecurityFilterChain [restartedMain] Will secure any request with [org.springframework.security.web.context.request.async.WebAsyncManagerIntegrationFilter@62294692, org.springframework.security.web.context.SecurityContextPersistenceFilter@7b4dafc2, org.springframework.security.web.header.HeaderWriterFilter@62d422ac, org.springframework.web.filter.CorsFilter@114f2ed3, org.springframework.security.web.authentication.logout.LogoutFilter@4fe6b758, org.springframework.security.web.authentication.UsernamePasswordAuthenticationFilter@10441e4a, org.springframework.security.web.savedrequest.RequestCacheAwareFilter@66dc3702, org.springframework.security.web.servletapi.SecurityContextHolderAwareRequestFilter@255ea837, org.springframework.security.web.authentication.rememberme.RememberMeAuthenticationFilter@501f0904, org.springframework.security.web.authentication.AnonymousAuthenticationFilter@fc597f0, org.springframework.security.web.session.SessionManagementFilter@288a9d6c, org.springframework.security.web.access.ExceptionTranslationFilter@15511ba2, org.springframework.security.web.access.intercept.FilterSecurityInterceptor@7a5dc4bb]
2023-01-02 09:16:11,421 INFO org.springframework.ldap.core.support.AbstractContextSource [restartedMain] Property 'userDn' not set - anonymous context will be used for read-write operations
2023-01-02 09:16:11,471 INFO org.springframework.boot.devtools.autoconfigure.OptionalLiveReloadServer [restartedMain] LiveReload server is running on port 35729
2023-01-02 09:16:11,484 INFO org.apache.juli.logging.DirectJDKLog [restartedMain] Starting ProtocolHandler ["http-nio-8080"]
2023-01-02 09:16:11,558 INFO org.springframework.boot.web.embedded.tomcat.TomcatWebServer [restartedMain] Tomcat started on port(s): 8080 (http) with context path ''
2023-01-02 09:16:11,563 INFO org.springframework.boot.StartupInfoLogger [restartedMain] Started LdapManager in 1.664 seconds (JVM running for 2849.63)
2023-01-02 09:16:11,566 INFO org.springframework.boot.devtools.autoconfigure.ConditionEvaluationDeltaLoggingListener [restartedMain] Condition evaluation delta:


==========================
CONDITION EVALUATION DELTA
==========================


Positive matches:
-----------------

    None


Negative matches:
-----------------

   SpringBootWebSecurityConfiguration.SecurityFilterChainConfiguration:
      Did not match:
         - AllNestedConditions 1 matched 1 did not; NestedCondition on DefaultWebSecurityCondition.Beans @ConditionalOnMissingBean (types: org.springframework.security.config.annotation.web.configuration.WebSecurityConfigurerAdapter,org.springframework.security.web.SecurityFilterChain; SearchStrategy: all) found beans of type 'org.springframework.security.config.annotation.web.configuration.WebSecurityConfigurerAdapter' webSecurityConfig; NestedCondition on DefaultWebSecurityCondition.Classes @ConditionalOnClass found required classes 'org.springframework.security.web.SecurityFilterChain', 'org.springframework.security.config.annotation.web.builders.HttpSecurity' (DefaultWebSecurityCondition)

   SpringBootWebSecurityConfiguration.WebSecurityEnablerConfiguration:
      Did not match:
         - @ConditionalOnMissingBean (names: springSecurityFilterChain; SearchStrategy: all) found beans named springSecurityFilterChain (OnBeanCondition)
      Matched:
         - @ConditionalOnClass found required class 'org.springframework.security.config.annotation.web.configuration.EnableWebSecurity' (OnClassCondition)

   UserDetailsServiceAutoConfiguration:
      Did not match:
         - @ConditionalOnMissingBean (types: org.springframework.security.authentication.AuthenticationManager,org.springframework.security.authentication.AuthenticationProvider,org.springframework.security.core.userdetails.UserDetailsService,org.springframework.security.authentication.AuthenticationManagerResolver,org.springframework.security.oauth2.jwt.JwtDecoder,org.springframework.security.oauth2.server.resource.introspection.OpaqueTokenIntrospector,org.springframework.security.oauth2.client.registration.ClientRegistrationRepository,org.springframework.security.saml2.provider.service.registration.RelyingPartyRegistrationRepository; SearchStrategy: all) found beans of type 'org.springframework.security.core.userdetails.UserDetailsService' userDetailsServiceImpl (OnBeanCondition)
      Matched:
         - @ConditionalOnClass found required class 'org.springframework.security.authentication.AuthenticationManager' (OnClassCondition)


Exclusions:
-----------

    None


Unconditional classes:
----------------------

    None



2023-01-02 09:16:29,004 INFO org.springframework.boot.StartupInfoLogger [restartedMain] Starting LdapManager using Java 17.0.4.1 on TI58805 with PID 14350 (/home/gustavo/Documentos/workspace-spring-tool-suite-4-4.13.0.RELEASE/ldapmanager/target/classes started by gustavo in /home/gustavo/Documentos/workspace-spring-tool-suite-4-4.13.0.RELEASE/ldapmanager)
2023-01-02 09:16:29,007 INFO org.springframework.boot.SpringApplication [restartedMain] No active profile set, falling back to 1 default profile: "default"
2023-01-02 09:16:29,011 INFO org.hibernate.validator.internal.util.Version [background-preinit] HV000001: Hibernate Validator 6.2.0.Final
2023-01-02 09:16:29,053 INFO org.springframework.boot.logging.DeferredLog [restartedMain] The Class-Path manifest attribute in /home/gustavo/.m2/repository/javax/mail/mail/1.4/mail-1.4.jar referenced one or more files that do not exist: file:/home/gustavo/.m2/repository/javax/mail/mail/1.4/activation.jar
2023-01-02 09:16:29,053 INFO org.springframework.boot.logging.DeferredLog [restartedMain] Devtools property defaults active! Set 'spring.devtools.add-properties' to 'false' to disable
2023-01-02 09:16:29,053 INFO org.springframework.boot.logging.DeferredLog [restartedMain] For additional web related logging consider setting the 'logging.level.web' property to 'DEBUG'
2023-01-02 09:16:29,671 INFO org.springframework.data.repository.config.RepositoryConfigurationDelegate [restartedMain] Multiple Spring Data modules found, entering strict repository configuration mode
2023-01-02 09:16:29,673 INFO org.springframework.data.repository.config.RepositoryConfigurationDelegate [restartedMain] Bootstrapping Spring Data JPA repositories in DEFAULT mode.
2023-01-02 09:16:29,731 INFO org.springframework.data.repository.config.RepositoryConfigurationDelegate [restartedMain] Finished Spring Data repository scanning in 50 ms. Found 4 JPA repository interfaces.
2023-01-02 09:16:29,738 INFO org.springframework.data.repository.config.RepositoryConfigurationDelegate [restartedMain] Multiple Spring Data modules found, entering strict repository configuration mode
2023-01-02 09:16:29,739 INFO org.springframework.data.repository.config.RepositoryConfigurationDelegate [restartedMain] Bootstrapping Spring Data LDAP repositories in DEFAULT mode.
2023-01-02 09:16:29,745 INFO org.springframework.data.repository.config.RepositoryConfigurationExtensionSupport [restartedMain] Spring Data LDAP - Could not safely identify store assignment for repository candidate interface br.edu.ifrs.ibiruba.ldapmanager.repositories.AlunoCursoRepository; If you want this repository to be a LDAP repository, consider annotating your entities with one of these annotations: org.springframework.ldap.odm.annotations.Entry (preferred), or consider extending one of the following types with your repository: org.springframework.data.ldap.repository.LdapRepository
2023-01-02 09:16:29,746 INFO org.springframework.data.repository.config.RepositoryConfigurationExtensionSupport [restartedMain] Spring Data LDAP - Could not safely identify store assignment for repository candidate interface br.edu.ifrs.ibiruba.ldapmanager.repositories.AlunoRepository; If you want this repository to be a LDAP repository, consider annotating your entities with one of these annotations: org.springframework.ldap.odm.annotations.Entry (preferred), or consider extending one of the following types with your repository: org.springframework.data.ldap.repository.LdapRepository
2023-01-02 09:16:29,747 INFO org.springframework.data.repository.config.RepositoryConfigurationExtensionSupport [restartedMain] Spring Data LDAP - Could not safely identify store assignment for repository candidate interface br.edu.ifrs.ibiruba.ldapmanager.repositories.ServidorCargoRepository; If you want this repository to be a LDAP repository, consider annotating your entities with one of these annotations: org.springframework.ldap.odm.annotations.Entry (preferred), or consider extending one of the following types with your repository: org.springframework.data.ldap.repository.LdapRepository
2023-01-02 09:16:29,747 INFO org.springframework.data.repository.config.RepositoryConfigurationExtensionSupport [restartedMain] Spring Data LDAP - Could not safely identify store assignment for repository candidate interface br.edu.ifrs.ibiruba.ldapmanager.repositories.ServidorRepository; If you want this repository to be a LDAP repository, consider annotating your entities with one of these annotations: org.springframework.ldap.odm.annotations.Entry (preferred), or consider extending one of the following types with your repository: org.springframework.data.ldap.repository.LdapRepository
2023-01-02 09:16:29,747 INFO org.springframework.data.repository.config.RepositoryConfigurationDelegate [restartedMain] Finished Spring Data repository scanning in 7 ms. Found 0 LDAP repository interfaces.
2023-01-02 09:16:30,319 INFO org.springframework.boot.web.embedded.tomcat.TomcatWebServer [restartedMain] Tomcat initialized with port(s): 8080 (http)
2023-01-02 09:16:30,328 INFO org.apache.juli.logging.DirectJDKLog [restartedMain] Initializing ProtocolHandler ["http-nio-8080"]
2023-01-02 09:16:30,329 INFO org.apache.juli.logging.DirectJDKLog [restartedMain] Starting service [Tomcat]
2023-01-02 09:16:30,329 INFO org.apache.juli.logging.DirectJDKLog [restartedMain] Starting Servlet engine: [Apache Tomcat/9.0.64]
2023-01-02 09:16:30,396 INFO org.apache.juli.logging.DirectJDKLog [restartedMain] Initializing Spring embedded WebApplicationContext
2023-01-02 09:16:30,396 INFO org.springframework.boot.web.servlet.context.ServletWebServerApplicationContext [restartedMain] Root WebApplicationContext: initialization completed in 1342 ms
2023-01-02 09:16:30,517 INFO org.hibernate.jpa.internal.util.LogHelper [restartedMain] HHH000204: Processing PersistenceUnitInfo [name: default]
2023-01-02 09:16:30,554 INFO org.hibernate.Version [restartedMain] HHH000412: Hibernate ORM core version 5.6.9.Final
2023-01-02 09:16:30,668 INFO org.hibernate.annotations.common.reflection.java.JavaReflectionManager [restartedMain] HCANN000001: Hibernate Commons Annotations {5.1.2.Final}
2023-01-02 09:16:30,741 INFO com.zaxxer.hikari.HikariDataSource [restartedMain] HikariPool-1 - Starting...
2023-01-02 09:16:30,964 INFO com.zaxxer.hikari.HikariDataSource [restartedMain] HikariPool-1 - Start completed.
2023-01-02 09:16:30,978 INFO org.hibernate.dialect.Dialect [restartedMain] HHH000400: Using dialect: org.hibernate.dialect.PostgreSQLDialect
2023-01-02 09:16:31,587 INFO org.hibernate.engine.transaction.jta.platform.internal.JtaPlatformInitiator [restartedMain] HHH000490: Using JtaPlatform implementation: [org.hibernate.engine.transaction.jta.platform.internal.NoJtaPlatform]
2023-01-02 09:16:31,595 INFO org.springframework.orm.jpa.AbstractEntityManagerFactoryBean [restartedMain] Initialized JPA EntityManagerFactory for persistence unit 'default'
2023-01-02 09:16:31,977 WARN org.springframework.boot.autoconfigure.orm.jpa.JpaBaseConfiguration$JpaWebConfiguration [restartedMain] spring.jpa.open-in-view is enabled by default. Therefore, database queries may be performed during view rendering. Explicitly configure spring.jpa.open-in-view to disable this warning
2023-01-02 09:16:32,379 INFO org.springframework.security.web.DefaultSecurityFilterChain [restartedMain] Will secure any request with [org.springframework.security.web.context.request.async.WebAsyncManagerIntegrationFilter@3ae7db94, org.springframework.security.web.context.SecurityContextPersistenceFilter@4eafd0e1, org.springframework.security.web.header.HeaderWriterFilter@148cd498, org.springframework.web.filter.CorsFilter@317db571, org.springframework.security.web.authentication.logout.LogoutFilter@3a67b1e7, org.springframework.security.web.authentication.UsernamePasswordAuthenticationFilter@49557dd0, org.springframework.security.web.savedrequest.RequestCacheAwareFilter@1be9de79, org.springframework.security.web.servletapi.SecurityContextHolderAwareRequestFilter@20978069, org.springframework.security.web.authentication.rememberme.RememberMeAuthenticationFilter@5aa3772, org.springframework.security.web.authentication.AnonymousAuthenticationFilter@54227f4, org.springframework.security.web.session.SessionManagementFilter@31e944b7, org.springframework.security.web.access.ExceptionTranslationFilter@14b9c657, org.springframework.security.web.access.intercept.FilterSecurityInterceptor@40666565]
2023-01-02 09:16:32,570 INFO org.springframework.ldap.core.support.AbstractContextSource [restartedMain] Property 'userDn' not set - anonymous context will be used for read-write operations
2023-01-02 09:16:32,638 WARN org.springframework.boot.devtools.autoconfigure.OptionalLiveReloadServer [restartedMain] Unable to start LiveReload server
2023-01-02 09:16:32,658 INFO org.apache.juli.logging.DirectJDKLog [restartedMain] Starting ProtocolHandler ["http-nio-8080"]
2023-01-02 09:16:32,662 WARN org.springframework.context.support.AbstractApplicationContext [restartedMain] Exception encountered during context initialization - cancelling refresh attempt: org.springframework.context.ApplicationContextException: Failed to start bean 'webServerStartStop'; nested exception is org.springframework.boot.web.server.WebServerException: Unable to start embedded Tomcat server
2023-01-02 09:16:32,666 INFO org.springframework.orm.jpa.AbstractEntityManagerFactoryBean [restartedMain] Closing JPA EntityManagerFactory for persistence unit 'default'
2023-01-02 09:16:32,669 INFO com.zaxxer.hikari.HikariDataSource [restartedMain] HikariPool-1 - Shutdown initiated...
2023-01-02 09:16:32,683 INFO com.zaxxer.hikari.HikariDataSource [restartedMain] HikariPool-1 - Shutdown completed.
2023-01-02 09:16:32,686 INFO org.apache.juli.logging.DirectJDKLog [restartedMain] Pausing ProtocolHandler ["http-nio-8080"]
2023-01-02 09:16:32,686 INFO org.apache.juli.logging.DirectJDKLog [restartedMain] Stopping service [Tomcat]
2023-01-02 09:16:32,689 INFO org.apache.juli.logging.DirectJDKLog [restartedMain] Stopping ProtocolHandler ["http-nio-8080"]
2023-01-02 09:16:32,690 INFO org.apache.juli.logging.DirectJDKLog [restartedMain] Destroying ProtocolHandler ["http-nio-8080"]
2023-01-02 09:16:32,698 INFO org.springframework.boot.autoconfigure.logging.ConditionEvaluationReportLoggingListener [restartedMain] 

Error starting ApplicationContext. To display the conditions report re-run your application with 'debug' enabled.
2023-01-02 09:16:32,716 ERROR org.springframework.boot.SpringApplication [restartedMain] Application run failed
org.springframework.context.ApplicationContextException: Failed to start bean 'webServerStartStop'; nested exception is org.springframework.boot.web.server.WebServerException: Unable to start embedded Tomcat server
	at org.springframework.context.support.DefaultLifecycleProcessor.doStart(DefaultLifecycleProcessor.java:181)
	at org.springframework.context.support.DefaultLifecycleProcessor.access$200(DefaultLifecycleProcessor.java:54)
	at org.springframework.context.support.DefaultLifecycleProcessor$LifecycleGroup.start(DefaultLifecycleProcessor.java:356)
	at java.base/java.lang.Iterable.forEach(Iterable.java:75)
	at org.springframework.context.support.DefaultLifecycleProcessor.startBeans(DefaultLifecycleProcessor.java:155)
	at org.springframework.context.support.DefaultLifecycleProcessor.onRefresh(DefaultLifecycleProcessor.java:123)
	at org.springframework.context.support.AbstractApplicationContext.finishRefresh(AbstractApplicationContext.java:935)
	at org.springframework.context.support.AbstractApplicationContext.refresh(AbstractApplicationContext.java:586)
	at org.springframework.boot.web.servlet.context.ServletWebServerApplicationContext.refresh(ServletWebServerApplicationContext.java:147)
	at org.springframework.boot.SpringApplication.refresh(SpringApplication.java:734)
	at org.springframework.boot.SpringApplication.refreshContext(SpringApplication.java:408)
	at org.springframework.boot.SpringApplication.run(SpringApplication.java:308)
	at org.springframework.boot.SpringApplication.run(SpringApplication.java:1306)
	at org.springframework.boot.SpringApplication.run(SpringApplication.java:1295)
	at br.edu.ifrs.ibiruba.ldapmanager.LdapManager.main(LdapManager.java:11)
	at java.base/jdk.internal.reflect.NativeMethodAccessorImpl.invoke0(Native Method)
	at java.base/jdk.internal.reflect.NativeMethodAccessorImpl.invoke(NativeMethodAccessorImpl.java:77)
	at java.base/jdk.internal.reflect.DelegatingMethodAccessorImpl.invoke(DelegatingMethodAccessorImpl.java:43)
	at java.base/java.lang.reflect.Method.invoke(Method.java:568)
	at org.springframework.boot.devtools.restart.RestartLauncher.run(RestartLauncher.java:49)
Caused by: org.springframework.boot.web.server.WebServerException: Unable to start embedded Tomcat server
	at org.springframework.boot.web.embedded.tomcat.TomcatWebServer.start(TomcatWebServer.java:229)
	at org.springframework.boot.web.servlet.context.WebServerStartStopLifecycle.start(WebServerStartStopLifecycle.java:43)
	at org.springframework.context.support.DefaultLifecycleProcessor.doStart(DefaultLifecycleProcessor.java:178)
	... 19 common frames omitted
Caused by: java.lang.IllegalArgumentException: standardService.connector.startFailed
	at org.apache.catalina.core.StandardService.addConnector(StandardService.java:238)
	at org.springframework.boot.web.embedded.tomcat.TomcatWebServer.addPreviouslyRemovedConnectors(TomcatWebServer.java:282)
	at org.springframework.boot.web.embedded.tomcat.TomcatWebServer.start(TomcatWebServer.java:213)
	... 21 common frames omitted
Caused by: org.apache.catalina.LifecycleException: Protocol handler start failed
	at org.apache.catalina.connector.Connector.startInternal(Connector.java:1077)
	at org.apache.catalina.util.LifecycleBase.start(LifecycleBase.java:183)
	at org.apache.catalina.core.StandardService.addConnector(StandardService.java:234)
	... 23 common frames omitted
Caused by: java.net.BindException: Endereço já em uso
	at java.base/sun.nio.ch.Net.bind0(Native Method)
	at java.base/sun.nio.ch.Net.bind(Net.java:555)
	at java.base/sun.nio.ch.ServerSocketChannelImpl.netBind(ServerSocketChannelImpl.java:337)
	at java.base/sun.nio.ch.ServerSocketChannelImpl.bind(ServerSocketChannelImpl.java:294)
	at org.apache.tomcat.util.net.NioEndpoint.initServerSocket(NioEndpoint.java:274)
	at org.apache.tomcat.util.net.NioEndpoint.bind(NioEndpoint.java:229)
	at org.apache.tomcat.util.net.AbstractEndpoint.bindWithCleanup(AbstractEndpoint.java:1227)
	at org.apache.tomcat.util.net.AbstractEndpoint.start(AbstractEndpoint.java:1313)
	at org.apache.coyote.AbstractProtocol.start(AbstractProtocol.java:614)
	at org.apache.catalina.connector.Connector.startInternal(Connector.java:1074)
	... 25 common frames omitted
2023-01-02 09:16:39,746 INFO org.springframework.boot.admin.SpringApplicationAdminMXBeanRegistrar$SpringApplicationAdmin [RMI TCP Connection(51)-127.0.0.1] Application shutdown requested.
2023-01-02 09:16:39,753 INFO org.springframework.orm.jpa.AbstractEntityManagerFactoryBean [RMI TCP Connection(51)-127.0.0.1] Closing JPA EntityManagerFactory for persistence unit 'default'
2023-01-02 09:16:39,757 INFO com.zaxxer.hikari.HikariDataSource [RMI TCP Connection(51)-127.0.0.1] HikariPool-8 - Shutdown initiated...
2023-01-02 09:16:39,767 INFO com.zaxxer.hikari.HikariDataSource [RMI TCP Connection(51)-127.0.0.1] HikariPool-8 - Shutdown completed.
2023-01-02 09:16:46,624 INFO org.springframework.boot.StartupInfoLogger [restartedMain] Starting LdapManager using Java 17.0.4.1 on TI58805 with PID 14426 (/home/gustavo/Documentos/workspace-spring-tool-suite-4-4.13.0.RELEASE/ldapmanager/target/classes started by gustavo in /home/gustavo/Documentos/workspace-spring-tool-suite-4-4.13.0.RELEASE/ldapmanager)
2023-01-02 09:16:46,626 INFO org.hibernate.validator.internal.util.Version [background-preinit] HV000001: Hibernate Validator 6.2.0.Final
2023-01-02 09:16:46,627 INFO org.springframework.boot.SpringApplication [restartedMain] No active profile set, falling back to 1 default profile: "default"
2023-01-02 09:16:46,686 INFO org.springframework.boot.logging.DeferredLog [restartedMain] The Class-Path manifest attribute in /home/gustavo/.m2/repository/javax/mail/mail/1.4/mail-1.4.jar referenced one or more files that do not exist: file:/home/gustavo/.m2/repository/javax/mail/mail/1.4/activation.jar
2023-01-02 09:16:46,686 INFO org.springframework.boot.logging.DeferredLog [restartedMain] Devtools property defaults active! Set 'spring.devtools.add-properties' to 'false' to disable
2023-01-02 09:16:46,686 INFO org.springframework.boot.logging.DeferredLog [restartedMain] For additional web related logging consider setting the 'logging.level.web' property to 'DEBUG'
2023-01-02 09:16:47,311 INFO org.springframework.data.repository.config.RepositoryConfigurationDelegate [restartedMain] Multiple Spring Data modules found, entering strict repository configuration mode
2023-01-02 09:16:47,313 INFO org.springframework.data.repository.config.RepositoryConfigurationDelegate [restartedMain] Bootstrapping Spring Data JPA repositories in DEFAULT mode.
2023-01-02 09:16:47,370 INFO org.springframework.data.repository.config.RepositoryConfigurationDelegate [restartedMain] Finished Spring Data repository scanning in 49 ms. Found 4 JPA repository interfaces.
2023-01-02 09:16:47,378 INFO org.springframework.data.repository.config.RepositoryConfigurationDelegate [restartedMain] Multiple Spring Data modules found, entering strict repository configuration mode
2023-01-02 09:16:47,379 INFO org.springframework.data.repository.config.RepositoryConfigurationDelegate [restartedMain] Bootstrapping Spring Data LDAP repositories in DEFAULT mode.
2023-01-02 09:16:47,385 INFO org.springframework.data.repository.config.RepositoryConfigurationExtensionSupport [restartedMain] Spring Data LDAP - Could not safely identify store assignment for repository candidate interface br.edu.ifrs.ibiruba.ldapmanager.repositories.AlunoCursoRepository; If you want this repository to be a LDAP repository, consider annotating your entities with one of these annotations: org.springframework.ldap.odm.annotations.Entry (preferred), or consider extending one of the following types with your repository: org.springframework.data.ldap.repository.LdapRepository
2023-01-02 09:16:47,385 INFO org.springframework.data.repository.config.RepositoryConfigurationExtensionSupport [restartedMain] Spring Data LDAP - Could not safely identify store assignment for repository candidate interface br.edu.ifrs.ibiruba.ldapmanager.repositories.AlunoRepository; If you want this repository to be a LDAP repository, consider annotating your entities with one of these annotations: org.springframework.ldap.odm.annotations.Entry (preferred), or consider extending one of the following types with your repository: org.springframework.data.ldap.repository.LdapRepository
2023-01-02 09:16:47,386 INFO org.springframework.data.repository.config.RepositoryConfigurationExtensionSupport [restartedMain] Spring Data LDAP - Could not safely identify store assignment for repository candidate interface br.edu.ifrs.ibiruba.ldapmanager.repositories.ServidorCargoRepository; If you want this repository to be a LDAP repository, consider annotating your entities with one of these annotations: org.springframework.ldap.odm.annotations.Entry (preferred), or consider extending one of the following types with your repository: org.springframework.data.ldap.repository.LdapRepository
2023-01-02 09:16:47,386 INFO org.springframework.data.repository.config.RepositoryConfigurationExtensionSupport [restartedMain] Spring Data LDAP - Could not safely identify store assignment for repository candidate interface br.edu.ifrs.ibiruba.ldapmanager.repositories.ServidorRepository; If you want this repository to be a LDAP repository, consider annotating your entities with one of these annotations: org.springframework.ldap.odm.annotations.Entry (preferred), or consider extending one of the following types with your repository: org.springframework.data.ldap.repository.LdapRepository
2023-01-02 09:16:47,387 INFO org.springframework.data.repository.config.RepositoryConfigurationDelegate [restartedMain] Finished Spring Data repository scanning in 7 ms. Found 0 LDAP repository interfaces.
2023-01-02 09:16:47,945 INFO org.springframework.boot.web.embedded.tomcat.TomcatWebServer [restartedMain] Tomcat initialized with port(s): 8080 (http)
2023-01-02 09:16:47,953 INFO org.apache.juli.logging.DirectJDKLog [restartedMain] Initializing ProtocolHandler ["http-nio-8080"]
2023-01-02 09:16:47,954 INFO org.apache.juli.logging.DirectJDKLog [restartedMain] Starting service [Tomcat]
2023-01-02 09:16:47,954 INFO org.apache.juli.logging.DirectJDKLog [restartedMain] Starting Servlet engine: [Apache Tomcat/9.0.64]
2023-01-02 09:16:48,021 INFO org.apache.juli.logging.DirectJDKLog [restartedMain] Initializing Spring embedded WebApplicationContext
2023-01-02 09:16:48,021 INFO org.springframework.boot.web.servlet.context.ServletWebServerApplicationContext [restartedMain] Root WebApplicationContext: initialization completed in 1334 ms
2023-01-02 09:16:48,146 INFO org.hibernate.jpa.internal.util.LogHelper [restartedMain] HHH000204: Processing PersistenceUnitInfo [name: default]
2023-01-02 09:16:48,183 INFO org.hibernate.Version [restartedMain] HHH000412: Hibernate ORM core version 5.6.9.Final
2023-01-02 09:16:48,294 INFO org.hibernate.annotations.common.reflection.java.JavaReflectionManager [restartedMain] HCANN000001: Hibernate Commons Annotations {5.1.2.Final}
2023-01-02 09:16:48,377 INFO com.zaxxer.hikari.HikariDataSource [restartedMain] HikariPool-1 - Starting...
2023-01-02 09:16:48,596 INFO com.zaxxer.hikari.HikariDataSource [restartedMain] HikariPool-1 - Start completed.
2023-01-02 09:16:48,609 INFO org.hibernate.dialect.Dialect [restartedMain] HHH000400: Using dialect: org.hibernate.dialect.PostgreSQLDialect
2023-01-02 09:16:49,205 INFO org.hibernate.engine.transaction.jta.platform.internal.JtaPlatformInitiator [restartedMain] HHH000490: Using JtaPlatform implementation: [org.hibernate.engine.transaction.jta.platform.internal.NoJtaPlatform]
2023-01-02 09:16:49,212 INFO org.springframework.orm.jpa.AbstractEntityManagerFactoryBean [restartedMain] Initialized JPA EntityManagerFactory for persistence unit 'default'
2023-01-02 09:16:49,600 WARN org.springframework.boot.autoconfigure.orm.jpa.JpaBaseConfiguration$JpaWebConfiguration [restartedMain] spring.jpa.open-in-view is enabled by default. Therefore, database queries may be performed during view rendering. Explicitly configure spring.jpa.open-in-view to disable this warning
2023-01-02 09:16:49,995 INFO org.springframework.security.web.DefaultSecurityFilterChain [restartedMain] Will secure any request with [org.springframework.security.web.context.request.async.WebAsyncManagerIntegrationFilter@59d83a80, org.springframework.security.web.context.SecurityContextPersistenceFilter@14502a9a, org.springframework.security.web.header.HeaderWriterFilter@6c722429, org.springframework.web.filter.CorsFilter@72d4f774, org.springframework.security.web.authentication.logout.LogoutFilter@5c5f0df2, org.springframework.security.web.authentication.UsernamePasswordAuthenticationFilter@1c055879, org.springframework.security.web.savedrequest.RequestCacheAwareFilter@6a1d30f3, org.springframework.security.web.servletapi.SecurityContextHolderAwareRequestFilter@41d21fac, org.springframework.security.web.authentication.rememberme.RememberMeAuthenticationFilter@66a0624d, org.springframework.security.web.authentication.AnonymousAuthenticationFilter@6c5cfc72, org.springframework.security.web.session.SessionManagementFilter@75765aff, org.springframework.security.web.access.ExceptionTranslationFilter@263fb410, org.springframework.security.web.access.intercept.FilterSecurityInterceptor@4ed6dfdf]
2023-01-02 09:16:50,183 INFO org.springframework.ldap.core.support.AbstractContextSource [restartedMain] Property 'userDn' not set - anonymous context will be used for read-write operations
2023-01-02 09:16:50,256 INFO org.springframework.boot.devtools.autoconfigure.OptionalLiveReloadServer [restartedMain] LiveReload server is running on port 35729
2023-01-02 09:16:50,279 INFO org.apache.juli.logging.DirectJDKLog [restartedMain] Starting ProtocolHandler ["http-nio-8080"]
2023-01-02 09:16:50,294 INFO org.springframework.boot.web.embedded.tomcat.TomcatWebServer [restartedMain] Tomcat started on port(s): 8080 (http) with context path ''
2023-01-02 09:16:50,305 INFO org.springframework.boot.StartupInfoLogger [restartedMain] Started LdapManager in 3.969 seconds (JVM running for 4.722)
2023-01-02 09:16:57,951 INFO org.apache.juli.logging.DirectJDKLog [http-nio-8080-exec-1] Initializing Spring DispatcherServlet 'dispatcherServlet'
2023-01-02 09:16:57,952 INFO org.springframework.web.servlet.FrameworkServlet [http-nio-8080-exec-1] Initializing Servlet 'dispatcherServlet'
2023-01-02 09:16:57,953 INFO org.springframework.web.servlet.FrameworkServlet [http-nio-8080-exec-1] Completed initialization in 1 ms
2023-01-02 09:21:14,452 INFO br.edu.ifrs.ibiruba.ldapmanager.controllers.viewControllers.AlterPasswordViewController [http-nio-8080-exec-10] método change password executado com sucesso
2023-01-02 10:27:43,017 INFO org.springframework.boot.admin.SpringApplicationAdminMXBeanRegistrar$SpringApplicationAdmin [RMI TCP Connection(74)-127.0.0.1] Application shutdown requested.
2023-01-02 10:27:43,030 INFO org.springframework.orm.jpa.AbstractEntityManagerFactoryBean [RMI TCP Connection(74)-127.0.0.1] Closing JPA EntityManagerFactory for persistence unit 'default'
2023-01-02 10:27:43,033 INFO com.zaxxer.hikari.HikariDataSource [RMI TCP Connection(74)-127.0.0.1] HikariPool-1 - Shutdown initiated...
2023-01-02 10:27:43,043 INFO com.zaxxer.hikari.HikariDataSource [RMI TCP Connection(74)-127.0.0.1] HikariPool-1 - Shutdown completed.
